Initialized native services in: /home/inigo/.gradle/native
Connected to daemon DaemonInfo{pid=17332, address=[ee63ccf4-df5a-4fa6-8859-345b277f9360 port:33978, addresses:[/0:0:0:0:0:0:0:1, /127.0.0.1]], state=Idle, lastBusy=1492626313308, context=DefaultDaemonContext[uid=a5f5400a-b68a-4be2-9175-21c71e846363,javaHome=/usr/lib/jvm/java-8-oracle,daemonRegistryDir=/home/inigo/.gradle/daemon,pid=17332,idleTimeout=10800000,daemonOpts=-XX:MaxPermSize=256m,-XX:+HeapDumpOnOutOfMemoryError,-Xmx1024m,-Dfile.encoding=UTF-8,-Duser.country=ES,-Duser.language=es,-Duser.variant]}. Dispatching request Build{id=b0997cdb-d579-4c6a-907f-fd091c8bac35.1, currentDir=/home/inigo/Documentos/LIS/smartCampUZ}.
Received result org.gradle.launcher.daemon.protocol.BuildStarted@5a37d3ed from daemon DaemonInfo{pid=17332, address=[ee63ccf4-df5a-4fa6-8859-345b277f9360 port:33978, addresses:[/0:0:0:0:0:0:0:1, /127.0.0.1]], state=Idle, lastBusy=1492626313308, context=DefaultDaemonContext[uid=a5f5400a-b68a-4be2-9175-21c71e846363,javaHome=/usr/lib/jvm/java-8-oracle,daemonRegistryDir=/home/inigo/.gradle/daemon,pid=17332,idleTimeout=10800000,daemonOpts=-XX:MaxPermSize=256m,-XX:+HeapDumpOnOutOfMemoryError,-Xmx1024m,-Dfile.encoding=UTF-8,-Duser.country=ES,-Duser.language=es,-Duser.variant]} (build should be starting).
The client will now receive all logging from the daemon (pid: 17332). The daemon log file: /home/inigo/.gradle/daemon/3.1/daemon-17332.out.log
Starting 16th build in daemon [uptime: 51 mins 43.584 secs, performance: 99%, no major garbage collections]
Executing build with daemon context: DefaultDaemonContext[uid=a5f5400a-b68a-4be2-9175-21c71e846363,javaHome=/usr/lib/jvm/java-8-oracle,daemonRegistryDir=/home/inigo/.gradle/daemon,pid=17332,idleTimeout=10800000,daemonOpts=-XX:MaxPermSize=256m,-XX:+HeapDumpOnOutOfMemoryError,-Xmx1024m,-Dfile.encoding=UTF-8,-Duser.country=ES,-Duser.language=es,-Duser.variant]
Starting Build
Settings evaluated using settings file '/master/settings.gradle'.
Projects loaded. Root project using build file '/home/inigo/Documentos/LIS/smartCampUZ/build.gradle'.
Included projects: [root project 'smartCampUZ']
Evaluating root project 'smartCampUZ' using build file '/home/inigo/Documentos/LIS/smartCampUZ/build.gradle'.
Applying dependency management to configuration 'archives' in project 'smartCampUZ'
Applying dependency management to configuration 'compile' in project 'smartCampUZ'
Applying dependency management to configuration 'compileClasspath' in project 'smartCampUZ'
Applying dependency management to configuration 'compileOnly' in project 'smartCampUZ'
Applying dependency management to configuration 'default' in project 'smartCampUZ'
Applying dependency management to configuration 'runtime' in project 'smartCampUZ'
Applying dependency management to configuration 'testCompile' in project 'smartCampUZ'
Applying dependency management to configuration 'testCompileClasspath' in project 'smartCampUZ'
Applying dependency management to configuration 'testCompileOnly' in project 'smartCampUZ'
Applying dependency management to configuration 'testRuntime' in project 'smartCampUZ'
Applying dependency management to configuration 'jacocoAgent' in project 'smartCampUZ'
Applying dependency management to configuration 'jacocoAnt' in project 'smartCampUZ'
Configuring agent
All projects evaluated.
Selected primary task 'check' from project :
Tasks to be executed: [task ':compileJava', task ':processResources', task ':classes', task ':compileTestJava', task ':processTestResources', task ':testClasses', task ':test', task ':jacocoTestReport', task ':check']
In-memory cache of /home/inigo/Documentos/LIS/smartCampUZ/.gradle/3.1/taskArtifacts/fileHashes.bin: Size{435}, CacheStats{hitCount=11025, missCount=435, loadSuccessCount=0, loadExceptionCount=0, totalLoadTime=0, evictionCount=0}
In-memory cache of /home/inigo/Documentos/LIS/smartCampUZ/.gradle/3.1/taskArtifacts/fileSnapshots.bin: Size{123}, CacheStats{hitCount=0, missCount=19, loadSuccessCount=0, loadExceptionCount=0, totalLoadTime=0, evictionCount=0}
In-memory cache of /home/inigo/Documentos/LIS/smartCampUZ/.gradle/3.1/taskArtifacts/taskArtifacts.bin: Size{5}, CacheStats{hitCount=46, missCount=5, loadSuccessCount=0, loadExceptionCount=0, totalLoadTime=0, evictionCount=0}
:compileJava (Thread[Daemon worker Thread 12,5,main]) started.
:compileJava
Resolving dependency management for configuration 'compileClasspath' of project 'smartCampUZ'
Resolving dependency management for configuration 'compileOnly' of project 'smartCampUZ'
Resolving dependency management for configuration 'compile' of project 'smartCampUZ'
Resolving global dependency management for project 'smartCampUZ'
Using version '1.5.1.RELEASE' for dependency 'org.springframework.boot:spring-boot-starter-web:'
Using version '1.5.1.RELEASE' for dependency 'org.springframework.boot:spring-boot-starter-data-jpa:'
Using version '1.5.1.RELEASE' for dependency 'org.springframework.boot:spring-boot-starter-security:'
Using version '1.5.1.RELEASE' for dependency 'org.springframework.boot:spring-boot-devtools:'
Using version '9.4-1206-jdbc4' for dependency 'org.postgresql:postgresql:9.4-1206-jdbc4'
Using version '0.6.0' for dependency 'io.jsonwebtoken:jjwt:0.6.0'
Using version '2.4' for dependency 'net.sf.json-lib:json-lib:2.4'
Using version '1.5.1.RELEASE' for dependency 'org.springframework.boot:spring-boot-starter:1.5.1.RELEASE'
Using version '1.5.1.RELEASE' for dependency 'org.springframework.boot:spring-boot-starter-tomcat:1.5.1.RELEASE'
Using version '5.3.4.Final' for dependency 'org.hibernate:hibernate-validator:5.3.4.Final'
Using version '2.8.6' for dependency 'com.fasterxml.jackson.core:jackson-databind:2.8.6'
Using version '4.3.6.RELEASE' for dependency 'org.springframework:spring-web:4.3.6.RELEASE'
Using version '4.3.6.RELEASE' for dependency 'org.springframework:spring-webmvc:4.3.6.RELEASE'
Using version '1.5.1.RELEASE' for dependency 'org.springframework.boot:spring-boot-starter-aop:1.5.1.RELEASE'
Using version '1.5.1.RELEASE' for dependency 'org.springframework.boot:spring-boot-starter-jdbc:1.5.1.RELEASE'
Using version '5.0.11.Final' for dependency 'org.hibernate:hibernate-core:5.0.11.Final'
Using version '5.0.11.Final' for dependency 'org.hibernate:hibernate-entitymanager:5.0.11.Final'
Using version '1.2' for dependency 'javax.transaction:javax.transaction-api:1.2'
Using version '1.11.0.RELEASE' for dependency 'org.springframework.data:spring-data-jpa:1.11.0.RELEASE'
Using version '4.3.6.RELEASE' for dependency 'org.springframework:spring-aspects:4.3.6.RELEASE'
Using version '4.3.6.RELEASE' for dependency 'org.springframework:spring-aop:4.3.6.RELEASE'
Using version '4.2.1.RELEASE' for dependency 'org.springframework.security:spring-security-config:4.2.1.RELEASE'
Using version '4.2.1.RELEASE' for dependency 'org.springframework.security:spring-security-web:4.2.1.RELEASE'
Using version '1.5.1.RELEASE' for dependency 'org.springframework.boot:spring-boot:1.5.1.RELEASE'
Using version '1.5.1.RELEASE' for dependency 'org.springframework.boot:spring-boot-autoconfigure:1.5.1.RELEASE'
Using version '2.8.6' for dependency 'com.fasterxml.jackson.core:jackson-databind:2.4.2'
Using version '1.9.3' for dependency 'commons-beanutils:commons-beanutils:1.8.0'
Using version '3.2.2' for dependency 'commons-collections:commons-collections:3.2.1'
Using version '1.5.1.RELEASE' for dependency 'org.springframework.boot:spring-boot-starter-logging:1.5.1.RELEASE'
Using version '4.3.6.RELEASE' for dependency 'org.springframework:spring-core:4.3.6.RELEASE'
Using version '1.17' for dependency 'org.yaml:snakeyaml:1.17'
Using version '8.5.11' for dependency 'org.apache.tomcat.embed:tomcat-embed-core:8.5.11'
Using version '8.5.11' for dependency 'org.apache.tomcat.embed:tomcat-embed-el:8.5.11'
Using version '8.5.11' for dependency 'org.apache.tomcat.embed:tomcat-embed-websocket:8.5.11'
Using version '1.1.0.Final' for dependency 'javax.validation:validation-api:1.1.0.Final'
Using version '3.3.0.Final' for dependency 'org.jboss.logging:jboss-logging:3.3.0.Final'
Using version '1.3.3' for dependency 'com.fasterxml:classmate:1.3.1'
Using version '2.8.0' for dependency 'com.fasterxml.jackson.core:jackson-annotations:2.8.0'
Using version '2.8.6' for dependency 'com.fasterxml.jackson.core:jackson-core:2.8.6'
Using version '4.3.6.RELEASE' for dependency 'org.springframework:spring-beans:4.3.6.RELEASE'
Using version '4.3.6.RELEASE' for dependency 'org.springframework:spring-context:4.3.6.RELEASE'
Using version '4.3.6.RELEASE' for dependency 'org.springframework:spring-expression:4.3.6.RELEASE'
Using version '1.8.9' for dependency 'org.aspectj:aspectjweaver:1.8.9'
Using version '8.5.11' for dependency 'org.apache.tomcat:tomcat-jdbc:8.5.11'
Using version '4.3.6.RELEASE' for dependency 'org.springframework:spring-jdbc:4.3.6.RELEASE'
Using version '3.21.0-GA' for dependency 'org.javassist:javassist:3.18.1-GA'
Using version '2.7.7' for dependency 'antlr:antlr:2.7.7'
Using version '1.6.1' for dependency 'dom4j:dom4j:1.6.1'
Using version '1.13.0.RELEASE' for dependency 'org.springframework.data:spring-data-commons:1.13.0.RELEASE'
Using version '4.3.6.RELEASE' for dependency 'org.springframework:spring-orm:4.3.6.RELEASE'
Using version '4.3.6.RELEASE' for dependency 'org.springframework:spring-tx:4.3.6.RELEASE'
Using version '1.7.22' for dependency 'org.slf4j:slf4j-api:1.7.22'
Using version '1.7.22' for dependency 'org.slf4j:jcl-over-slf4j:1.7.22'
Using version '4.2.1.RELEASE' for dependency 'org.springframework.security:spring-security-core:4.2.1.RELEASE'
Using version '4.3.6.RELEASE' for dependency 'org.springframework:spring-aop:4.3.5.RELEASE'
Using version '4.3.6.RELEASE' for dependency 'org.springframework:spring-beans:4.3.5.RELEASE'
Using version '4.3.6.RELEASE' for dependency 'org.springframework:spring-context:4.3.5.RELEASE'
Using version '4.3.6.RELEASE' for dependency 'org.springframework:spring-core:4.3.5.RELEASE'
Using version '4.3.6.RELEASE' for dependency 'org.springframework:spring-expression:4.3.5.RELEASE'
Using version '4.3.6.RELEASE' for dependency 'org.springframework:spring-web:4.3.5.RELEASE'
Using version '3.2.2' for dependency 'commons-collections:commons-collections:3.2.2'
Using version '1.1.9' for dependency 'ch.qos.logback:logback-classic:1.1.9'
Using version '1.7.22' for dependency 'org.slf4j:jul-to-slf4j:1.7.22'
Using version '1.7.22' for dependency 'org.slf4j:log4j-over-slf4j:1.7.22'
Using version '1.4.01' for dependency 'xml-apis:xml-apis:1.0.b2'
Using version '1.1.9' for dependency 'ch.qos.logback:logback-core:1.1.9'
Excluding [xml-apis:xml-apis]
Using version '1.5.1.RELEASE' for dependency 'org.springframework.boot:spring-boot-starter-web:'
Using version '1.5.1.RELEASE' for dependency 'org.springframework.boot:spring-boot-starter-data-jpa:'
Using version '1.5.1.RELEASE' for dependency 'org.springframework.boot:spring-boot-starter-security:'
Using version '1.5.1.RELEASE' for dependency 'org.springframework.boot:spring-boot-devtools:'
Using version '9.4-1206-jdbc4' for dependency 'org.postgresql:postgresql:9.4-1206-jdbc4'
Using version '0.6.0' for dependency 'io.jsonwebtoken:jjwt:0.6.0'
Using version '2.4' for dependency 'net.sf.json-lib:json-lib:2.4'
Using version '1.5.1.RELEASE' for dependency 'org.springframework.boot:spring-boot-starter:1.5.1.RELEASE'
Using version '1.5.1.RELEASE' for dependency 'org.springframework.boot:spring-boot-starter-tomcat:1.5.1.RELEASE'
Using version '5.3.4.Final' for dependency 'org.hibernate:hibernate-validator:5.3.4.Final'
Using version '2.8.6' for dependency 'com.fasterxml.jackson.core:jackson-databind:2.8.6'
Using version '4.3.6.RELEASE' for dependency 'org.springframework:spring-web:4.3.6.RELEASE'
Using version '4.3.6.RELEASE' for dependency 'org.springframework:spring-webmvc:4.3.6.RELEASE'
Using version '1.5.1.RELEASE' for dependency 'org.springframework.boot:spring-boot-starter-aop:1.5.1.RELEASE'
Using version '1.5.1.RELEASE' for dependency 'org.springframework.boot:spring-boot-starter-jdbc:1.5.1.RELEASE'
Using version '5.0.11.Final' for dependency 'org.hibernate:hibernate-core:5.0.11.Final'
Using version '5.0.11.Final' for dependency 'org.hibernate:hibernate-entitymanager:5.0.11.Final'
Using version '1.2' for dependency 'javax.transaction:javax.transaction-api:1.2'
Using version '1.11.0.RELEASE' for dependency 'org.springframework.data:spring-data-jpa:1.11.0.RELEASE'
Using version '4.3.6.RELEASE' for dependency 'org.springframework:spring-aspects:4.3.6.RELEASE'
Using version '4.3.6.RELEASE' for dependency 'org.springframework:spring-aop:4.3.6.RELEASE'
Using version '4.2.1.RELEASE' for dependency 'org.springframework.security:spring-security-config:4.2.1.RELEASE'
Using version '4.2.1.RELEASE' for dependency 'org.springframework.security:spring-security-web:4.2.1.RELEASE'
Using version '1.5.1.RELEASE' for dependency 'org.springframework.boot:spring-boot:1.5.1.RELEASE'
Using version '1.5.1.RELEASE' for dependency 'org.springframework.boot:spring-boot-autoconfigure:1.5.1.RELEASE'
Using version '2.8.6' for dependency 'com.fasterxml.jackson.core:jackson-databind:2.4.2'
Using version '1.9.3' for dependency 'commons-beanutils:commons-beanutils:1.8.0'
Using version '3.2.2' for dependency 'commons-collections:commons-collections:3.2.1'
Using version '1.5.1.RELEASE' for dependency 'org.springframework.boot:spring-boot-starter-logging:1.5.1.RELEASE'
Using version '4.3.6.RELEASE' for dependency 'org.springframework:spring-core:4.3.6.RELEASE'
Using version '1.17' for dependency 'org.yaml:snakeyaml:1.17'
Using version '8.5.11' for dependency 'org.apache.tomcat.embed:tomcat-embed-core:8.5.11'
Using version '8.5.11' for dependency 'org.apache.tomcat.embed:tomcat-embed-el:8.5.11'
Using version '8.5.11' for dependency 'org.apache.tomcat.embed:tomcat-embed-websocket:8.5.11'
Using version '1.1.0.Final' for dependency 'javax.validation:validation-api:1.1.0.Final'
Using version '3.3.0.Final' for dependency 'org.jboss.logging:jboss-logging:3.3.0.Final'
Using version '1.3.3' for dependency 'com.fasterxml:classmate:1.3.1'
Using version '2.8.0' for dependency 'com.fasterxml.jackson.core:jackson-annotations:2.8.0'
Using version '2.8.6' for dependency 'com.fasterxml.jackson.core:jackson-core:2.8.6'
Using version '4.3.6.RELEASE' for dependency 'org.springframework:spring-beans:4.3.6.RELEASE'
Using version '4.3.6.RELEASE' for dependency 'org.springframework:spring-context:4.3.6.RELEASE'
Using version '4.3.6.RELEASE' for dependency 'org.springframework:spring-expression:4.3.6.RELEASE'
Using version '1.8.9' for dependency 'org.aspectj:aspectjweaver:1.8.9'
Using version '8.5.11' for dependency 'org.apache.tomcat:tomcat-jdbc:8.5.11'
Using version '4.3.6.RELEASE' for dependency 'org.springframework:spring-jdbc:4.3.6.RELEASE'
Using version '3.21.0-GA' for dependency 'org.javassist:javassist:3.18.1-GA'
Using version '2.7.7' for dependency 'antlr:antlr:2.7.7'
Using version '1.6.1' for dependency 'dom4j:dom4j:1.6.1'
Using version '1.13.0.RELEASE' for dependency 'org.springframework.data:spring-data-commons:1.13.0.RELEASE'
Using version '4.3.6.RELEASE' for dependency 'org.springframework:spring-orm:4.3.6.RELEASE'
Using version '4.3.6.RELEASE' for dependency 'org.springframework:spring-tx:4.3.6.RELEASE'
Using version '1.7.22' for dependency 'org.slf4j:slf4j-api:1.7.22'
Using version '1.7.22' for dependency 'org.slf4j:jcl-over-slf4j:1.7.22'
Using version '4.2.1.RELEASE' for dependency 'org.springframework.security:spring-security-core:4.2.1.RELEASE'
Using version '4.3.6.RELEASE' for dependency 'org.springframework:spring-aop:4.3.5.RELEASE'
Using version '4.3.6.RELEASE' for dependency 'org.springframework:spring-beans:4.3.5.RELEASE'
Using version '4.3.6.RELEASE' for dependency 'org.springframework:spring-context:4.3.5.RELEASE'
Using version '4.3.6.RELEASE' for dependency 'org.springframework:spring-core:4.3.5.RELEASE'
Using version '4.3.6.RELEASE' for dependency 'org.springframework:spring-expression:4.3.5.RELEASE'
Using version '4.3.6.RELEASE' for dependency 'org.springframework:spring-web:4.3.5.RELEASE'
Using version '3.2.2' for dependency 'commons-collections:commons-collections:3.2.2'
Using version '1.1.9' for dependency 'ch.qos.logback:logback-classic:1.1.9'
Using version '1.7.22' for dependency 'org.slf4j:jul-to-slf4j:1.7.22'
Using version '1.7.22' for dependency 'org.slf4j:log4j-over-slf4j:1.7.22'
Using version '1.1.9' for dependency 'ch.qos.logback:logback-core:1.1.9'
Skipping task ':compileJava' as it is up-to-date (took 0.233 secs).
:compileJava UP-TO-DATE
:compileJava (Thread[Daemon worker Thread 12,5,main]) completed. Took 0.234 secs.
:processResources (Thread[Daemon worker Thread 12,5,main]) started.
:processResources
Skipping task ':processResources' as it is up-to-date (took 0.005 secs).
:processResources UP-TO-DATE
:processResources (Thread[Daemon worker Thread 12,5,main]) completed. Took 0.005 secs.
:classes (Thread[Daemon worker Thread 12,5,main]) started.
:classes
Skipping task ':classes' as it has no actions.
:classes UP-TO-DATE
:classes (Thread[Daemon worker Thread 12,5,main]) completed. Took 0.0 secs.
:compileTestJava (Thread[Daemon worker Thread 12,5,main]) started.
:compileTestJava
Resolving dependency management for configuration 'testCompileClasspath' of project 'smartCampUZ'
Resolving dependency management for configuration 'testCompileOnly' of project 'smartCampUZ'
Resolving dependency management for configuration 'testCompile' of project 'smartCampUZ'
Using version '1.5.1.RELEASE' for dependency 'org.springframework.boot:spring-boot-starter-test:'
Using version '2.3.3' for dependency 'org.hsqldb:hsqldb:'
Using version '1.5.1.RELEASE' for dependency 'org.springframework.boot:spring-boot-starter-web:'
Using version '1.5.1.RELEASE' for dependency 'org.springframework.boot:spring-boot-starter-data-jpa:'
Using version '1.5.1.RELEASE' for dependency 'org.springframework.boot:spring-boot-starter-security:'
Using version '1.5.1.RELEASE' for dependency 'org.springframework.boot:spring-boot-devtools:'
Using version '9.4-1206-jdbc4' for dependency 'org.postgresql:postgresql:9.4-1206-jdbc4'
Using version '0.6.0' for dependency 'io.jsonwebtoken:jjwt:0.6.0'
Using version '2.4' for dependency 'net.sf.json-lib:json-lib:2.4'
Using version '1.5.1.RELEASE' for dependency 'org.springframework.boot:spring-boot-test:1.5.1.RELEASE'
Using version '1.5.1.RELEASE' for dependency 'org.springframework.boot:spring-boot-test-autoconfigure:1.5.1.RELEASE'
Using version '2.2.0' for dependency 'com.jayway.jsonpath:json-path:2.2.0'
Using version '4.12' for dependency 'junit:junit:4.12'
Using version '2.6.0' for dependency 'org.assertj:assertj-core:2.6.0'
Using version '1.10.19' for dependency 'org.mockito:mockito-core:1.10.19'
Using version '1.3' for dependency 'org.hamcrest:hamcrest-core:1.3'
Using version '1.3' for dependency 'org.hamcrest:hamcrest-library:1.3'
Using version '1.4.0' for dependency 'org.skyscreamer:jsonassert:1.4.0'
Using version '4.3.6.RELEASE' for dependency 'org.springframework:spring-core:4.3.6.RELEASE'
Using version '4.3.6.RELEASE' for dependency 'org.springframework:spring-test:4.3.6.RELEASE'
Using version '1.5.1.RELEASE' for dependency 'org.springframework.boot:spring-boot-starter:1.5.1.RELEASE'
Using version '1.5.1.RELEASE' for dependency 'org.springframework.boot:spring-boot-starter-tomcat:1.5.1.RELEASE'
Using version '5.3.4.Final' for dependency 'org.hibernate:hibernate-validator:5.3.4.Final'
Using version '2.8.6' for dependency 'com.fasterxml.jackson.core:jackson-databind:2.8.6'
Using version '4.3.6.RELEASE' for dependency 'org.springframework:spring-web:4.3.6.RELEASE'
Using version '4.3.6.RELEASE' for dependency 'org.springframework:spring-webmvc:4.3.6.RELEASE'
Using version '1.5.1.RELEASE' for dependency 'org.springframework.boot:spring-boot-starter-aop:1.5.1.RELEASE'
Using version '1.5.1.RELEASE' for dependency 'org.springframework.boot:spring-boot-starter-jdbc:1.5.1.RELEASE'
Using version '5.0.11.Final' for dependency 'org.hibernate:hibernate-core:5.0.11.Final'
Using version '5.0.11.Final' for dependency 'org.hibernate:hibernate-entitymanager:5.0.11.Final'
Using version '1.2' for dependency 'javax.transaction:javax.transaction-api:1.2'
Using version '1.11.0.RELEASE' for dependency 'org.springframework.data:spring-data-jpa:1.11.0.RELEASE'
Using version '4.3.6.RELEASE' for dependency 'org.springframework:spring-aspects:4.3.6.RELEASE'
Using version '4.3.6.RELEASE' for dependency 'org.springframework:spring-aop:4.3.6.RELEASE'
Using version '4.2.1.RELEASE' for dependency 'org.springframework.security:spring-security-config:4.2.1.RELEASE'
Using version '4.2.1.RELEASE' for dependency 'org.springframework.security:spring-security-web:4.2.1.RELEASE'
Using version '1.5.1.RELEASE' for dependency 'org.springframework.boot:spring-boot:1.5.1.RELEASE'
Using version '1.5.1.RELEASE' for dependency 'org.springframework.boot:spring-boot-autoconfigure:1.5.1.RELEASE'
Using version '2.8.6' for dependency 'com.fasterxml.jackson.core:jackson-databind:2.4.2'
Using version '1.9.3' for dependency 'commons-beanutils:commons-beanutils:1.8.0'
Using version '3.2.2' for dependency 'commons-collections:commons-collections:3.2.1'
Using version '1.7.22' for dependency 'org.slf4j:slf4j-api:1.7.16'
Using version '1.3' for dependency 'org.hamcrest:hamcrest-core:1.1'
Using version '1.5.1.RELEASE' for dependency 'org.springframework.boot:spring-boot-starter-logging:1.5.1.RELEASE'
Using version '1.17' for dependency 'org.yaml:snakeyaml:1.17'
Using version '8.5.11' for dependency 'org.apache.tomcat.embed:tomcat-embed-core:8.5.11'
Using version '8.5.11' for dependency 'org.apache.tomcat.embed:tomcat-embed-el:8.5.11'
Using version '8.5.11' for dependency 'org.apache.tomcat.embed:tomcat-embed-websocket:8.5.11'
Using version '1.1.0.Final' for dependency 'javax.validation:validation-api:1.1.0.Final'
Using version '3.3.0.Final' for dependency 'org.jboss.logging:jboss-logging:3.3.0.Final'
Using version '1.3.3' for dependency 'com.fasterxml:classmate:1.3.1'
Using version '2.8.0' for dependency 'com.fasterxml.jackson.core:jackson-annotations:2.8.0'
Using version '2.8.6' for dependency 'com.fasterxml.jackson.core:jackson-core:2.8.6'
Using version '4.3.6.RELEASE' for dependency 'org.springframework:spring-beans:4.3.6.RELEASE'
Using version '4.3.6.RELEASE' for dependency 'org.springframework:spring-context:4.3.6.RELEASE'
Using version '4.3.6.RELEASE' for dependency 'org.springframework:spring-expression:4.3.6.RELEASE'
Using version '1.8.9' for dependency 'org.aspectj:aspectjweaver:1.8.9'
Using version '8.5.11' for dependency 'org.apache.tomcat:tomcat-jdbc:8.5.11'
Using version '4.3.6.RELEASE' for dependency 'org.springframework:spring-jdbc:4.3.6.RELEASE'
Using version '3.21.0-GA' for dependency 'org.javassist:javassist:3.18.1-GA'
Using version '2.7.7' for dependency 'antlr:antlr:2.7.7'
Using version '1.6.1' for dependency 'dom4j:dom4j:1.6.1'
Using version '1.13.0.RELEASE' for dependency 'org.springframework.data:spring-data-commons:1.13.0.RELEASE'
Using version '4.3.6.RELEASE' for dependency 'org.springframework:spring-orm:4.3.6.RELEASE'
Using version '4.3.6.RELEASE' for dependency 'org.springframework:spring-tx:4.3.6.RELEASE'
Using version '1.7.22' for dependency 'org.slf4j:slf4j-api:1.7.22'
Using version '1.7.22' for dependency 'org.slf4j:jcl-over-slf4j:1.7.22'
Using version '4.2.1.RELEASE' for dependency 'org.springframework.security:spring-security-core:4.2.1.RELEASE'
Using version '4.3.6.RELEASE' for dependency 'org.springframework:spring-aop:4.3.5.RELEASE'
Using version '4.3.6.RELEASE' for dependency 'org.springframework:spring-beans:4.3.5.RELEASE'
Using version '4.3.6.RELEASE' for dependency 'org.springframework:spring-context:4.3.5.RELEASE'
Using version '4.3.6.RELEASE' for dependency 'org.springframework:spring-core:4.3.5.RELEASE'
Using version '4.3.6.RELEASE' for dependency 'org.springframework:spring-expression:4.3.5.RELEASE'
Using version '4.3.6.RELEASE' for dependency 'org.springframework:spring-web:4.3.5.RELEASE'
Using version '3.2.2' for dependency 'commons-collections:commons-collections:3.2.2'
Using version '1.1.9' for dependency 'ch.qos.logback:logback-classic:1.1.9'
Using version '1.7.22' for dependency 'org.slf4j:jul-to-slf4j:1.7.22'
Using version '1.7.22' for dependency 'org.slf4j:log4j-over-slf4j:1.7.22'
Using version '1.1.9' for dependency 'ch.qos.logback:logback-core:1.1.9'
Excluding []
Using version '1.5.1.RELEASE' for dependency 'org.springframework.boot:spring-boot-starter-web:'
Using version '1.5.1.RELEASE' for dependency 'org.springframework.boot:spring-boot-starter-data-jpa:'
Using version '1.5.1.RELEASE' for dependency 'org.springframework.boot:spring-boot-starter-security:'
Using version '1.5.1.RELEASE' for dependency 'org.springframework.boot:spring-boot-devtools:'
Using version '9.4-1206-jdbc4' for dependency 'org.postgresql:postgresql:9.4-1206-jdbc4'
Using version '0.6.0' for dependency 'io.jsonwebtoken:jjwt:0.6.0'
Using version '2.4' for dependency 'net.sf.json-lib:json-lib:2.4'
Using version '1.5.1.RELEASE' for dependency 'org.springframework.boot:spring-boot-starter-test:'
Using version '2.3.3' for dependency 'org.hsqldb:hsqldb:'
Using version '1.5.1.RELEASE' for dependency 'org.springframework.boot:spring-boot-starter:1.5.1.RELEASE'
Using version '1.5.1.RELEASE' for dependency 'org.springframework.boot:spring-boot-starter-tomcat:1.5.1.RELEASE'
Using version '5.3.4.Final' for dependency 'org.hibernate:hibernate-validator:5.3.4.Final'
Using version '2.8.6' for dependency 'com.fasterxml.jackson.core:jackson-databind:2.8.6'
Using version '4.3.6.RELEASE' for dependency 'org.springframework:spring-web:4.3.6.RELEASE'
Using version '4.3.6.RELEASE' for dependency 'org.springframework:spring-webmvc:4.3.6.RELEASE'
Using version '1.5.1.RELEASE' for dependency 'org.springframework.boot:spring-boot-starter-aop:1.5.1.RELEASE'
Using version '1.5.1.RELEASE' for dependency 'org.springframework.boot:spring-boot-starter-jdbc:1.5.1.RELEASE'
Using version '5.0.11.Final' for dependency 'org.hibernate:hibernate-core:5.0.11.Final'
Using version '5.0.11.Final' for dependency 'org.hibernate:hibernate-entitymanager:5.0.11.Final'
Using version '1.2' for dependency 'javax.transaction:javax.transaction-api:1.2'
Using version '1.11.0.RELEASE' for dependency 'org.springframework.data:spring-data-jpa:1.11.0.RELEASE'
Using version '4.3.6.RELEASE' for dependency 'org.springframework:spring-aspects:4.3.6.RELEASE'
Using version '4.3.6.RELEASE' for dependency 'org.springframework:spring-aop:4.3.6.RELEASE'
Using version '4.2.1.RELEASE' for dependency 'org.springframework.security:spring-security-config:4.2.1.RELEASE'
Using version '4.2.1.RELEASE' for dependency 'org.springframework.security:spring-security-web:4.2.1.RELEASE'
Using version '1.5.1.RELEASE' for dependency 'org.springframework.boot:spring-boot:1.5.1.RELEASE'
Using version '1.5.1.RELEASE' for dependency 'org.springframework.boot:spring-boot-autoconfigure:1.5.1.RELEASE'
Using version '2.8.6' for dependency 'com.fasterxml.jackson.core:jackson-databind:2.4.2'
Using version '1.9.3' for dependency 'commons-beanutils:commons-beanutils:1.8.0'
Using version '3.2.2' for dependency 'commons-collections:commons-collections:3.2.1'
Using version '1.5.1.RELEASE' for dependency 'org.springframework.boot:spring-boot-test:1.5.1.RELEASE'
Using version '1.5.1.RELEASE' for dependency 'org.springframework.boot:spring-boot-test-autoconfigure:1.5.1.RELEASE'
Using version '2.2.0' for dependency 'com.jayway.jsonpath:json-path:2.2.0'
Using version '4.12' for dependency 'junit:junit:4.12'
Using version '2.6.0' for dependency 'org.assertj:assertj-core:2.6.0'
Using version '1.10.19' for dependency 'org.mockito:mockito-core:1.10.19'
Using version '1.3' for dependency 'org.hamcrest:hamcrest-core:1.3'
Using version '1.3' for dependency 'org.hamcrest:hamcrest-library:1.3'
Using version '1.4.0' for dependency 'org.skyscreamer:jsonassert:1.4.0'
Using version '4.3.6.RELEASE' for dependency 'org.springframework:spring-core:4.3.6.RELEASE'
Using version '4.3.6.RELEASE' for dependency 'org.springframework:spring-test:4.3.6.RELEASE'
Using version '1.5.1.RELEASE' for dependency 'org.springframework.boot:spring-boot-starter-logging:1.5.1.RELEASE'
Using version '1.17' for dependency 'org.yaml:snakeyaml:1.17'
Using version '8.5.11' for dependency 'org.apache.tomcat.embed:tomcat-embed-core:8.5.11'
Using version '8.5.11' for dependency 'org.apache.tomcat.embed:tomcat-embed-el:8.5.11'
Using version '8.5.11' for dependency 'org.apache.tomcat.embed:tomcat-embed-websocket:8.5.11'
Using version '1.1.0.Final' for dependency 'javax.validation:validation-api:1.1.0.Final'
Using version '3.3.0.Final' for dependency 'org.jboss.logging:jboss-logging:3.3.0.Final'
Using version '1.3.3' for dependency 'com.fasterxml:classmate:1.3.1'
Using version '2.8.0' for dependency 'com.fasterxml.jackson.core:jackson-annotations:2.8.0'
Using version '2.8.6' for dependency 'com.fasterxml.jackson.core:jackson-core:2.8.6'
Using version '4.3.6.RELEASE' for dependency 'org.springframework:spring-beans:4.3.6.RELEASE'
Using version '4.3.6.RELEASE' for dependency 'org.springframework:spring-context:4.3.6.RELEASE'
Using version '4.3.6.RELEASE' for dependency 'org.springframework:spring-expression:4.3.6.RELEASE'
Using version '1.8.9' for dependency 'org.aspectj:aspectjweaver:1.8.9'
Using version '8.5.11' for dependency 'org.apache.tomcat:tomcat-jdbc:8.5.11'
Using version '4.3.6.RELEASE' for dependency 'org.springframework:spring-jdbc:4.3.6.RELEASE'
Using version '3.21.0-GA' for dependency 'org.javassist:javassist:3.18.1-GA'
Using version '2.7.7' for dependency 'antlr:antlr:2.7.7'
Using version '1.6.1' for dependency 'dom4j:dom4j:1.6.1'
Using version '1.13.0.RELEASE' for dependency 'org.springframework.data:spring-data-commons:1.13.0.RELEASE'
Using version '4.3.6.RELEASE' for dependency 'org.springframework:spring-orm:4.3.6.RELEASE'
Using version '4.3.6.RELEASE' for dependency 'org.springframework:spring-tx:4.3.6.RELEASE'
Using version '1.7.22' for dependency 'org.slf4j:slf4j-api:1.7.22'
Using version '1.7.22' for dependency 'org.slf4j:jcl-over-slf4j:1.7.22'
Using version '4.2.1.RELEASE' for dependency 'org.springframework.security:spring-security-core:4.2.1.RELEASE'
Using version '4.3.6.RELEASE' for dependency 'org.springframework:spring-aop:4.3.5.RELEASE'
Using version '4.3.6.RELEASE' for dependency 'org.springframework:spring-beans:4.3.5.RELEASE'
Using version '4.3.6.RELEASE' for dependency 'org.springframework:spring-context:4.3.5.RELEASE'
Using version '4.3.6.RELEASE' for dependency 'org.springframework:spring-core:4.3.5.RELEASE'
Using version '4.3.6.RELEASE' for dependency 'org.springframework:spring-expression:4.3.5.RELEASE'
Using version '4.3.6.RELEASE' for dependency 'org.springframework:spring-web:4.3.5.RELEASE'
Using version '3.2.2' for dependency 'commons-collections:commons-collections:3.2.2'
Using version '1.7.22' for dependency 'org.slf4j:slf4j-api:1.7.16'
Using version '1.3' for dependency 'org.hamcrest:hamcrest-core:1.1'
Using version '1.1.9' for dependency 'ch.qos.logback:logback-classic:1.1.9'
Using version '1.7.22' for dependency 'org.slf4j:jul-to-slf4j:1.7.22'
Using version '1.7.22' for dependency 'org.slf4j:log4j-over-slf4j:1.7.22'
Using version '1.1.9' for dependency 'ch.qos.logback:logback-core:1.1.9'
Executing task ':compileTestJava' (up-to-date check took 0.078 secs) due to:
  Input property 'source' file /home/inigo/Documentos/LIS/smartCampUZ/src/test/java/es/unizar/smartcampuz/application/controller/AdminDashboardControllerTest.java has changed.
Compiling with JDK Java compiler API.
:compileTestJava (Thread[Daemon worker Thread 12,5,main]) completed. Took 0.173 secs.
:processTestResources (Thread[Daemon worker Thread 12,5,main]) started.
:processTestResources
file or directory '/home/inigo/Documentos/LIS/smartCampUZ/src/test/resources', not found
Skipping task ':processTestResources' as it has no source files.
:processTestResources UP-TO-DATE
:processTestResources (Thread[Daemon worker Thread 12,5,main]) completed. Took 0.0 secs.
:testClasses (Thread[Daemon worker Thread 12,5,main]) started.
:testClasses
Skipping task ':testClasses' as it has no actions.
:testClasses (Thread[Daemon worker Thread 12,5,main]) completed. Took 0.0 secs.
:test (Thread[Daemon worker Thread 12,5,main]) started.
:test
Resolving dependency management for configuration 'testRuntime' of project 'smartCampUZ'
Resolving dependency management for configuration 'runtime' of project 'smartCampUZ'
Using version '1.5.1.RELEASE' for dependency 'org.springframework.boot:spring-boot-starter-test:'
Using version '2.3.3' for dependency 'org.hsqldb:hsqldb:'
Using version '1.5.1.RELEASE' for dependency 'org.springframework.boot:spring-boot-starter-web:'
Using version '1.5.1.RELEASE' for dependency 'org.springframework.boot:spring-boot-starter-data-jpa:'
Using version '1.5.1.RELEASE' for dependency 'org.springframework.boot:spring-boot-starter-security:'
Using version '1.5.1.RELEASE' for dependency 'org.springframework.boot:spring-boot-devtools:'
Using version '9.4-1206-jdbc4' for dependency 'org.postgresql:postgresql:9.4-1206-jdbc4'
Using version '0.6.0' for dependency 'io.jsonwebtoken:jjwt:0.6.0'
Using version '2.4' for dependency 'net.sf.json-lib:json-lib:2.4'
Using version '1.5.1.RELEASE' for dependency 'org.springframework.boot:spring-boot-test:1.5.1.RELEASE'
Using version '1.5.1.RELEASE' for dependency 'org.springframework.boot:spring-boot-test-autoconfigure:1.5.1.RELEASE'
Using version '2.2.0' for dependency 'com.jayway.jsonpath:json-path:2.2.0'
Using version '4.12' for dependency 'junit:junit:4.12'
Using version '2.6.0' for dependency 'org.assertj:assertj-core:2.6.0'
Using version '1.10.19' for dependency 'org.mockito:mockito-core:1.10.19'
Using version '1.3' for dependency 'org.hamcrest:hamcrest-core:1.3'
Using version '1.3' for dependency 'org.hamcrest:hamcrest-library:1.3'
Using version '1.4.0' for dependency 'org.skyscreamer:jsonassert:1.4.0'
Using version '4.3.6.RELEASE' for dependency 'org.springframework:spring-core:4.3.6.RELEASE'
Using version '4.3.6.RELEASE' for dependency 'org.springframework:spring-test:4.3.6.RELEASE'
Using version '1.5.1.RELEASE' for dependency 'org.springframework.boot:spring-boot-starter:1.5.1.RELEASE'
Using version '1.5.1.RELEASE' for dependency 'org.springframework.boot:spring-boot-starter-tomcat:1.5.1.RELEASE'
Using version '5.3.4.Final' for dependency 'org.hibernate:hibernate-validator:5.3.4.Final'
Using version '2.8.6' for dependency 'com.fasterxml.jackson.core:jackson-databind:2.8.6'
Using version '4.3.6.RELEASE' for dependency 'org.springframework:spring-web:4.3.6.RELEASE'
Using version '4.3.6.RELEASE' for dependency 'org.springframework:spring-webmvc:4.3.6.RELEASE'
Using version '1.5.1.RELEASE' for dependency 'org.springframework.boot:spring-boot-starter-aop:1.5.1.RELEASE'
Using version '1.5.1.RELEASE' for dependency 'org.springframework.boot:spring-boot-starter-jdbc:1.5.1.RELEASE'
Using version '5.0.11.Final' for dependency 'org.hibernate:hibernate-core:5.0.11.Final'
Using version '5.0.11.Final' for dependency 'org.hibernate:hibernate-entitymanager:5.0.11.Final'
Using version '1.2' for dependency 'javax.transaction:javax.transaction-api:1.2'
Using version '1.11.0.RELEASE' for dependency 'org.springframework.data:spring-data-jpa:1.11.0.RELEASE'
Using version '4.3.6.RELEASE' for dependency 'org.springframework:spring-aspects:4.3.6.RELEASE'
Using version '4.3.6.RELEASE' for dependency 'org.springframework:spring-aop:4.3.6.RELEASE'
Using version '4.2.1.RELEASE' for dependency 'org.springframework.security:spring-security-config:4.2.1.RELEASE'
Using version '4.2.1.RELEASE' for dependency 'org.springframework.security:spring-security-web:4.2.1.RELEASE'
Using version '1.5.1.RELEASE' for dependency 'org.springframework.boot:spring-boot:1.5.1.RELEASE'
Using version '1.5.1.RELEASE' for dependency 'org.springframework.boot:spring-boot-autoconfigure:1.5.1.RELEASE'
Using version '2.8.6' for dependency 'com.fasterxml.jackson.core:jackson-databind:2.4.2'
Using version '1.9.3' for dependency 'commons-beanutils:commons-beanutils:1.8.0'
Using version '3.2.2' for dependency 'commons-collections:commons-collections:3.2.1'
Using version '1.7.22' for dependency 'org.slf4j:slf4j-api:1.7.16'
Using version '1.3' for dependency 'org.hamcrest:hamcrest-core:1.1'
Using version '1.5.1.RELEASE' for dependency 'org.springframework.boot:spring-boot-starter-logging:1.5.1.RELEASE'
Using version '1.17' for dependency 'org.yaml:snakeyaml:1.17'
Using version '8.5.11' for dependency 'org.apache.tomcat.embed:tomcat-embed-core:8.5.11'
Using version '8.5.11' for dependency 'org.apache.tomcat.embed:tomcat-embed-el:8.5.11'
Using version '8.5.11' for dependency 'org.apache.tomcat.embed:tomcat-embed-websocket:8.5.11'
Using version '1.1.0.Final' for dependency 'javax.validation:validation-api:1.1.0.Final'
Using version '3.3.0.Final' for dependency 'org.jboss.logging:jboss-logging:3.3.0.Final'
Using version '1.3.3' for dependency 'com.fasterxml:classmate:1.3.1'
Using version '2.8.0' for dependency 'com.fasterxml.jackson.core:jackson-annotations:2.8.0'
Using version '2.8.6' for dependency 'com.fasterxml.jackson.core:jackson-core:2.8.6'
Using version '4.3.6.RELEASE' for dependency 'org.springframework:spring-beans:4.3.6.RELEASE'
Using version '4.3.6.RELEASE' for dependency 'org.springframework:spring-context:4.3.6.RELEASE'
Using version '4.3.6.RELEASE' for dependency 'org.springframework:spring-expression:4.3.6.RELEASE'
Using version '1.8.9' for dependency 'org.aspectj:aspectjweaver:1.8.9'
Using version '8.5.11' for dependency 'org.apache.tomcat:tomcat-jdbc:8.5.11'
Using version '4.3.6.RELEASE' for dependency 'org.springframework:spring-jdbc:4.3.6.RELEASE'
Using version '3.21.0-GA' for dependency 'org.javassist:javassist:3.18.1-GA'
Using version '2.7.7' for dependency 'antlr:antlr:2.7.7'
Using version '1.6.1' for dependency 'dom4j:dom4j:1.6.1'
Using version '1.13.0.RELEASE' for dependency 'org.springframework.data:spring-data-commons:1.13.0.RELEASE'
Using version '4.3.6.RELEASE' for dependency 'org.springframework:spring-orm:4.3.6.RELEASE'
Using version '4.3.6.RELEASE' for dependency 'org.springframework:spring-tx:4.3.6.RELEASE'
Using version '1.7.22' for dependency 'org.slf4j:slf4j-api:1.7.22'
Using version '1.7.22' for dependency 'org.slf4j:jcl-over-slf4j:1.7.22'
Using version '4.2.1.RELEASE' for dependency 'org.springframework.security:spring-security-core:4.2.1.RELEASE'
Using version '4.3.6.RELEASE' for dependency 'org.springframework:spring-aop:4.3.5.RELEASE'
Using version '4.3.6.RELEASE' for dependency 'org.springframework:spring-beans:4.3.5.RELEASE'
Using version '4.3.6.RELEASE' for dependency 'org.springframework:spring-context:4.3.5.RELEASE'
Using version '4.3.6.RELEASE' for dependency 'org.springframework:spring-core:4.3.5.RELEASE'
Using version '4.3.6.RELEASE' for dependency 'org.springframework:spring-expression:4.3.5.RELEASE'
Using version '4.3.6.RELEASE' for dependency 'org.springframework:spring-web:4.3.5.RELEASE'
Using version '3.2.2' for dependency 'commons-collections:commons-collections:3.2.2'
Using version '1.1.9' for dependency 'ch.qos.logback:logback-classic:1.1.9'
Using version '1.7.22' for dependency 'org.slf4j:jul-to-slf4j:1.7.22'
Using version '1.7.22' for dependency 'org.slf4j:log4j-over-slf4j:1.7.22'
Using version '1.1.9' for dependency 'ch.qos.logback:logback-core:1.1.9'
Excluding []
Using version '1.5.1.RELEASE' for dependency 'org.springframework.boot:spring-boot-starter-web:'
Using version '1.5.1.RELEASE' for dependency 'org.springframework.boot:spring-boot-starter-data-jpa:'
Using version '1.5.1.RELEASE' for dependency 'org.springframework.boot:spring-boot-starter-security:'
Using version '1.5.1.RELEASE' for dependency 'org.springframework.boot:spring-boot-devtools:'
Using version '9.4-1206-jdbc4' for dependency 'org.postgresql:postgresql:9.4-1206-jdbc4'
Using version '0.6.0' for dependency 'io.jsonwebtoken:jjwt:0.6.0'
Using version '2.4' for dependency 'net.sf.json-lib:json-lib:2.4'
Using version '1.5.1.RELEASE' for dependency 'org.springframework.boot:spring-boot-starter-test:'
Using version '2.3.3' for dependency 'org.hsqldb:hsqldb:'
Using version '1.5.1.RELEASE' for dependency 'org.springframework.boot:spring-boot-starter:1.5.1.RELEASE'
Using version '1.5.1.RELEASE' for dependency 'org.springframework.boot:spring-boot-starter-tomcat:1.5.1.RELEASE'
Using version '5.3.4.Final' for dependency 'org.hibernate:hibernate-validator:5.3.4.Final'
Using version '2.8.6' for dependency 'com.fasterxml.jackson.core:jackson-databind:2.8.6'
Using version '4.3.6.RELEASE' for dependency 'org.springframework:spring-web:4.3.6.RELEASE'
Using version '4.3.6.RELEASE' for dependency 'org.springframework:spring-webmvc:4.3.6.RELEASE'
Using version '1.5.1.RELEASE' for dependency 'org.springframework.boot:spring-boot-starter-aop:1.5.1.RELEASE'
Using version '1.5.1.RELEASE' for dependency 'org.springframework.boot:spring-boot-starter-jdbc:1.5.1.RELEASE'
Using version '5.0.11.Final' for dependency 'org.hibernate:hibernate-core:5.0.11.Final'
Using version '5.0.11.Final' for dependency 'org.hibernate:hibernate-entitymanager:5.0.11.Final'
Using version '1.2' for dependency 'javax.transaction:javax.transaction-api:1.2'
Using version '1.11.0.RELEASE' for dependency 'org.springframework.data:spring-data-jpa:1.11.0.RELEASE'
Using version '4.3.6.RELEASE' for dependency 'org.springframework:spring-aspects:4.3.6.RELEASE'
Using version '4.3.6.RELEASE' for dependency 'org.springframework:spring-aop:4.3.6.RELEASE'
Using version '4.2.1.RELEASE' for dependency 'org.springframework.security:spring-security-config:4.2.1.RELEASE'
Using version '4.2.1.RELEASE' for dependency 'org.springframework.security:spring-security-web:4.2.1.RELEASE'
Using version '1.5.1.RELEASE' for dependency 'org.springframework.boot:spring-boot:1.5.1.RELEASE'
Using version '1.5.1.RELEASE' for dependency 'org.springframework.boot:spring-boot-autoconfigure:1.5.1.RELEASE'
Using version '2.8.6' for dependency 'com.fasterxml.jackson.core:jackson-databind:2.4.2'
Using version '1.9.3' for dependency 'commons-beanutils:commons-beanutils:1.8.0'
Using version '3.2.2' for dependency 'commons-collections:commons-collections:3.2.1'
Using version '1.5.1.RELEASE' for dependency 'org.springframework.boot:spring-boot-test:1.5.1.RELEASE'
Using version '1.5.1.RELEASE' for dependency 'org.springframework.boot:spring-boot-test-autoconfigure:1.5.1.RELEASE'
Using version '2.2.0' for dependency 'com.jayway.jsonpath:json-path:2.2.0'
Using version '4.12' for dependency 'junit:junit:4.12'
Using version '2.6.0' for dependency 'org.assertj:assertj-core:2.6.0'
Using version '1.10.19' for dependency 'org.mockito:mockito-core:1.10.19'
Using version '1.3' for dependency 'org.hamcrest:hamcrest-core:1.3'
Using version '1.3' for dependency 'org.hamcrest:hamcrest-library:1.3'
Using version '1.4.0' for dependency 'org.skyscreamer:jsonassert:1.4.0'
Using version '4.3.6.RELEASE' for dependency 'org.springframework:spring-core:4.3.6.RELEASE'
Using version '4.3.6.RELEASE' for dependency 'org.springframework:spring-test:4.3.6.RELEASE'
Using version '1.5.1.RELEASE' for dependency 'org.springframework.boot:spring-boot-starter-logging:1.5.1.RELEASE'
Using version '1.17' for dependency 'org.yaml:snakeyaml:1.17'
Using version '8.5.11' for dependency 'org.apache.tomcat.embed:tomcat-embed-core:8.5.11'
Using version '8.5.11' for dependency 'org.apache.tomcat.embed:tomcat-embed-el:8.5.11'
Using version '8.5.11' for dependency 'org.apache.tomcat.embed:tomcat-embed-websocket:8.5.11'
Using version '1.1.0.Final' for dependency 'javax.validation:validation-api:1.1.0.Final'
Using version '3.3.0.Final' for dependency 'org.jboss.logging:jboss-logging:3.3.0.Final'
Using version '1.3.3' for dependency 'com.fasterxml:classmate:1.3.1'
Using version '2.8.0' for dependency 'com.fasterxml.jackson.core:jackson-annotations:2.8.0'
Using version '2.8.6' for dependency 'com.fasterxml.jackson.core:jackson-core:2.8.6'
Using version '4.3.6.RELEASE' for dependency 'org.springframework:spring-beans:4.3.6.RELEASE'
Using version '4.3.6.RELEASE' for dependency 'org.springframework:spring-context:4.3.6.RELEASE'
Using version '4.3.6.RELEASE' for dependency 'org.springframework:spring-expression:4.3.6.RELEASE'
Using version '1.8.9' for dependency 'org.aspectj:aspectjweaver:1.8.9'
Using version '8.5.11' for dependency 'org.apache.tomcat:tomcat-jdbc:8.5.11'
Using version '4.3.6.RELEASE' for dependency 'org.springframework:spring-jdbc:4.3.6.RELEASE'
Using version '3.21.0-GA' for dependency 'org.javassist:javassist:3.18.1-GA'
Using version '2.7.7' for dependency 'antlr:antlr:2.7.7'
Using version '1.6.1' for dependency 'dom4j:dom4j:1.6.1'
Using version '1.13.0.RELEASE' for dependency 'org.springframework.data:spring-data-commons:1.13.0.RELEASE'
Using version '4.3.6.RELEASE' for dependency 'org.springframework:spring-orm:4.3.6.RELEASE'
Using version '4.3.6.RELEASE' for dependency 'org.springframework:spring-tx:4.3.6.RELEASE'
Using version '1.7.22' for dependency 'org.slf4j:slf4j-api:1.7.22'
Using version '1.7.22' for dependency 'org.slf4j:jcl-over-slf4j:1.7.22'
Using version '4.2.1.RELEASE' for dependency 'org.springframework.security:spring-security-core:4.2.1.RELEASE'
Using version '4.3.6.RELEASE' for dependency 'org.springframework:spring-aop:4.3.5.RELEASE'
Using version '4.3.6.RELEASE' for dependency 'org.springframework:spring-beans:4.3.5.RELEASE'
Using version '4.3.6.RELEASE' for dependency 'org.springframework:spring-context:4.3.5.RELEASE'
Using version '4.3.6.RELEASE' for dependency 'org.springframework:spring-core:4.3.5.RELEASE'
Using version '4.3.6.RELEASE' for dependency 'org.springframework:spring-expression:4.3.5.RELEASE'
Using version '4.3.6.RELEASE' for dependency 'org.springframework:spring-web:4.3.5.RELEASE'
Using version '3.2.2' for dependency 'commons-collections:commons-collections:3.2.2'
Using version '1.7.22' for dependency 'org.slf4j:slf4j-api:1.7.16'
Using version '1.3' for dependency 'org.hamcrest:hamcrest-core:1.1'
Using version '1.1.9' for dependency 'ch.qos.logback:logback-classic:1.1.9'
Using version '1.7.22' for dependency 'org.slf4j:jul-to-slf4j:1.7.22'
Using version '1.7.22' for dependency 'org.slf4j:log4j-over-slf4j:1.7.22'
Using version '1.1.9' for dependency 'ch.qos.logback:logback-core:1.1.9'
Executing task ':test' (up-to-date check took 0.027 secs) due to:
  Output property 'binResultsDir' file /home/inigo/Documentos/LIS/smartCampUZ/build/test-results/test/binary/output.bin has changed.
  Output property 'binResultsDir' file /home/inigo/Documentos/LIS/smartCampUZ/build/test-results/test/binary/output.bin.idx has changed.
  Output property 'binResultsDir' file /home/inigo/Documentos/LIS/smartCampUZ/build/test-results/test/binary/results.bin has changed.
Excluding []
Resolving dependency management for configuration 'jacocoAgent' of project 'smartCampUZ'
Starting process 'Gradle Test Executor 1'. Working directory: /home/inigo/Documentos/LIS/smartCampUZ Command: /usr/lib/jvm/java-8-oracle/bin/java -Djava.security.manager=worker.org.gradle.process.internal.worker.child.BootstrapSecurityManager -Dspring.profiles.active=test -javaagent:build/tmp/expandedArchives/org.jacoco.agent-0.7.7.201606060606.jar_6o9gvaso9gzo2qf3x3fe6j2mt/jacocoagent.jar=destfile=build/jacoco/test.exec,append=true,inclnolocationclasses=false,dumponexit=true,output=file,jmx=false -Dfile.encoding=UTF-8 -Duser.country=ES -Duser.language=es -Duser.variant -ea -cp /home/inigo/.gradle/caches/3.1/workerMain/gradle-worker.jar worker.org.gradle.process.internal.worker.GradleWorkerMain 'Gradle Test Executor 1'
Successfully started process 'Gradle Test Executor 1'
Initialized native services in: /home/inigo/.gradle/native
Gradle Test Executor 1 started executing tests.

es.unizar.smartcampuz.model.worker.WorkerRepositoryTest STANDARD_OUT
    20:34:03.527 [Test worker] DEBUG org.springframework.test.context.junit4.SpringJUnit4ClassRunner - SpringJUnit4ClassRunner constructor called with [class es.unizar.smartcampuz.model.worker.WorkerRepositoryTest]
    20:34:03.535 [Test worker] DEBUG org.springframework.test.context.BootstrapUtils - Instantiating CacheAwareContextLoaderDelegate from class [org.springframework.test.context.cache.DefaultCacheAwareContextLoaderDelegate]
    20:34:03.549 [Test worker] DEBUG org.springframework.test.context.BootstrapUtils - Instantiating BootstrapContext using constructor [public org.springframework.test.context.support.DefaultBootstrapContext(java.lang.Class,org.springframework.test.context.CacheAwareContextLoaderDelegate)]
    20:34:03.577 [Test worker] DEBUG org.springframework.test.context.BootstrapUtils - Instantiating TestContextBootstrapper for test class [es.unizar.smartcampuz.model.worker.WorkerRepositoryTest] from class [org.springframework.boot.test.context.SpringBootTestContextBootstrapper]
    20:34:03.596 [Test worker] INFO org.springframework.boot.test.context.SpringBootTestContextBootstrapper - Neither @ContextConfiguration nor @ContextHierarchy found for test class [es.unizar.smartcampuz.model.worker.WorkerRepositoryTest], using SpringBootContextLoader
    20:34:03.602 [Test worker] DEBUG org.springframework.test.context.support.AbstractContextLoader - Did not detect default resource location for test class [es.unizar.smartcampuz.model.worker.WorkerRepositoryTest]: class path resource [es/unizar/smartcampuz/model/worker/WorkerRepositoryTest-context.xml] does not exist
    20:34:03.602 [Test worker] DEBUG org.springframework.test.context.support.AbstractContextLoader - Did not detect default resource location for test class [es.unizar.smartcampuz.model.worker.WorkerRepositoryTest]: class path resource [es/unizar/smartcampuz/model/worker/WorkerRepositoryTestContext.groovy] does not exist
    20:34:03.603 [Test worker] INFO org.springframework.test.context.support.AbstractContextLoader - Could not detect default resource locations for test class [es.unizar.smartcampuz.model.worker.WorkerRepositoryTest]: no resource found for suffixes {-context.xml, Context.groovy}.
    20:34:03.604 [Test worker] INFO org.springframework.test.context.support.AnnotationConfigContextLoaderUtils - Could not detect default configuration classes for test class [es.unizar.smartcampuz.model.worker.WorkerRepositoryTest]: WorkerRepositoryTest does not declare any static, non-private, non-final, nested classes annotated with @Configuration.
    20:34:03.658 [Test worker] DEBUG org.springframework.test.context.support.ActiveProfilesUtils - Could not find an 'annotation declaring class' for annotation type [org.springframework.test.context.ActiveProfiles] and class [es.unizar.smartcampuz.model.worker.WorkerRepositoryTest]
    20:34:03.674 [Test worker] DEBUG org.springframework.core.env.StandardEnvironment - Adding [systemProperties] PropertySource with lowest search precedence
    20:34:03.675 [Test worker] DEBUG org.springframework.core.env.StandardEnvironment - Adding [systemEnvironment] PropertySource with lowest search precedence
    20:34:03.675 [Test worker] DEBUG org.springframework.core.env.StandardEnvironment - Initialized StandardEnvironment with PropertySources [systemProperties,systemEnvironment]
    20:34:03.697 [Test worker] DEBUG org.springframework.core.io.support.PathMatchingResourcePatternResolver - Resolved classpath location [es/unizar/smartcampuz/model/worker/] to resources [URL [file:/home/inigo/Documentos/LIS/smartCampUZ/build/classes/test/es/unizar/smartcampuz/model/worker/], URL [file:/home/inigo/Documentos/LIS/smartCampUZ/build/classes/main/es/unizar/smartcampuz/model/worker/]]
    20:34:03.697 [Test worker] DEBUG org.springframework.core.io.support.PathMatchingResourcePatternResolver - Looking for matching resources in directory tree [/home/inigo/Documentos/LIS/smartCampUZ/build/classes/test/es/unizar/smartcampuz/model/worker]
    20:34:03.698 [Test worker] DEBUG org.springframework.core.io.support.PathMatchingResourcePatternResolver - Searching directory [/home/inigo/Documentos/LIS/smartCampUZ/build/classes/test/es/unizar/smartcampuz/model/worker] for files matching pattern [/home/inigo/Documentos/LIS/smartCampUZ/build/classes/test/es/unizar/smartcampuz/model/worker/*.class]
    20:34:03.701 [Test worker] DEBUG org.springframework.core.io.support.PathMatchingResourcePatternResolver - Looking for matching resources in directory tree [/home/inigo/Documentos/LIS/smartCampUZ/build/classes/main/es/unizar/smartcampuz/model/worker]
    20:34:03.702 [Test worker] DEBUG org.springframework.core.io.support.PathMatchingResourcePatternResolver - Searching directory [/home/inigo/Documentos/LIS/smartCampUZ/build/classes/main/es/unizar/smartcampuz/model/worker] for files matching pattern [/home/inigo/Documentos/LIS/smartCampUZ/build/classes/main/es/unizar/smartcampuz/model/worker/*.class]
    20:34:03.702 [Test worker] DEBUG org.springframework.core.io.support.PathMatchingResourcePatternResolver - Resolved location pattern [classpath*:es/unizar/smartcampuz/model/worker/*.class] to resources [file [/home/inigo/Documentos/LIS/smartCampUZ/build/classes/test/es/unizar/smartcampuz/model/worker/WorkerRepositoryTest.class], file [/home/inigo/Documentos/LIS/smartCampUZ/build/classes/main/es/unizar/smartcampuz/model/worker/UserData.class], file [/home/inigo/Documentos/LIS/smartCampUZ/build/classes/main/es/unizar/smartcampuz/model/worker/Worker.class], file [/home/inigo/Documentos/LIS/smartCampUZ/build/classes/main/es/unizar/smartcampuz/model/worker/WorkerRepository.class]]
    20:34:03.743 [Test worker] DEBUG org.springframework.core.io.support.PathMatchingResourcePatternResolver - Resolved classpath location [es/unizar/smartcampuz/model/] to resources [URL [file:/home/inigo/Documentos/LIS/smartCampUZ/build/classes/test/es/unizar/smartcampuz/model/], URL [file:/home/inigo/Documentos/LIS/smartCampUZ/build/classes/main/es/unizar/smartcampuz/model/]]
    20:34:03.743 [Test worker] DEBUG org.springframework.core.io.support.PathMatchingResourcePatternResolver - Looking for matching resources in directory tree [/home/inigo/Documentos/LIS/smartCampUZ/build/classes/test/es/unizar/smartcampuz/model]
    20:34:03.744 [Test worker] DEBUG org.springframework.core.io.support.PathMatchingResourcePatternResolver - Searching directory [/home/inigo/Documentos/LIS/smartCampUZ/build/classes/test/es/unizar/smartcampuz/model] for files matching pattern [/home/inigo/Documentos/LIS/smartCampUZ/build/classes/test/es/unizar/smartcampuz/model/*.class]
    20:34:03.744 [Test worker] DEBUG org.springframework.core.io.support.PathMatchingResourcePatternResolver - Looking for matching resources in directory tree [/home/inigo/Documentos/LIS/smartCampUZ/build/classes/main/es/unizar/smartcampuz/model]
    20:34:03.744 [Test worker] DEBUG org.springframework.core.io.support.PathMatchingResourcePatternResolver - Searching directory [/home/inigo/Documentos/LIS/smartCampUZ/build/classes/main/es/unizar/smartcampuz/model] for files matching pattern [/home/inigo/Documentos/LIS/smartCampUZ/build/classes/main/es/unizar/smartcampuz/model/*.class]
    20:34:03.745 [Test worker] DEBUG org.springframework.core.io.support.PathMatchingResourcePatternResolver - Resolved location pattern [classpath*:es/unizar/smartcampuz/model/*.class] to resources []
    20:34:03.745 [Test worker] DEBUG org.springframework.core.io.support.PathMatchingResourcePatternResolver - Resolved classpath location [es/unizar/smartcampuz/] to resources [URL [file:/home/inigo/Documentos/LIS/smartCampUZ/build/classes/test/es/unizar/smartcampuz/], URL [file:/home/inigo/Documentos/LIS/smartCampUZ/build/classes/main/es/unizar/smartcampuz/]]
    20:34:03.746 [Test worker] DEBUG org.springframework.core.io.support.PathMatchingResourcePatternResolver - Looking for matching resources in directory tree [/home/inigo/Documentos/LIS/smartCampUZ/build/classes/test/es/unizar/smartcampuz]
    20:34:03.746 [Test worker] DEBUG org.springframework.core.io.support.PathMatchingResourcePatternResolver - Searching directory [/home/inigo/Documentos/LIS/smartCampUZ/build/classes/test/es/unizar/smartcampuz] for files matching pattern [/home/inigo/Documentos/LIS/smartCampUZ/build/classes/test/es/unizar/smartcampuz/*.class]
    20:34:03.747 [Test worker] DEBUG org.springframework.core.io.support.PathMatchingResourcePatternResolver - Looking for matching resources in directory tree [/home/inigo/Documentos/LIS/smartCampUZ/build/classes/main/es/unizar/smartcampuz]
    20:34:03.747 [Test worker] DEBUG org.springframework.core.io.support.PathMatchingResourcePatternResolver - Searching directory [/home/inigo/Documentos/LIS/smartCampUZ/build/classes/main/es/unizar/smartcampuz] for files matching pattern [/home/inigo/Documentos/LIS/smartCampUZ/build/classes/main/es/unizar/smartcampuz/*.class]
    20:34:03.747 [Test worker] DEBUG org.springframework.core.io.support.PathMatchingResourcePatternResolver - Resolved location pattern [classpath*:es/unizar/smartcampuz/*.class] to resources [file [/home/inigo/Documentos/LIS/smartCampUZ/build/classes/test/es/unizar/smartcampuz/AppApplicationTests.class], file [/home/inigo/Documentos/LIS/smartCampUZ/build/classes/main/es/unizar/smartcampuz/AppApplication.class]]
    20:34:03.788 [Test worker] DEBUG org.springframework.context.annotation.ClassPathScanningCandidateComponentProvider - Identified candidate component class: file [/home/inigo/Documentos/LIS/smartCampUZ/build/classes/main/es/unizar/smartcampuz/AppApplication.class]
    20:34:03.789 [Test worker] INFO org.springframework.boot.test.context.SpringBootTestContextBootstrapper - Found @SpringBootConfiguration es.unizar.smartcampuz.AppApplication for test class es.unizar.smartcampuz.model.worker.WorkerRepositoryTest
    20:34:03.796 [Test worker] DEBUG org.springframework.boot.test.context.SpringBootTestContextBootstrapper - @TestExecutionListeners is not present for class [es.unizar.smartcampuz.model.worker.WorkerRepositoryTest]: using defaults.
    20:34:03.800 [Test worker] INFO org.springframework.boot.test.context.SpringBootTestContextBootstrapper - Loaded default TestExecutionListener class names from location [META-INF/spring.factories]: [org.springframework.boot.test.mock.mockito.MockitoTestExecutionListener, org.springframework.boot.test.mock.mockito.ResetMocksTestExecutionListener, org.springframework.boot.test.autoconfigure.restdocs.RestDocsTestExecutionListener, org.springframework.boot.test.autoconfigure.web.client.MockRestServiceServerResetTestExecutionListener, org.springframework.boot.test.autoconfigure.web.servlet.MockMvcPrintOnlyOnFailureTestExecutionListener, org.springframework.boot.test.autoconfigure.web.servlet.WebDriverTestExecutionListener, org.springframework.test.context.web.ServletTestExecutionListener, org.springframework.test.context.support.DirtiesContextBeforeModesTestExecutionListener, org.springframework.test.context.support.DependencyInjectionTestExecutionListener, org.springframework.test.context.support.DirtiesContextTestExecutionListener, org.springframework.test.context.transaction.TransactionalTestExecutionListener, org.springframework.test.context.jdbc.SqlScriptsTestExecutionListener]
    20:34:03.834 [Test worker] INFO org.springframework.boot.test.context.SpringBootTestContextBootstrapper - Using TestExecutionListeners: [org.springframework.test.context.web.ServletTestExecutionListener@75ce0b1, org.springframework.test.context.support.DirtiesContextBeforeModesTestExecutionListener@4218dea3, org.springframework.boot.test.autoconfigure.SpringBootDependencyInjectionTestExecutionListener@4c227d2c, org.springframework.test.context.support.DirtiesContextTestExecutionListener@29a16e1c, org.springframework.test.context.transaction.TransactionalTestExecutionListener@49184af1, org.springframework.test.context.jdbc.SqlScriptsTestExecutionListener@4d7168b7, org.springframework.boot.test.autoconfigure.web.client.MockRestServiceServerResetTestExecutionListener@12e5a728, org.springframework.boot.test.autoconfigure.restdocs.RestDocsTestExecutionListener@3096eae6, org.springframework.boot.test.mock.mockito.MockitoTestExecutionListener@3b5261c7, org.springframework.boot.test.autoconfigure.web.servlet.WebDriverTestExecutionListener@7d2092ca, org.springframework.boot.test.mock.mockito.ResetMocksTestExecutionListener@4243b6a1, org.springframework.boot.test.autoconfigure.web.servlet.MockMvcPrintOnlyOnFailureTestExecutionListener@4505a5d5]
    20:34:03.839 [Test worker] DEBUG org.springframework.test.annotation.ProfileValueUtils - Retrieved @ProfileValueSourceConfiguration [null] for test class [es.unizar.smartcampuz.model.worker.WorkerRepositoryTest]
    20:34:03.840 [Test worker] DEBUG org.springframework.test.annotation.ProfileValueUtils - Retrieved ProfileValueSource type [class org.springframework.test.annotation.SystemProfileValueSource] for class [es.unizar.smartcampuz.model.worker.WorkerRepositoryTest]
    20:34:03.841 [Test worker] DEBUG org.springframework.test.annotation.ProfileValueUtils - Retrieved @ProfileValueSourceConfiguration [null] for test class [es.unizar.smartcampuz.model.worker.WorkerRepositoryTest]
    20:34:03.842 [Test worker] DEBUG org.springframework.test.annotation.ProfileValueUtils - Retrieved ProfileValueSource type [class org.springframework.test.annotation.SystemProfileValueSource] for class [es.unizar.smartcampuz.model.worker.WorkerRepositoryTest]
    20:34:03.849 [Test worker] DEBUG org.springframework.test.context.support.AbstractDirtiesContextTestExecutionListener - Before test class: context [DefaultTestContext@7ae56d8d testClass = WorkerRepositoryTest, testInstance = [null], testMethod = [null], testException = [null], mergedContextConfiguration = [WebMergedContextConfiguration@2f18af45 testClass = WorkerRepositoryTest, locations = '{}', classes = '{class es.unizar.smartcampuz.AppApplication}', contextInitializerClasses = '[]', activeProfiles = '{}', propertySourceLocations = '{}', propertySourceProperties = '{org.springframework.boot.test.context.SpringBootTestContextBootstrapper=true}', contextCustomizers = set[org.springframework.boot.test.context.SpringBootTestContextCustomizer@2e1fd0f0, org.springframework.boot.test.context.filter.ExcludeFilterContextCustomizer@6e9e4038, org.springframework.boot.test.mock.mockito.MockitoContextCustomizer@0, org.springframework.boot.test.autoconfigure.properties.PropertyMappingContextCustomizer@0, org.springframework.boot.test.autoconfigure.web.servlet.WebDriverContextCustomizerFactory$Customizer@7cfde965], resourceBasePath = 'src/main/webapp', contextLoader = 'org.springframework.boot.test.context.SpringBootContextLoader', parent = [null]]], class annotated with @DirtiesContext [false] with mode [null].
    20:34:03.850 [Test worker] DEBUG org.springframework.test.annotation.ProfileValueUtils - Retrieved @ProfileValueSourceConfiguration [null] for test class [es.unizar.smartcampuz.model.worker.WorkerRepositoryTest]
    20:34:03.851 [Test worker] DEBUG org.springframework.test.annotation.ProfileValueUtils - Retrieved ProfileValueSource type [class org.springframework.test.annotation.SystemProfileValueSource] for class [es.unizar.smartcampuz.model.worker.WorkerRepositoryTest]
    20:34:03.976 [Test worker] DEBUG org.springframework.core.env.StandardEnvironment - Adding [systemProperties] PropertySource with lowest search precedence
    20:34:03.976 [Test worker] DEBUG org.springframework.core.env.StandardEnvironment - Adding [systemEnvironment] PropertySource with lowest search precedence
    20:34:03.976 [Test worker] DEBUG org.springframework.core.env.StandardEnvironment - Initialized StandardEnvironment with PropertySources [systemProperties,systemEnvironment]
    20:34:03.978 [Test worker] DEBUG org.springframework.core.env.MutablePropertySources - Adding [inline] PropertySource with highest search precedence
    20:34:03.987 [Test worker] DEBUG org.springframework.test.context.support.TestPropertySourceUtils - Adding inlined properties to environment: {spring.jmx.enabled=false, org.springframework.boot.test.context.SpringBootTestContextBootstrapper=true, server.port=-1}
    20:34:03.987 [Test worker] DEBUG org.springframework.core.env.StandardEnvironment - Adding [Inlined Test Properties] PropertySource with highest search precedence

      .   ____          _            __ _ _
     /\\ / ___'_ __ _ _(_)_ __  __ _ \ \ \ \
    ( ( )\___ | '_ | '_| | '_ \/ _` | \ \ \ \
     \\/  ___)| |_)| | | | | || (_| |  ) ) ) )
      '  |____| .__|_| |_|_| |_\__, | / / / /
     =========|_|==============|___/=/_/_/_/
     :: Spring Boot ::        (v1.5.1.RELEASE)

    2017-04-19 20:34:04.537  INFO 20958 --- [    Test worker] e.u.s.model.worker.WorkerRepositoryTest  : Starting WorkerRepositoryTest on inigoubuntu with PID 20958 (started by inigo in /home/inigo/Documentos/LIS/smartCampUZ)
    2017-04-19 20:34:04.539  INFO 20958 --- [    Test worker] e.u.s.model.worker.WorkerRepositoryTest  : The following profiles are active: test
    2017-04-19 20:34:04.614  INFO 20958 --- [    Test worker] o.s.w.c.s.GenericWebApplicationContext   : Refreshing org.springframework.web.context.support.GenericWebApplicationContext@63a996c1: startup date [Wed Apr 19 20:34:04 CEST 2017]; root of context hierarchy
    2017-04-19 20:34:06.443  INFO 20958 --- [    Test worker] trationDelegate$BeanPostProcessorChecker : Bean 'org.springframework.boot.autoconfigure.validation.ValidationAutoConfiguration' of type [class org.springframework.boot.autoconfigure.validation.ValidationAutoConfiguration] is not eligible for getting processed by all BeanPostProcessors (for example: not eligible for auto-proxying)
    2017-04-19 20:34:06.557  INFO 20958 --- [    Test worker] trationDelegate$BeanPostProcessorChecker : Bean 'validator' of type [class org.springframework.validation.beanvalidation.LocalValidatorFactoryBean] is not eligible for getting processed by all BeanPostProcessors (for example: not eligible for auto-proxying)
    2017-04-19 20:34:06.586  INFO 20958 --- [    Test worker] trationDelegate$BeanPostProcessorChecker : Bean 'org.springframework.transaction.annotation.ProxyTransactionManagementConfiguration' of type [class org.springframework.transaction.annotation.ProxyTransactionManagementConfiguration$$EnhancerBySpringCGLIB$$6314e8b0] is not eligible for getting processed by all BeanPostProcessors (for example: not eligible for auto-proxying)
    2017-04-19 20:34:07.659  INFO 20958 --- [    Test worker] j.LocalContainerEntityManagerFactoryBean : Building JPA container EntityManagerFactory for persistence unit 'default'
    2017-04-19 20:34:07.685  INFO 20958 --- [    Test worker] o.hibernate.jpa.internal.util.LogHelper  : HHH000204: Processing PersistenceUnitInfo [
    	name: default
    	...]
    2017-04-19 20:34:07.798  INFO 20958 --- [    Test worker] org.hibernate.Version                    : HHH000412: Hibernate Core {5.0.11.Final}
    2017-04-19 20:34:07.801  INFO 20958 --- [    Test worker] org.hibernate.cfg.Environment            : HHH000206: hibernate.properties not found
    2017-04-19 20:34:07.805  INFO 20958 --- [    Test worker] org.hibernate.cfg.Environment            : HHH000021: Bytecode provider name : javassist
    2017-04-19 20:34:07.883  INFO 20958 --- [    Test worker] o.hibernate.annotations.common.Version   : HCANN000001: Hibernate Commons Annotations {5.0.1.Final}
    2017-04-19 20:34:08.048  INFO 20958 --- [    Test worker] org.hibernate.dialect.Dialect            : HHH000400: Using dialect: org.hibernate.dialect.HSQLDialect
    2017-04-19 20:34:08.771  INFO 20958 --- [    Test worker] org.hibernate.tool.hbm2ddl.SchemaExport  : HHH000227: Running hbm2ddl schema export
    2017-04-19 20:34:08.774 ERROR 20958 --- [    Test worker] org.hibernate.tool.hbm2ddl.SchemaExport  : HHH000389: Unsuccessful: alter table report drop constraint FK8x8029yefipdkprbgumig8k2b
    2017-04-19 20:34:08.774 ERROR 20958 --- [    Test worker] org.hibernate.tool.hbm2ddl.SchemaExport  : usuario no tiene privilegios suficientes o objeto no encontrado: PUBLIC.REPORT
    2017-04-19 20:34:08.779  INFO 20958 --- [    Test worker] org.hibernate.tool.hbm2ddl.SchemaExport  : HHH000476: Executing import script 'test.sql'
    2017-04-19 20:34:08.783 ERROR 20958 --- [    Test worker] org.hibernate.tool.hbm2ddl.SchemaExport  : HHH000388: Unsuccessful: INSERT INTO report (id, roomid, state, worker_id, description) VALUES (15, 'HD-404', 'INBOX', 8, 'Report6');()
    2017-04-19 20:34:08.783 ERROR 20958 --- [    Test worker] org.hibernate.tool.hbm2ddl.SchemaExport  : palabra no esperado: )
    2017-04-19 20:34:08.783  INFO 20958 --- [    Test worker] org.hibernate.tool.hbm2ddl.SchemaExport  : HHH000230: Schema export complete
    2017-04-19 20:34:08.832  INFO 20958 --- [    Test worker] j.LocalContainerEntityManagerFactoryBean : Initialized JPA EntityManagerFactory for persistence unit 'default'
    2017-04-19 20:34:09.861  INFO 20958 --- [    Test worker] s.w.s.m.m.a.RequestMappingHandlerAdapter : Looking for @ControllerAdvice: org.springframework.web.context.support.GenericWebApplicationContext@63a996c1: startup date [Wed Apr 19 20:34:04 CEST 2017]; root of context hierarchy
    2017-04-19 20:34:09.994  INFO 20958 --- [    Test worker] s.w.s.m.m.a.RequestMappingHandlerMapping : Mapped "{[/listWorkers],methods=[GET]}" onto public org.springframework.http.ResponseEntity<java.lang.String> es.unizar.smartcampuz.application.controller.AdminDashboardController.listWorkers() throws java.io.IOException
    2017-04-19 20:34:09.996  INFO 20958 --- [    Test worker] s.w.s.m.m.a.RequestMappingHandlerMapping : Mapped "{[/state],methods=[PUT]}" onto public org.springframework.http.ResponseEntity<java.lang.String> es.unizar.smartcampuz.application.controller.AdminDashboardController.modifyReportState(javax.servlet.http.HttpServletRequest) throws java.io.IOException
    2017-04-19 20:34:09.996  INFO 20958 --- [    Test worker] s.w.s.m.m.a.RequestMappingHandlerMapping : Mapped "{[/assignWorker],methods=[PUT]}" onto public org.springframework.http.ResponseEntity<java.lang.String> es.unizar.smartcampuz.application.controller.AdminDashboardController.assignWorkerToReport(javax.servlet.http.HttpServletRequest) throws java.io.IOException
    2017-04-19 20:34:09.997  INFO 20958 --- [    Test worker] s.w.s.m.m.a.RequestMappingHandlerMapping : Mapped "{[/listReports],methods=[GET]}" onto public org.springframework.http.ResponseEntity<java.lang.String> es.unizar.smartcampuz.application.controller.AdminDashboardController.listReports(javax.servlet.http.HttpServletRequest) throws java.io.IOException
    2017-04-19 20:34:09.998  INFO 20958 --- [    Test worker] s.w.s.m.m.a.RequestMappingHandlerMapping : Mapped "{[/locationFromCoords],methods=[GET]}" onto public org.springframework.http.ResponseEntity<es.unizar.smartcampuz.application.database.Room> es.unizar.smartcampuz.application.controller.CoordController.getRoom(double,double,java.lang.String[]) throws java.io.IOException,java.sql.SQLException
    2017-04-19 20:34:10.001  INFO 20958 --- [    Test worker] s.w.s.m.m.a.RequestMappingHandlerMapping : Mapped "{[/signIn],methods=[POST]}" onto public org.springframework.http.ResponseEntity<java.lang.String> es.unizar.smartcampuz.application.controller.CredentialController.signIn(javax.servlet.http.HttpServletRequest) throws java.io.IOException
    2017-04-19 20:34:10.002  INFO 20958 --- [    Test worker] s.w.s.m.m.a.RequestMappingHandlerMapping : Mapped "{[/report],methods=[POST]}" onto public org.springframework.http.ResponseEntity<java.lang.String> es.unizar.smartcampuz.application.controller.DashboardController.newReport(javax.servlet.http.HttpServletRequest) throws java.io.IOException
    2017-04-19 20:34:10.003  INFO 20958 --- [    Test worker] s.w.s.m.m.a.RequestMappingHandlerMapping : Mapped "{[/reservation],methods=[POST]}" onto public org.springframework.http.ResponseEntity<java.lang.String> es.unizar.smartcampuz.application.controller.DashboardController.newReservation(javax.servlet.http.HttpServletRequest) throws java.io.IOException
    2017-04-19 20:34:10.004  INFO 20958 --- [    Test worker] s.w.s.m.m.a.RequestMappingHandlerMapping : Mapped "{[/listWorkerReports],methods=[GET]}" onto public org.springframework.http.ResponseEntity<java.lang.String> es.unizar.smartcampuz.application.controller.WorkerDashboardController.listWorkerReports(javax.servlet.http.HttpServletRequest) throws java.io.IOException
    2017-04-19 20:34:10.005  INFO 20958 --- [    Test worker] s.w.s.m.m.a.RequestMappingHandlerMapping : Mapped "{[/markReport],methods=[PUT]}" onto public org.springframework.http.ResponseEntity<java.lang.String> es.unizar.smartcampuz.application.controller.WorkerDashboardController.markReportAsDoneOrTrouble(javax.servlet.http.HttpServletRequest) throws java.io.IOException
    2017-04-19 20:34:10.008  INFO 20958 --- [    Test worker] s.w.s.m.m.a.RequestMappingHandlerMapping : Mapped "{[/error],produces=[text/html]}" onto public org.springframework.web.servlet.ModelAndView org.springframework.boot.autoconfigure.web.BasicErrorController.errorHtml(javax.servlet.http.HttpServletRequest,javax.servlet.http.HttpServletResponse)
    2017-04-19 20:34:10.008  INFO 20958 --- [    Test worker] s.w.s.m.m.a.RequestMappingHandlerMapping : Mapped "{[/error]}" onto public org.springframework.http.ResponseEntity<java.util.Map<java.lang.String, java.lang.Object>> org.springframework.boot.autoconfigure.web.BasicErrorController.error(javax.servlet.http.HttpServletRequest)
    2017-04-19 20:34:10.053  INFO 20958 --- [    Test worker] o.s.w.s.handler.SimpleUrlHandlerMapping  : Mapped URL path [/webjars/**] onto handler of type [class org.springframework.web.servlet.resource.ResourceHttpRequestHandler]
    2017-04-19 20:34:10.053  INFO 20958 --- [    Test worker] o.s.w.s.handler.SimpleUrlHandlerMapping  : Mapped URL path [/**] onto handler of type [class org.springframework.web.servlet.resource.ResourceHttpRequestHandler]
    2017-04-19 20:34:10.086  INFO 20958 --- [    Test worker] .m.m.a.ExceptionHandlerExceptionResolver : Detected @ExceptionHandler methods in globalControllerExceptionHandler
    2017-04-19 20:34:10.123  INFO 20958 --- [    Test worker] o.s.w.s.handler.SimpleUrlHandlerMapping  : Mapped URL path [/**/favicon.ico] onto handler of type [class org.springframework.web.servlet.resource.ResourceHttpRequestHandler]
    2017-04-19 20:34:10.164  INFO 20958 --- [    Test worker] oConfiguration$WelcomePageHandlerMapping : Adding welcome page: ServletContext resource [/index.html]
    2017-04-19 20:34:10.635  INFO 20958 --- [    Test worker] o.s.s.web.DefaultSecurityFilterChain     : Creating filter chain: OrRequestMatcher [requestMatchers=[Ant [pattern='/css/**'], Ant [pattern='/js/**'], Ant [pattern='/images/**'], Ant [pattern='/webjars/**'], Ant [pattern='/**/favicon.ico'], Ant [pattern='/error']]], []
    2017-04-19 20:34:10.757  INFO 20958 --- [    Test worker] o.s.s.web.DefaultSecurityFilterChain     : Creating filter chain: org.springframework.security.web.util.matcher.AnyRequestMatcher@1, [org.springframework.security.web.context.request.async.WebAsyncManagerIntegrationFilter@64b03f27, org.springframework.security.web.context.SecurityContextPersistenceFilter@6e854d13, org.springframework.security.web.header.HeaderWriterFilter@19ec2e86, org.springframework.security.web.authentication.logout.LogoutFilter@4a517569, es.unizar.smartcampuz.infrastructure.auth.jwt.JwtAuthFilter@4afb264a, org.springframework.security.web.savedrequest.RequestCacheAwareFilter@18a0ff99, org.springframework.security.web.servletapi.SecurityContextHolderAwareRequestFilter@5387b85f, org.springframework.security.web.authentication.AnonymousAuthenticationFilter@6bf31d8b, org.springframework.security.web.session.SessionManagementFilter@3539acb4, org.springframework.security.web.access.ExceptionTranslationFilter@23a305c4, org.springframework.security.web.access.intercept.FilterSecurityInterceptor@409384df]
    2017-04-19 20:34:10.777  INFO 20958 --- [    Test worker] o.s.s.web.DefaultSecurityFilterChain     : Creating filter chain: OrRequestMatcher [requestMatchers=[Ant [pattern='/**']]], [org.springframework.security.web.context.request.async.WebAsyncManagerIntegrationFilter@fb13230, org.springframework.security.web.context.SecurityContextPersistenceFilter@4b10f662, org.springframework.security.web.header.HeaderWriterFilter@54bb250f, org.springframework.security.web.authentication.logout.LogoutFilter@763e1057, org.springframework.security.web.authentication.www.BasicAuthenticationFilter@27d2e039, org.springframework.security.web.savedrequest.RequestCacheAwareFilter@448b2914, org.springframework.security.web.servletapi.SecurityContextHolderAwareRequestFilter@4915efd7, org.springframework.security.web.authentication.AnonymousAuthenticationFilter@4b08e5f7, org.springframework.security.web.session.SessionManagementFilter@c747065, org.springframework.security.web.access.ExceptionTranslationFilter@3806f256, org.springframework.security.web.access.intercept.FilterSecurityInterceptor@64c7b0c8]
    2017-04-19 20:34:11.042  INFO 20958 --- [    Test worker] e.u.s.model.worker.WorkerRepositoryTest  : Started WorkerRepositoryTest in 7.034 seconds (JVM running for 8.53)

es.unizar.smartcampuz.model.worker.WorkerRepositoryTest > delete STANDARD_OUT
    2017-04-19 20:34:11.124  INFO 20958 --- [    Test worker] o.s.t.c.transaction.TransactionContext   : Began transaction (1) for test context [DefaultTestContext@7ae56d8d testClass = WorkerRepositoryTest, testInstance = es.unizar.smartcampuz.model.worker.WorkerRepositoryTest@430d7fce, testMethod = delete@WorkerRepositoryTest, testException = [null], mergedContextConfiguration = [WebMergedContextConfiguration@2f18af45 testClass = WorkerRepositoryTest, locations = '{}', classes = '{class es.unizar.smartcampuz.AppApplication}', contextInitializerClasses = '[]', activeProfiles = '{}', propertySourceLocations = '{}', propertySourceProperties = '{org.springframework.boot.test.context.SpringBootTestContextBootstrapper=true}', contextCustomizers = set[org.springframework.boot.test.context.SpringBootTestContextCustomizer@2e1fd0f0, org.springframework.boot.test.context.filter.ExcludeFilterContextCustomizer@6e9e4038, org.springframework.boot.test.mock.mockito.MockitoContextCustomizer@0, org.springframework.boot.test.autoconfigure.properties.PropertyMappingContextCustomizer@0, org.springframework.boot.test.autoconfigure.web.servlet.WebDriverContextCustomizerFactory$Customizer@7cfde965], resourceBasePath = 'src/main/webapp', contextLoader = 'org.springframework.boot.test.context.SpringBootContextLoader', parent = [null]]]; transaction manager [org.springframework.orm.jpa.JpaTransactionManager@4ecaec99]; rollback [true]
    2017-04-19 20:34:11.284  INFO 20958 --- [    Test worker] o.s.t.c.transaction.TransactionContext   : Rolled back transaction for test context [DefaultTestContext@7ae56d8d testClass = WorkerRepositoryTest, testInstance = es.unizar.smartcampuz.model.worker.WorkerRepositoryTest@430d7fce, testMethod = delete@WorkerRepositoryTest, testException = [null], mergedContextConfiguration = [WebMergedContextConfiguration@2f18af45 testClass = WorkerRepositoryTest, locations = '{}', classes = '{class es.unizar.smartcampuz.AppApplication}', contextInitializerClasses = '[]', activeProfiles = '{}', propertySourceLocations = '{}', propertySourceProperties = '{org.springframework.boot.test.context.SpringBootTestContextBootstrapper=true}', contextCustomizers = set[org.springframework.boot.test.context.SpringBootTestContextCustomizer@2e1fd0f0, org.springframework.boot.test.context.filter.ExcludeFilterContextCustomizer@6e9e4038, org.springframework.boot.test.mock.mockito.MockitoContextCustomizer@0, org.springframework.boot.test.autoconfigure.properties.PropertyMappingContextCustomizer@0, org.springframework.boot.test.autoconfigure.web.servlet.WebDriverContextCustomizerFactory$Customizer@7cfde965], resourceBasePath = 'src/main/webapp', contextLoader = 'org.springframework.boot.test.context.SpringBootContextLoader', parent = [null]]].

es.unizar.smartcampuz.model.worker.WorkerRepositoryTest > findOne STANDARD_OUT
    2017-04-19 20:34:11.289  INFO 20958 --- [    Test worker] o.s.t.c.transaction.TransactionContext   : Began transaction (1) for test context [DefaultTestContext@7ae56d8d testClass = WorkerRepositoryTest, testInstance = es.unizar.smartcampuz.model.worker.WorkerRepositoryTest@5c91ed96, testMethod = findOne@WorkerRepositoryTest, testException = [null], mergedContextConfiguration = [WebMergedContextConfiguration@2f18af45 testClass = WorkerRepositoryTest, locations = '{}', classes = '{class es.unizar.smartcampuz.AppApplication}', contextInitializerClasses = '[]', activeProfiles = '{}', propertySourceLocations = '{}', propertySourceProperties = '{org.springframework.boot.test.context.SpringBootTestContextBootstrapper=true}', contextCustomizers = set[org.springframework.boot.test.context.SpringBootTestContextCustomizer@2e1fd0f0, org.springframework.boot.test.context.filter.ExcludeFilterContextCustomizer@6e9e4038, org.springframework.boot.test.mock.mockito.MockitoContextCustomizer@0, org.springframework.boot.test.autoconfigure.properties.PropertyMappingContextCustomizer@0, org.springframework.boot.test.autoconfigure.web.servlet.WebDriverContextCustomizerFactory$Customizer@7cfde965], resourceBasePath = 'src/main/webapp', contextLoader = 'org.springframework.boot.test.context.SpringBootContextLoader', parent = [null]]]; transaction manager [org.springframework.orm.jpa.JpaTransactionManager@4ecaec99]; rollback [true]
    2017-04-19 20:34:11.299  INFO 20958 --- [    Test worker] o.s.t.c.transaction.TransactionContext   : Rolled back transaction for test context [DefaultTestContext@7ae56d8d testClass = WorkerRepositoryTest, testInstance = es.unizar.smartcampuz.model.worker.WorkerRepositoryTest@5c91ed96, testMethod = findOne@WorkerRepositoryTest, testException = [null], mergedContextConfiguration = [WebMergedContextConfiguration@2f18af45 testClass = WorkerRepositoryTest, locations = '{}', classes = '{class es.unizar.smartcampuz.AppApplication}', contextInitializerClasses = '[]', activeProfiles = '{}', propertySourceLocations = '{}', propertySourceProperties = '{org.springframework.boot.test.context.SpringBootTestContextBootstrapper=true}', contextCustomizers = set[org.springframework.boot.test.context.SpringBootTestContextCustomizer@2e1fd0f0, org.springframework.boot.test.context.filter.ExcludeFilterContextCustomizer@6e9e4038, org.springframework.boot.test.mock.mockito.MockitoContextCustomizer@0, org.springframework.boot.test.autoconfigure.properties.PropertyMappingContextCustomizer@0, org.springframework.boot.test.autoconfigure.web.servlet.WebDriverContextCustomizerFactory$Customizer@7cfde965], resourceBasePath = 'src/main/webapp', contextLoader = 'org.springframework.boot.test.context.SpringBootContextLoader', parent = [null]]].

es.unizar.smartcampuz.model.worker.WorkerRepositoryTest > update STANDARD_OUT
    2017-04-19 20:34:11.301  INFO 20958 --- [    Test worker] o.s.t.c.transaction.TransactionContext   : Began transaction (1) for test context [DefaultTestContext@7ae56d8d testClass = WorkerRepositoryTest, testInstance = es.unizar.smartcampuz.model.worker.WorkerRepositoryTest@261e6240, testMethod = update@WorkerRepositoryTest, testException = [null], mergedContextConfiguration = [WebMergedContextConfiguration@2f18af45 testClass = WorkerRepositoryTest, locations = '{}', classes = '{class es.unizar.smartcampuz.AppApplication}', contextInitializerClasses = '[]', activeProfiles = '{}', propertySourceLocations = '{}', propertySourceProperties = '{org.springframework.boot.test.context.SpringBootTestContextBootstrapper=true}', contextCustomizers = set[org.springframework.boot.test.context.SpringBootTestContextCustomizer@2e1fd0f0, org.springframework.boot.test.context.filter.ExcludeFilterContextCustomizer@6e9e4038, org.springframework.boot.test.mock.mockito.MockitoContextCustomizer@0, org.springframework.boot.test.autoconfigure.properties.PropertyMappingContextCustomizer@0, org.springframework.boot.test.autoconfigure.web.servlet.WebDriverContextCustomizerFactory$Customizer@7cfde965], resourceBasePath = 'src/main/webapp', contextLoader = 'org.springframework.boot.test.context.SpringBootContextLoader', parent = [null]]]; transaction manager [org.springframework.orm.jpa.JpaTransactionManager@4ecaec99]; rollback [true]
    2017-04-19 20:34:11.310  INFO 20958 --- [    Test worker] o.s.t.c.transaction.TransactionContext   : Rolled back transaction for test context [DefaultTestContext@7ae56d8d testClass = WorkerRepositoryTest, testInstance = es.unizar.smartcampuz.model.worker.WorkerRepositoryTest@261e6240, testMethod = update@WorkerRepositoryTest, testException = [null], mergedContextConfiguration = [WebMergedContextConfiguration@2f18af45 testClass = WorkerRepositoryTest, locations = '{}', classes = '{class es.unizar.smartcampuz.AppApplication}', contextInitializerClasses = '[]', activeProfiles = '{}', propertySourceLocations = '{}', propertySourceProperties = '{org.springframework.boot.test.context.SpringBootTestContextBootstrapper=true}', contextCustomizers = set[org.springframework.boot.test.context.SpringBootTestContextCustomizer@2e1fd0f0, org.springframework.boot.test.context.filter.ExcludeFilterContextCustomizer@6e9e4038, org.springframework.boot.test.mock.mockito.MockitoContextCustomizer@0, org.springframework.boot.test.autoconfigure.properties.PropertyMappingContextCustomizer@0, org.springframework.boot.test.autoconfigure.web.servlet.WebDriverContextCustomizerFactory$Customizer@7cfde965], resourceBasePath = 'src/main/webapp', contextLoader = 'org.springframework.boot.test.context.SpringBootContextLoader', parent = [null]]].

es.unizar.smartcampuz.model.worker.WorkerRepositoryTest > save STANDARD_OUT
    2017-04-19 20:34:11.313  INFO 20958 --- [    Test worker] o.s.t.c.transaction.TransactionContext   : Began transaction (1) for test context [DefaultTestContext@7ae56d8d testClass = WorkerRepositoryTest, testInstance = es.unizar.smartcampuz.model.worker.WorkerRepositoryTest@15a47743, testMethod = save@WorkerRepositoryTest, testException = [null], mergedContextConfiguration = [WebMergedContextConfiguration@2f18af45 testClass = WorkerRepositoryTest, locations = '{}', classes = '{class es.unizar.smartcampuz.AppApplication}', contextInitializerClasses = '[]', activeProfiles = '{}', propertySourceLocations = '{}', propertySourceProperties = '{org.springframework.boot.test.context.SpringBootTestContextBootstrapper=true}', contextCustomizers = set[org.springframework.boot.test.context.SpringBootTestContextCustomizer@2e1fd0f0, org.springframework.boot.test.context.filter.ExcludeFilterContextCustomizer@6e9e4038, org.springframework.boot.test.mock.mockito.MockitoContextCustomizer@0, org.springframework.boot.test.autoconfigure.properties.PropertyMappingContextCustomizer@0, org.springframework.boot.test.autoconfigure.web.servlet.WebDriverContextCustomizerFactory$Customizer@7cfde965], resourceBasePath = 'src/main/webapp', contextLoader = 'org.springframework.boot.test.context.SpringBootContextLoader', parent = [null]]]; transaction manager [org.springframework.orm.jpa.JpaTransactionManager@4ecaec99]; rollback [true]
    2017-04-19 20:34:11.334  INFO 20958 --- [    Test worker] o.h.h.i.QueryTranslatorFactoryInitiator  : HHH000397: Using ASTQueryTranslatorFactory
    2017-04-19 20:34:11.709  INFO 20958 --- [    Test worker] o.s.t.c.transaction.TransactionContext   : Rolled back transaction for test context [DefaultTestContext@7ae56d8d testClass = WorkerRepositoryTest, testInstance = es.unizar.smartcampuz.model.worker.WorkerRepositoryTest@15a47743, testMethod = save@WorkerRepositoryTest, testException = [null], mergedContextConfiguration = [WebMergedContextConfiguration@2f18af45 testClass = WorkerRepositoryTest, locations = '{}', classes = '{class es.unizar.smartcampuz.AppApplication}', contextInitializerClasses = '[]', activeProfiles = '{}', propertySourceLocations = '{}', propertySourceProperties = '{org.springframework.boot.test.context.SpringBootTestContextBootstrapper=true}', contextCustomizers = set[org.springframework.boot.test.context.SpringBootTestContextCustomizer@2e1fd0f0, org.springframework.boot.test.context.filter.ExcludeFilterContextCustomizer@6e9e4038, org.springframework.boot.test.mock.mockito.MockitoContextCustomizer@0, org.springframework.boot.test.autoconfigure.properties.PropertyMappingContextCustomizer@0, org.springframework.boot.test.autoconfigure.web.servlet.WebDriverContextCustomizerFactory$Customizer@7cfde965], resourceBasePath = 'src/main/webapp', contextLoader = 'org.springframework.boot.test.context.SpringBootContextLoader', parent = [null]]].

es.unizar.smartcampuz.model.worker.WorkerRepositoryTest > findByEmail STANDARD_OUT
    2017-04-19 20:34:11.712  INFO 20958 --- [    Test worker] o.s.t.c.transaction.TransactionContext   : Began transaction (1) for test context [DefaultTestContext@7ae56d8d testClass = WorkerRepositoryTest, testInstance = es.unizar.smartcampuz.model.worker.WorkerRepositoryTest@2d209a1b, testMethod = findByEmail@WorkerRepositoryTest, testException = [null], mergedContextConfiguration = [WebMergedContextConfiguration@2f18af45 testClass = WorkerRepositoryTest, locations = '{}', classes = '{class es.unizar.smartcampuz.AppApplication}', contextInitializerClasses = '[]', activeProfiles = '{}', propertySourceLocations = '{}', propertySourceProperties = '{org.springframework.boot.test.context.SpringBootTestContextBootstrapper=true}', contextCustomizers = set[org.springframework.boot.test.context.SpringBootTestContextCustomizer@2e1fd0f0, org.springframework.boot.test.context.filter.ExcludeFilterContextCustomizer@6e9e4038, org.springframework.boot.test.mock.mockito.MockitoContextCustomizer@0, org.springframework.boot.test.autoconfigure.properties.PropertyMappingContextCustomizer@0, org.springframework.boot.test.autoconfigure.web.servlet.WebDriverContextCustomizerFactory$Customizer@7cfde965], resourceBasePath = 'src/main/webapp', contextLoader = 'org.springframework.boot.test.context.SpringBootContextLoader', parent = [null]]]; transaction manager [org.springframework.orm.jpa.JpaTransactionManager@4ecaec99]; rollback [true]
    2017-04-19 20:34:11.720  INFO 20958 --- [    Test worker] o.s.t.c.transaction.TransactionContext   : Rolled back transaction for test context [DefaultTestContext@7ae56d8d testClass = WorkerRepositoryTest, testInstance = es.unizar.smartcampuz.model.worker.WorkerRepositoryTest@2d209a1b, testMethod = findByEmail@WorkerRepositoryTest, testException = [null], mergedContextConfiguration = [WebMergedContextConfiguration@2f18af45 testClass = WorkerRepositoryTest, locations = '{}', classes = '{class es.unizar.smartcampuz.AppApplication}', contextInitializerClasses = '[]', activeProfiles = '{}', propertySourceLocations = '{}', propertySourceProperties = '{org.springframework.boot.test.context.SpringBootTestContextBootstrapper=true}', contextCustomizers = set[org.springframework.boot.test.context.SpringBootTestContextCustomizer@2e1fd0f0, org.springframework.boot.test.context.filter.ExcludeFilterContextCustomizer@6e9e4038, org.springframework.boot.test.mock.mockito.MockitoContextCustomizer@0, org.springframework.boot.test.autoconfigure.properties.PropertyMappingContextCustomizer@0, org.springframework.boot.test.autoconfigure.web.servlet.WebDriverContextCustomizerFactory$Customizer@7cfde965], resourceBasePath = 'src/main/webapp', contextLoader = 'org.springframework.boot.test.context.SpringBootContextLoader', parent = [null]]].

es.unizar.smartcampuz.model.report.ReportRepositoryTest STANDARD_OUT
    2017-04-19 20:34:11.724  INFO 20958 --- [    Test worker] .b.t.c.SpringBootTestContextBootstrapper : Neither @ContextConfiguration nor @ContextHierarchy found for test class [es.unizar.smartcampuz.model.report.ReportRepositoryTest], using SpringBootContextLoader
    2017-04-19 20:34:11.725  INFO 20958 --- [    Test worker] o.s.t.c.support.AbstractContextLoader    : Could not detect default resource locations for test class [es.unizar.smartcampuz.model.report.ReportRepositoryTest]: no resource found for suffixes {-context.xml, Context.groovy}.
    2017-04-19 20:34:11.725  INFO 20958 --- [    Test worker] t.c.s.AnnotationConfigContextLoaderUtils : Could not detect default configuration classes for test class [es.unizar.smartcampuz.model.report.ReportRepositoryTest]: ReportRepositoryTest does not declare any static, non-private, non-final, nested classes annotated with @Configuration.
    2017-04-19 20:34:11.737  INFO 20958 --- [    Test worker] .b.t.c.SpringBootTestContextBootstrapper : Found @SpringBootConfiguration es.unizar.smartcampuz.AppApplication for test class es.unizar.smartcampuz.model.report.ReportRepositoryTest
    2017-04-19 20:34:11.739  INFO 20958 --- [    Test worker] .b.t.c.SpringBootTestContextBootstrapper : Loaded default TestExecutionListener class names from location [META-INF/spring.factories]: [org.springframework.boot.test.mock.mockito.MockitoTestExecutionListener, org.springframework.boot.test.mock.mockito.ResetMocksTestExecutionListener, org.springframework.boot.test.autoconfigure.restdocs.RestDocsTestExecutionListener, org.springframework.boot.test.autoconfigure.web.client.MockRestServiceServerResetTestExecutionListener, org.springframework.boot.test.autoconfigure.web.servlet.MockMvcPrintOnlyOnFailureTestExecutionListener, org.springframework.boot.test.autoconfigure.web.servlet.WebDriverTestExecutionListener, org.springframework.test.context.web.ServletTestExecutionListener, org.springframework.test.context.support.DirtiesContextBeforeModesTestExecutionListener, org.springframework.test.context.support.DependencyInjectionTestExecutionListener, org.springframework.test.context.support.DirtiesContextTestExecutionListener, org.springframework.test.context.transaction.TransactionalTestExecutionListener, org.springframework.test.context.jdbc.SqlScriptsTestExecutionListener]
    2017-04-19 20:34:11.742  INFO 20958 --- [    Test worker] .b.t.c.SpringBootTestContextBootstrapper : Using TestExecutionListeners: [org.springframework.test.context.web.ServletTestExecutionListener@4cc99ac1, org.springframework.test.context.support.DirtiesContextBeforeModesTestExecutionListener@5a86999c, org.springframework.boot.test.autoconfigure.SpringBootDependencyInjectionTestExecutionListener@45c58166, org.springframework.test.context.support.DirtiesContextTestExecutionListener@16f824d0, org.springframework.test.context.transaction.TransactionalTestExecutionListener@16e7ab5c, org.springframework.test.context.jdbc.SqlScriptsTestExecutionListener@78c39a65, org.springframework.boot.test.autoconfigure.web.client.MockRestServiceServerResetTestExecutionListener@11e4eaaa, org.springframework.boot.test.autoconfigure.restdocs.RestDocsTestExecutionListener@46ed82e2, org.springframework.boot.test.mock.mockito.MockitoTestExecutionListener@6d7b7c28, org.springframework.boot.test.autoconfigure.web.servlet.WebDriverTestExecutionListener@90fd350, org.springframework.boot.test.mock.mockito.ResetMocksTestExecutionListener@3f08d961, org.springframework.boot.test.autoconfigure.web.servlet.MockMvcPrintOnlyOnFailureTestExecutionListener@15d8a6f0]

es.unizar.smartcampuz.model.report.ReportRepositoryTest > delete STANDARD_OUT
    2017-04-19 20:34:11.757  INFO 20958 --- [    Test worker] o.s.t.c.transaction.TransactionContext   : Began transaction (1) for test context [DefaultTestContext@5a574258 testClass = ReportRepositoryTest, testInstance = es.unizar.smartcampuz.model.report.ReportRepositoryTest@15be3057, testMethod = delete@ReportRepositoryTest, testException = [null], mergedContextConfiguration = [WebMergedContextConfiguration@23f4125f testClass = ReportRepositoryTest, locations = '{}', classes = '{class es.unizar.smartcampuz.AppApplication}', contextInitializerClasses = '[]', activeProfiles = '{}', propertySourceLocations = '{}', propertySourceProperties = '{org.springframework.boot.test.context.SpringBootTestContextBootstrapper=true}', contextCustomizers = set[org.springframework.boot.test.context.SpringBootTestContextCustomizer@2e1fd0f0, org.springframework.boot.test.context.filter.ExcludeFilterContextCustomizer@6e9e4038, org.springframework.boot.test.mock.mockito.MockitoContextCustomizer@0, org.springframework.boot.test.autoconfigure.properties.PropertyMappingContextCustomizer@0, org.springframework.boot.test.autoconfigure.web.servlet.WebDriverContextCustomizerFactory$Customizer@7cfde965], resourceBasePath = 'src/main/webapp', contextLoader = 'org.springframework.boot.test.context.SpringBootContextLoader', parent = [null]]]; transaction manager [org.springframework.orm.jpa.JpaTransactionManager@4ecaec99]; rollback [true]
    2017-04-19 20:34:11.781  INFO 20958 --- [    Test worker] o.s.t.c.transaction.TransactionContext   : Rolled back transaction for test context [DefaultTestContext@5a574258 testClass = ReportRepositoryTest, testInstance = es.unizar.smartcampuz.model.report.ReportRepositoryTest@15be3057, testMethod = delete@ReportRepositoryTest, testException = [null], mergedContextConfiguration = [WebMergedContextConfiguration@23f4125f testClass = ReportRepositoryTest, locations = '{}', classes = '{class es.unizar.smartcampuz.AppApplication}', contextInitializerClasses = '[]', activeProfiles = '{}', propertySourceLocations = '{}', propertySourceProperties = '{org.springframework.boot.test.context.SpringBootTestContextBootstrapper=true}', contextCustomizers = set[org.springframework.boot.test.context.SpringBootTestContextCustomizer@2e1fd0f0, org.springframework.boot.test.context.filter.ExcludeFilterContextCustomizer@6e9e4038, org.springframework.boot.test.mock.mockito.MockitoContextCustomizer@0, org.springframework.boot.test.autoconfigure.properties.PropertyMappingContextCustomizer@0, org.springframework.boot.test.autoconfigure.web.servlet.WebDriverContextCustomizerFactory$Customizer@7cfde965], resourceBasePath = 'src/main/webapp', contextLoader = 'org.springframework.boot.test.context.SpringBootContextLoader', parent = [null]]].

es.unizar.smartcampuz.model.report.ReportRepositoryTest > findOne STANDARD_OUT
    2017-04-19 20:34:11.783  INFO 20958 --- [    Test worker] o.s.t.c.transaction.TransactionContext   : Began transaction (1) for test context [DefaultTestContext@5a574258 testClass = ReportRepositoryTest, testInstance = es.unizar.smartcampuz.model.report.ReportRepositoryTest@437be7c1, testMethod = findOne@ReportRepositoryTest, testException = [null], mergedContextConfiguration = [WebMergedContextConfiguration@23f4125f testClass = ReportRepositoryTest, locations = '{}', classes = '{class es.unizar.smartcampuz.AppApplication}', contextInitializerClasses = '[]', activeProfiles = '{}', propertySourceLocations = '{}', propertySourceProperties = '{org.springframework.boot.test.context.SpringBootTestContextBootstrapper=true}', contextCustomizers = set[org.springframework.boot.test.context.SpringBootTestContextCustomizer@2e1fd0f0, org.springframework.boot.test.context.filter.ExcludeFilterContextCustomizer@6e9e4038, org.springframework.boot.test.mock.mockito.MockitoContextCustomizer@0, org.springframework.boot.test.autoconfigure.properties.PropertyMappingContextCustomizer@0, org.springframework.boot.test.autoconfigure.web.servlet.WebDriverContextCustomizerFactory$Customizer@7cfde965], resourceBasePath = 'src/main/webapp', contextLoader = 'org.springframework.boot.test.context.SpringBootContextLoader', parent = [null]]]; transaction manager [org.springframework.orm.jpa.JpaTransactionManager@4ecaec99]; rollback [true]
    2017-04-19 20:34:11.790  INFO 20958 --- [    Test worker] o.s.t.c.transaction.TransactionContext   : Rolled back transaction for test context [DefaultTestContext@5a574258 testClass = ReportRepositoryTest, testInstance = es.unizar.smartcampuz.model.report.ReportRepositoryTest@437be7c1, testMethod = findOne@ReportRepositoryTest, testException = [null], mergedContextConfiguration = [WebMergedContextConfiguration@23f4125f testClass = ReportRepositoryTest, locations = '{}', classes = '{class es.unizar.smartcampuz.AppApplication}', contextInitializerClasses = '[]', activeProfiles = '{}', propertySourceLocations = '{}', propertySourceProperties = '{org.springframework.boot.test.context.SpringBootTestContextBootstrapper=true}', contextCustomizers = set[org.springframework.boot.test.context.SpringBootTestContextCustomizer@2e1fd0f0, org.springframework.boot.test.context.filter.ExcludeFilterContextCustomizer@6e9e4038, org.springframework.boot.test.mock.mockito.MockitoContextCustomizer@0, org.springframework.boot.test.autoconfigure.properties.PropertyMappingContextCustomizer@0, org.springframework.boot.test.autoconfigure.web.servlet.WebDriverContextCustomizerFactory$Customizer@7cfde965], resourceBasePath = 'src/main/webapp', contextLoader = 'org.springframework.boot.test.context.SpringBootContextLoader', parent = [null]]].

es.unizar.smartcampuz.model.report.ReportRepositoryTest > update STANDARD_OUT
    2017-04-19 20:34:11.792  INFO 20958 --- [    Test worker] o.s.t.c.transaction.TransactionContext   : Began transaction (1) for test context [DefaultTestContext@5a574258 testClass = ReportRepositoryTest, testInstance = es.unizar.smartcampuz.model.report.ReportRepositoryTest@40465d40, testMethod = update@ReportRepositoryTest, testException = [null], mergedContextConfiguration = [WebMergedContextConfiguration@23f4125f testClass = ReportRepositoryTest, locations = '{}', classes = '{class es.unizar.smartcampuz.AppApplication}', contextInitializerClasses = '[]', activeProfiles = '{}', propertySourceLocations = '{}', propertySourceProperties = '{org.springframework.boot.test.context.SpringBootTestContextBootstrapper=true}', contextCustomizers = set[org.springframework.boot.test.context.SpringBootTestContextCustomizer@2e1fd0f0, org.springframework.boot.test.context.filter.ExcludeFilterContextCustomizer@6e9e4038, org.springframework.boot.test.mock.mockito.MockitoContextCustomizer@0, org.springframework.boot.test.autoconfigure.properties.PropertyMappingContextCustomizer@0, org.springframework.boot.test.autoconfigure.web.servlet.WebDriverContextCustomizerFactory$Customizer@7cfde965], resourceBasePath = 'src/main/webapp', contextLoader = 'org.springframework.boot.test.context.SpringBootContextLoader', parent = [null]]]; transaction manager [org.springframework.orm.jpa.JpaTransactionManager@4ecaec99]; rollback [true]
    2017-04-19 20:34:11.801  INFO 20958 --- [    Test worker] o.s.t.c.transaction.TransactionContext   : Rolled back transaction for test context [DefaultTestContext@5a574258 testClass = ReportRepositoryTest, testInstance = es.unizar.smartcampuz.model.report.ReportRepositoryTest@40465d40, testMethod = update@ReportRepositoryTest, testException = [null], mergedContextConfiguration = [WebMergedContextConfiguration@23f4125f testClass = ReportRepositoryTest, locations = '{}', classes = '{class es.unizar.smartcampuz.AppApplication}', contextInitializerClasses = '[]', activeProfiles = '{}', propertySourceLocations = '{}', propertySourceProperties = '{org.springframework.boot.test.context.SpringBootTestContextBootstrapper=true}', contextCustomizers = set[org.springframework.boot.test.context.SpringBootTestContextCustomizer@2e1fd0f0, org.springframework.boot.test.context.filter.ExcludeFilterContextCustomizer@6e9e4038, org.springframework.boot.test.mock.mockito.MockitoContextCustomizer@0, org.springframework.boot.test.autoconfigure.properties.PropertyMappingContextCustomizer@0, org.springframework.boot.test.autoconfigure.web.servlet.WebDriverContextCustomizerFactory$Customizer@7cfde965], resourceBasePath = 'src/main/webapp', contextLoader = 'org.springframework.boot.test.context.SpringBootContextLoader', parent = [null]]].

es.unizar.smartcampuz.model.report.ReportRepositoryTest > findByRoom STANDARD_OUT
    2017-04-19 20:34:11.803  INFO 20958 --- [    Test worker] o.s.t.c.transaction.TransactionContext   : Began transaction (1) for test context [DefaultTestContext@5a574258 testClass = ReportRepositoryTest, testInstance = es.unizar.smartcampuz.model.report.ReportRepositoryTest@1a54ff9c, testMethod = findByRoom@ReportRepositoryTest, testException = [null], mergedContextConfiguration = [WebMergedContextConfiguration@23f4125f testClass = ReportRepositoryTest, locations = '{}', classes = '{class es.unizar.smartcampuz.AppApplication}', contextInitializerClasses = '[]', activeProfiles = '{}', propertySourceLocations = '{}', propertySourceProperties = '{org.springframework.boot.test.context.SpringBootTestContextBootstrapper=true}', contextCustomizers = set[org.springframework.boot.test.context.SpringBootTestContextCustomizer@2e1fd0f0, org.springframework.boot.test.context.filter.ExcludeFilterContextCustomizer@6e9e4038, org.springframework.boot.test.mock.mockito.MockitoContextCustomizer@0, org.springframework.boot.test.autoconfigure.properties.PropertyMappingContextCustomizer@0, org.springframework.boot.test.autoconfigure.web.servlet.WebDriverContextCustomizerFactory$Customizer@7cfde965], resourceBasePath = 'src/main/webapp', contextLoader = 'org.springframework.boot.test.context.SpringBootContextLoader', parent = [null]]]; transaction manager [org.springframework.orm.jpa.JpaTransactionManager@4ecaec99]; rollback [true]
    2017-04-19 20:34:11.817  INFO 20958 --- [    Test worker] o.s.t.c.transaction.TransactionContext   : Rolled back transaction for test context [DefaultTestContext@5a574258 testClass = ReportRepositoryTest, testInstance = es.unizar.smartcampuz.model.report.ReportRepositoryTest@1a54ff9c, testMethod = findByRoom@ReportRepositoryTest, testException = [null], mergedContextConfiguration = [WebMergedContextConfiguration@23f4125f testClass = ReportRepositoryTest, locations = '{}', classes = '{class es.unizar.smartcampuz.AppApplication}', contextInitializerClasses = '[]', activeProfiles = '{}', propertySourceLocations = '{}', propertySourceProperties = '{org.springframework.boot.test.context.SpringBootTestContextBootstrapper=true}', contextCustomizers = set[org.springframework.boot.test.context.SpringBootTestContextCustomizer@2e1fd0f0, org.springframework.boot.test.context.filter.ExcludeFilterContextCustomizer@6e9e4038, org.springframework.boot.test.mock.mockito.MockitoContextCustomizer@0, org.springframework.boot.test.autoconfigure.properties.PropertyMappingContextCustomizer@0, org.springframework.boot.test.autoconfigure.web.servlet.WebDriverContextCustomizerFactory$Customizer@7cfde965], resourceBasePath = 'src/main/webapp', contextLoader = 'org.springframework.boot.test.context.SpringBootContextLoader', parent = [null]]].

es.unizar.smartcampuz.model.report.ReportRepositoryTest > save STANDARD_OUT
    2017-04-19 20:34:11.820  INFO 20958 --- [    Test worker] o.s.t.c.transaction.TransactionContext   : Began transaction (1) for test context [DefaultTestContext@5a574258 testClass = ReportRepositoryTest, testInstance = es.unizar.smartcampuz.model.report.ReportRepositoryTest@758cd094, testMethod = save@ReportRepositoryTest, testException = [null], mergedContextConfiguration = [WebMergedContextConfiguration@23f4125f testClass = ReportRepositoryTest, locations = '{}', classes = '{class es.unizar.smartcampuz.AppApplication}', contextInitializerClasses = '[]', activeProfiles = '{}', propertySourceLocations = '{}', propertySourceProperties = '{org.springframework.boot.test.context.SpringBootTestContextBootstrapper=true}', contextCustomizers = set[org.springframework.boot.test.context.SpringBootTestContextCustomizer@2e1fd0f0, org.springframework.boot.test.context.filter.ExcludeFilterContextCustomizer@6e9e4038, org.springframework.boot.test.mock.mockito.MockitoContextCustomizer@0, org.springframework.boot.test.autoconfigure.properties.PropertyMappingContextCustomizer@0, org.springframework.boot.test.autoconfigure.web.servlet.WebDriverContextCustomizerFactory$Customizer@7cfde965], resourceBasePath = 'src/main/webapp', contextLoader = 'org.springframework.boot.test.context.SpringBootContextLoader', parent = [null]]]; transaction manager [org.springframework.orm.jpa.JpaTransactionManager@4ecaec99]; rollback [true]
    2017-04-19 20:34:11.827  INFO 20958 --- [    Test worker] o.s.t.c.transaction.TransactionContext   : Rolled back transaction for test context [DefaultTestContext@5a574258 testClass = ReportRepositoryTest, testInstance = es.unizar.smartcampuz.model.report.ReportRepositoryTest@758cd094, testMethod = save@ReportRepositoryTest, testException = [null], mergedContextConfiguration = [WebMergedContextConfiguration@23f4125f testClass = ReportRepositoryTest, locations = '{}', classes = '{class es.unizar.smartcampuz.AppApplication}', contextInitializerClasses = '[]', activeProfiles = '{}', propertySourceLocations = '{}', propertySourceProperties = '{org.springframework.boot.test.context.SpringBootTestContextBootstrapper=true}', contextCustomizers = set[org.springframework.boot.test.context.SpringBootTestContextCustomizer@2e1fd0f0, org.springframework.boot.test.context.filter.ExcludeFilterContextCustomizer@6e9e4038, org.springframework.boot.test.mock.mockito.MockitoContextCustomizer@0, org.springframework.boot.test.autoconfigure.properties.PropertyMappingContextCustomizer@0, org.springframework.boot.test.autoconfigure.web.servlet.WebDriverContextCustomizerFactory$Customizer@7cfde965], resourceBasePath = 'src/main/webapp', contextLoader = 'org.springframework.boot.test.context.SpringBootContextLoader', parent = [null]]].

es.unizar.smartcampuz.model.report.ReportRepositoryTest > findByWorker STANDARD_OUT
    2017-04-19 20:34:11.830  INFO 20958 --- [    Test worker] o.s.t.c.transaction.TransactionContext   : Began transaction (1) for test context [DefaultTestContext@5a574258 testClass = ReportRepositoryTest, testInstance = es.unizar.smartcampuz.model.report.ReportRepositoryTest@41e523d3, testMethod = findByWorker@ReportRepositoryTest, testException = [null], mergedContextConfiguration = [WebMergedContextConfiguration@23f4125f testClass = ReportRepositoryTest, locations = '{}', classes = '{class es.unizar.smartcampuz.AppApplication}', contextInitializerClasses = '[]', activeProfiles = '{}', propertySourceLocations = '{}', propertySourceProperties = '{org.springframework.boot.test.context.SpringBootTestContextBootstrapper=true}', contextCustomizers = set[org.springframework.boot.test.context.SpringBootTestContextCustomizer@2e1fd0f0, org.springframework.boot.test.context.filter.ExcludeFilterContextCustomizer@6e9e4038, org.springframework.boot.test.mock.mockito.MockitoContextCustomizer@0, org.springframework.boot.test.autoconfigure.properties.PropertyMappingContextCustomizer@0, org.springframework.boot.test.autoconfigure.web.servlet.WebDriverContextCustomizerFactory$Customizer@7cfde965], resourceBasePath = 'src/main/webapp', contextLoader = 'org.springframework.boot.test.context.SpringBootContextLoader', parent = [null]]]; transaction manager [org.springframework.orm.jpa.JpaTransactionManager@4ecaec99]; rollback [true]
    2017-04-19 20:34:11.846  INFO 20958 --- [    Test worker] o.s.t.c.transaction.TransactionContext   : Rolled back transaction for test context [DefaultTestContext@5a574258 testClass = ReportRepositoryTest, testInstance = es.unizar.smartcampuz.model.report.ReportRepositoryTest@41e523d3, testMethod = findByWorker@ReportRepositoryTest, testException = [null], mergedContextConfiguration = [WebMergedContextConfiguration@23f4125f testClass = ReportRepositoryTest, locations = '{}', classes = '{class es.unizar.smartcampuz.AppApplication}', contextInitializerClasses = '[]', activeProfiles = '{}', propertySourceLocations = '{}', propertySourceProperties = '{org.springframework.boot.test.context.SpringBootTestContextBootstrapper=true}', contextCustomizers = set[org.springframework.boot.test.context.SpringBootTestContextCustomizer@2e1fd0f0, org.springframework.boot.test.context.filter.ExcludeFilterContextCustomizer@6e9e4038, org.springframework.boot.test.mock.mockito.MockitoContextCustomizer@0, org.springframework.boot.test.autoconfigure.properties.PropertyMappingContextCustomizer@0, org.springframework.boot.test.autoconfigure.web.servlet.WebDriverContextCustomizerFactory$Customizer@7cfde965], resourceBasePath = 'src/main/webapp', contextLoader = 'org.springframework.boot.test.context.SpringBootContextLoader', parent = [null]]].

es.unizar.smartcampuz.AppApplicationTests STANDARD_OUT
    2017-04-19 20:34:11.848  INFO 20958 --- [    Test worker] .b.t.c.SpringBootTestContextBootstrapper : Neither @ContextConfiguration nor @ContextHierarchy found for test class [es.unizar.smartcampuz.AppApplicationTests], using SpringBootContextLoader
    2017-04-19 20:34:11.848  INFO 20958 --- [    Test worker] o.s.t.c.support.AbstractContextLoader    : Could not detect default resource locations for test class [es.unizar.smartcampuz.AppApplicationTests]: no resource found for suffixes {-context.xml, Context.groovy}.
    2017-04-19 20:34:11.849  INFO 20958 --- [    Test worker] t.c.s.AnnotationConfigContextLoaderUtils : Could not detect default configuration classes for test class [es.unizar.smartcampuz.AppApplicationTests]: AppApplicationTests does not declare any static, non-private, non-final, nested classes annotated with @Configuration.
    2017-04-19 20:34:11.855  INFO 20958 --- [    Test worker] .b.t.c.SpringBootTestContextBootstrapper : Found @SpringBootConfiguration es.unizar.smartcampuz.AppApplication for test class es.unizar.smartcampuz.AppApplicationTests
    2017-04-19 20:34:11.857  INFO 20958 --- [    Test worker] .b.t.c.SpringBootTestContextBootstrapper : Loaded default TestExecutionListener class names from location [META-INF/spring.factories]: [org.springframework.boot.test.mock.mockito.MockitoTestExecutionListener, org.springframework.boot.test.mock.mockito.ResetMocksTestExecutionListener, org.springframework.boot.test.autoconfigure.restdocs.RestDocsTestExecutionListener, org.springframework.boot.test.autoconfigure.web.client.MockRestServiceServerResetTestExecutionListener, org.springframework.boot.test.autoconfigure.web.servlet.MockMvcPrintOnlyOnFailureTestExecutionListener, org.springframework.boot.test.autoconfigure.web.servlet.WebDriverTestExecutionListener, org.springframework.test.context.web.ServletTestExecutionListener, org.springframework.test.context.support.DirtiesContextBeforeModesTestExecutionListener, org.springframework.test.context.support.DependencyInjectionTestExecutionListener, org.springframework.test.context.support.DirtiesContextTestExecutionListener, org.springframework.test.context.transaction.TransactionalTestExecutionListener, org.springframework.test.context.jdbc.SqlScriptsTestExecutionListener]
    2017-04-19 20:34:11.859  INFO 20958 --- [    Test worker] .b.t.c.SpringBootTestContextBootstrapper : Using TestExecutionListeners: [org.springframework.test.context.web.ServletTestExecutionListener@4ffc6c37, org.springframework.test.context.support.DirtiesContextBeforeModesTestExecutionListener@592ab7bb, org.springframework.boot.test.autoconfigure.SpringBootDependencyInjectionTestExecutionListener@33849d4a, org.springframework.test.context.support.DirtiesContextTestExecutionListener@749b6059, org.springframework.test.context.transaction.TransactionalTestExecutionListener@582a3729, org.springframework.test.context.jdbc.SqlScriptsTestExecutionListener@54b1d4f8, org.springframework.boot.test.autoconfigure.web.client.MockRestServiceServerResetTestExecutionListener@43486de9, org.springframework.boot.test.autoconfigure.restdocs.RestDocsTestExecutionListener@6cfe5471, org.springframework.boot.test.mock.mockito.MockitoTestExecutionListener@65e4b5b8, org.springframework.boot.test.autoconfigure.web.servlet.WebDriverTestExecutionListener@3fa8abe8, org.springframework.boot.test.mock.mockito.ResetMocksTestExecutionListener@3f8fbed1, org.springframework.boot.test.autoconfigure.web.servlet.MockMvcPrintOnlyOnFailureTestExecutionListener@214c288d]

es.unizar.smartcampuz.application.controller.CredentialControllerTest STANDARD_OUT
    2017-04-19 20:34:11.868  INFO 20958 --- [    Test worker] .b.t.c.SpringBootTestContextBootstrapper : Neither @ContextConfiguration nor @ContextHierarchy found for test class [es.unizar.smartcampuz.application.controller.CredentialControllerTest], using SpringBootContextLoader
    2017-04-19 20:34:11.869  INFO 20958 --- [    Test worker] o.s.t.c.support.AbstractContextLoader    : Could not detect default resource locations for test class [es.unizar.smartcampuz.application.controller.CredentialControllerTest]: no resource found for suffixes {-context.xml, Context.groovy}.
    2017-04-19 20:34:11.869  INFO 20958 --- [    Test worker] t.c.s.AnnotationConfigContextLoaderUtils : Could not detect default configuration classes for test class [es.unizar.smartcampuz.application.controller.CredentialControllerTest]: CredentialControllerTest does not declare any static, non-private, non-final, nested classes annotated with @Configuration.
    2017-04-19 20:34:11.892  INFO 20958 --- [    Test worker] .b.t.c.SpringBootTestContextBootstrapper : Found @SpringBootConfiguration es.unizar.smartcampuz.AppApplication for test class es.unizar.smartcampuz.application.controller.CredentialControllerTest
    2017-04-19 20:34:11.894  INFO 20958 --- [    Test worker] .b.t.c.SpringBootTestContextBootstrapper : Loaded default TestExecutionListener class names from location [META-INF/spring.factories]: [org.springframework.boot.test.mock.mockito.MockitoTestExecutionListener, org.springframework.boot.test.mock.mockito.ResetMocksTestExecutionListener, org.springframework.boot.test.autoconfigure.restdocs.RestDocsTestExecutionListener, org.springframework.boot.test.autoconfigure.web.client.MockRestServiceServerResetTestExecutionListener, org.springframework.boot.test.autoconfigure.web.servlet.MockMvcPrintOnlyOnFailureTestExecutionListener, org.springframework.boot.test.autoconfigure.web.servlet.WebDriverTestExecutionListener, org.springframework.test.context.web.ServletTestExecutionListener, org.springframework.test.context.support.DirtiesContextBeforeModesTestExecutionListener, org.springframework.test.context.support.DependencyInjectionTestExecutionListener, org.springframework.test.context.support.DirtiesContextTestExecutionListener, org.springframework.test.context.transaction.TransactionalTestExecutionListener, org.springframework.test.context.jdbc.SqlScriptsTestExecutionListener]
    2017-04-19 20:34:11.896  INFO 20958 --- [    Test worker] .b.t.c.SpringBootTestContextBootstrapper : Using TestExecutionListeners: [org.springframework.test.context.web.ServletTestExecutionListener@2a95dd5c, org.springframework.test.context.support.DirtiesContextBeforeModesTestExecutionListener@ca531bd, org.springframework.boot.test.autoconfigure.SpringBootDependencyInjectionTestExecutionListener@3f47d10e, org.springframework.test.context.support.DirtiesContextTestExecutionListener@57b7ff29, org.springframework.test.context.transaction.TransactionalTestExecutionListener@53cca7be, org.springframework.test.context.jdbc.SqlScriptsTestExecutionListener@76414ca3, org.springframework.boot.test.autoconfigure.web.client.MockRestServiceServerResetTestExecutionListener@770f2cc4, org.springframework.boot.test.autoconfigure.restdocs.RestDocsTestExecutionListener@1f29cbbb, org.springframework.boot.test.mock.mockito.MockitoTestExecutionListener@296e7eb7, org.springframework.boot.test.autoconfigure.web.servlet.WebDriverTestExecutionListener@55360b6d, org.springframework.boot.test.mock.mockito.ResetMocksTestExecutionListener@5bd16403, org.springframework.boot.test.autoconfigure.web.servlet.MockMvcPrintOnlyOnFailureTestExecutionListener@a7418d1]

      .   ____          _            __ _ _
     /\\ / ___'_ __ _ _(_)_ __  __ _ \ \ \ \
    ( ( )\___ | '_ | '_| | '_ \/ _` | \ \ \ \
     \\/  ___)| |_)| | | | | || (_| |  ) ) ) )
      '  |____| .__|_| |_|_| |_\__, | / / / /
     =========|_|==============|___/=/_/_/_/
     :: Spring Boot ::        (v1.5.1.RELEASE)

    2017-04-19 20:34:12.001  INFO 20958 --- [    Test worker] e.u.s.a.c.CredentialControllerTest       : Starting CredentialControllerTest on inigoubuntu with PID 20958 (started by inigo in /home/inigo/Documentos/LIS/smartCampUZ)
    2017-04-19 20:34:12.002  INFO 20958 --- [    Test worker] e.u.s.a.c.CredentialControllerTest       : The following profiles are active: test
    2017-04-19 20:34:12.004  INFO 20958 --- [    Test worker] o.s.w.c.s.GenericWebApplicationContext   : Refreshing org.springframework.web.context.support.GenericWebApplicationContext@50deae70: startup date [Wed Apr 19 20:34:12 CEST 2017]; root of context hierarchy
    2017-04-19 20:34:12.413  INFO 20958 --- [    Test worker] trationDelegate$BeanPostProcessorChecker : Bean 'org.springframework.boot.autoconfigure.validation.ValidationAutoConfiguration' of type [class org.springframework.boot.autoconfigure.validation.ValidationAutoConfiguration] is not eligible for getting processed by all BeanPostProcessors (for example: not eligible for auto-proxying)
    2017-04-19 20:34:12.420  INFO 20958 --- [    Test worker] trationDelegate$BeanPostProcessorChecker : Bean 'validator' of type [class org.springframework.validation.beanvalidation.LocalValidatorFactoryBean] is not eligible for getting processed by all BeanPostProcessors (for example: not eligible for auto-proxying)
    2017-04-19 20:34:12.429  INFO 20958 --- [    Test worker] trationDelegate$BeanPostProcessorChecker : Bean 'org.springframework.transaction.annotation.ProxyTransactionManagementConfiguration' of type [class org.springframework.transaction.annotation.ProxyTransactionManagementConfiguration$$EnhancerBySpringCGLIB$$6314e8b0] is not eligible for getting processed by all BeanPostProcessors (for example: not eligible for auto-proxying)
    2017-04-19 20:34:12.684  INFO 20958 --- [    Test worker] j.LocalContainerEntityManagerFactoryBean : Building JPA container EntityManagerFactory for persistence unit 'default'
    2017-04-19 20:34:12.684  INFO 20958 --- [    Test worker] o.hibernate.jpa.internal.util.LogHelper  : HHH000204: Processing PersistenceUnitInfo [
    	name: default
    	...]
    2017-04-19 20:34:12.692  INFO 20958 --- [    Test worker] org.hibernate.dialect.Dialect            : HHH000400: Using dialect: org.hibernate.dialect.HSQLDialect
    2017-04-19 20:34:12.732  INFO 20958 --- [    Test worker] org.hibernate.tool.hbm2ddl.SchemaExport  : HHH000227: Running hbm2ddl schema export
    2017-04-19 20:34:12.737  INFO 20958 --- [    Test worker] org.hibernate.tool.hbm2ddl.SchemaExport  : HHH000476: Executing import script 'test.sql'
    2017-04-19 20:34:12.740 ERROR 20958 --- [    Test worker] org.hibernate.tool.hbm2ddl.SchemaExport  : HHH000388: Unsuccessful: INSERT INTO report (id, roomid, state, worker_id, description) VALUES (15, 'HD-404', 'INBOX', 8, 'Report6');()
    2017-04-19 20:34:12.740 ERROR 20958 --- [    Test worker] org.hibernate.tool.hbm2ddl.SchemaExport  : palabra no esperado: )
    2017-04-19 20:34:12.741  INFO 20958 --- [    Test worker] org.hibernate.tool.hbm2ddl.SchemaExport  : HHH000230: Schema export complete
    2017-04-19 20:34:12.744  WARN 20958 --- [    Test worker] o.h.j.i.EntityManagerFactoryRegistry     : HHH000436: Entity manager factory name (default) is already registered.  If entity manager will be clustered or passivated, specify a unique value for property 'hibernate.ejb.entitymanager_factory_name'
    2017-04-19 20:34:12.745  INFO 20958 --- [    Test worker] j.LocalContainerEntityManagerFactoryBean : Initialized JPA EntityManagerFactory for persistence unit 'default'
    2017-04-19 20:34:13.060  INFO 20958 --- [    Test worker] o.s.b.t.m.w.SpringBootMockServletContext : Initializing Spring FrameworkServlet ''
    2017-04-19 20:34:13.060  INFO 20958 --- [    Test worker] o.s.t.web.servlet.TestDispatcherServlet  : FrameworkServlet '': initialization started
    2017-04-19 20:34:13.090  INFO 20958 --- [    Test worker] s.w.s.m.m.a.RequestMappingHandlerMapping : Mapped "{[/listWorkers],methods=[GET]}" onto public org.springframework.http.ResponseEntity<java.lang.String> es.unizar.smartcampuz.application.controller.AdminDashboardController.listWorkers() throws java.io.IOException
    2017-04-19 20:34:13.090  INFO 20958 --- [    Test worker] s.w.s.m.m.a.RequestMappingHandlerMapping : Mapped "{[/state],methods=[PUT]}" onto public org.springframework.http.ResponseEntity<java.lang.String> es.unizar.smartcampuz.application.controller.AdminDashboardController.modifyReportState(javax.servlet.http.HttpServletRequest) throws java.io.IOException
    2017-04-19 20:34:13.091  INFO 20958 --- [    Test worker] s.w.s.m.m.a.RequestMappingHandlerMapping : Mapped "{[/assignWorker],methods=[PUT]}" onto public org.springframework.http.ResponseEntity<java.lang.String> es.unizar.smartcampuz.application.controller.AdminDashboardController.assignWorkerToReport(javax.servlet.http.HttpServletRequest) throws java.io.IOException
    2017-04-19 20:34:13.091  INFO 20958 --- [    Test worker] s.w.s.m.m.a.RequestMappingHandlerMapping : Mapped "{[/listReports],methods=[GET]}" onto public org.springframework.http.ResponseEntity<java.lang.String> es.unizar.smartcampuz.application.controller.AdminDashboardController.listReports(javax.servlet.http.HttpServletRequest) throws java.io.IOException
    2017-04-19 20:34:13.092  INFO 20958 --- [    Test worker] s.w.s.m.m.a.RequestMappingHandlerMapping : Mapped "{[/locationFromCoords],methods=[GET]}" onto public org.springframework.http.ResponseEntity<es.unizar.smartcampuz.application.database.Room> es.unizar.smartcampuz.application.controller.CoordController.getRoom(double,double,java.lang.String[]) throws java.io.IOException,java.sql.SQLException
    2017-04-19 20:34:13.093  INFO 20958 --- [    Test worker] s.w.s.m.m.a.RequestMappingHandlerMapping : Mapped "{[/signIn],methods=[POST]}" onto public org.springframework.http.ResponseEntity<java.lang.String> es.unizar.smartcampuz.application.controller.CredentialController.signIn(javax.servlet.http.HttpServletRequest) throws java.io.IOException
    2017-04-19 20:34:13.094  INFO 20958 --- [    Test worker] s.w.s.m.m.a.RequestMappingHandlerMapping : Mapped "{[/report],methods=[POST]}" onto public org.springframework.http.ResponseEntity<java.lang.String> es.unizar.smartcampuz.application.controller.DashboardController.newReport(javax.servlet.http.HttpServletRequest) throws java.io.IOException
    2017-04-19 20:34:13.094  INFO 20958 --- [    Test worker] s.w.s.m.m.a.RequestMappingHandlerMapping : Mapped "{[/reservation],methods=[POST]}" onto public org.springframework.http.ResponseEntity<java.lang.String> es.unizar.smartcampuz.application.controller.DashboardController.newReservation(javax.servlet.http.HttpServletRequest) throws java.io.IOException
    2017-04-19 20:34:13.096  INFO 20958 --- [    Test worker] s.w.s.m.m.a.RequestMappingHandlerMapping : Mapped "{[/listWorkerReports],methods=[GET]}" onto public org.springframework.http.ResponseEntity<java.lang.String> es.unizar.smartcampuz.application.controller.WorkerDashboardController.listWorkerReports(javax.servlet.http.HttpServletRequest) throws java.io.IOException
    2017-04-19 20:34:13.096  INFO 20958 --- [    Test worker] s.w.s.m.m.a.RequestMappingHandlerMapping : Mapped "{[/markReport],methods=[PUT]}" onto public org.springframework.http.ResponseEntity<java.lang.String> es.unizar.smartcampuz.application.controller.WorkerDashboardController.markReportAsDoneOrTrouble(javax.servlet.http.HttpServletRequest) throws java.io.IOException
    2017-04-19 20:34:13.098  INFO 20958 --- [    Test worker] s.w.s.m.m.a.RequestMappingHandlerMapping : Mapped "{[/error],produces=[text/html]}" onto public org.springframework.web.servlet.ModelAndView org.springframework.boot.autoconfigure.web.BasicErrorController.errorHtml(javax.servlet.http.HttpServletRequest,javax.servlet.http.HttpServletResponse)
    2017-04-19 20:34:13.098  INFO 20958 --- [    Test worker] s.w.s.m.m.a.RequestMappingHandlerMapping : Mapped "{[/error]}" onto public org.springframework.http.ResponseEntity<java.util.Map<java.lang.String, java.lang.Object>> org.springframework.boot.autoconfigure.web.BasicErrorController.error(javax.servlet.http.HttpServletRequest)
    2017-04-19 20:34:13.114  INFO 20958 --- [    Test worker] o.s.w.s.handler.SimpleUrlHandlerMapping  : Mapped URL path [/webjars/**] onto handler of type [class org.springframework.web.servlet.resource.ResourceHttpRequestHandler]
    2017-04-19 20:34:13.114  INFO 20958 --- [    Test worker] o.s.w.s.handler.SimpleUrlHandlerMapping  : Mapped URL path [/**] onto handler of type [class org.springframework.web.servlet.resource.ResourceHttpRequestHandler]
    2017-04-19 20:34:13.123  INFO 20958 --- [    Test worker] o.s.w.s.handler.SimpleUrlHandlerMapping  : Mapped URL path [/**/favicon.ico] onto handler of type [class org.springframework.web.servlet.resource.ResourceHttpRequestHandler]
    2017-04-19 20:34:13.125  INFO 20958 --- [    Test worker] oConfiguration$WelcomePageHandlerMapping : Adding welcome page: ServletContext resource [/index.html]
    2017-04-19 20:34:13.147  INFO 20958 --- [    Test worker] s.w.s.m.m.a.RequestMappingHandlerAdapter : Looking for @ControllerAdvice: org.springframework.web.context.support.GenericWebApplicationContext@50deae70: startup date [Wed Apr 19 20:34:12 CEST 2017]; root of context hierarchy
    2017-04-19 20:34:13.167  INFO 20958 --- [    Test worker] .m.m.a.ExceptionHandlerExceptionResolver : Detected @ExceptionHandler methods in globalControllerExceptionHandler
    2017-04-19 20:34:13.190  INFO 20958 --- [    Test worker] o.s.t.web.servlet.TestDispatcherServlet  : FrameworkServlet '': initialization completed in 129 ms
    2017-04-19 20:34:13.225  INFO 20958 --- [    Test worker] o.s.s.web.DefaultSecurityFilterChain     : Creating filter chain: OrRequestMatcher [requestMatchers=[Ant [pattern='/css/**'], Ant [pattern='/js/**'], Ant [pattern='/images/**'], Ant [pattern='/webjars/**'], Ant [pattern='/**/favicon.ico'], Ant [pattern='/error']]], []
    2017-04-19 20:34:13.252  INFO 20958 --- [    Test worker] o.s.s.web.DefaultSecurityFilterChain     : Creating filter chain: org.springframework.security.web.util.matcher.AnyRequestMatcher@1, [org.springframework.security.web.context.request.async.WebAsyncManagerIntegrationFilter@6620821, org.springframework.security.web.context.SecurityContextPersistenceFilter@3023d835, org.springframework.security.web.header.HeaderWriterFilter@7a6057d8, org.springframework.security.web.authentication.logout.LogoutFilter@362f721b, es.unizar.smartcampuz.infrastructure.auth.jwt.JwtAuthFilter@65537f18, org.springframework.security.web.savedrequest.RequestCacheAwareFilter@3f653be5, org.springframework.security.web.servletapi.SecurityContextHolderAwareRequestFilter@47c36546, org.springframework.security.web.authentication.AnonymousAuthenticationFilter@7a09cb94, org.springframework.security.web.session.SessionManagementFilter@10cc2a37, org.springframework.security.web.access.ExceptionTranslationFilter@78aeecf8, org.springframework.security.web.access.intercept.FilterSecurityInterceptor@6df4efb7]
    2017-04-19 20:34:13.259  INFO 20958 --- [    Test worker] o.s.s.web.DefaultSecurityFilterChain     : Creating filter chain: OrRequestMatcher [requestMatchers=[Ant [pattern='/**']]], [org.springframework.security.web.context.request.async.WebAsyncManagerIntegrationFilter@3aab3a2e, org.springframework.security.web.context.SecurityContextPersistenceFilter@1f6a844b, org.springframework.security.web.header.HeaderWriterFilter@4e80bd55, org.springframework.security.web.authentication.logout.LogoutFilter@1a92ac78, org.springframework.security.web.authentication.www.BasicAuthenticationFilter@51913bbd, org.springframework.security.web.savedrequest.RequestCacheAwareFilter@745f1ed5, org.springframework.security.web.servletapi.SecurityContextHolderAwareRequestFilter@3f7e7f1e, org.springframework.security.web.authentication.AnonymousAuthenticationFilter@5ad34154, org.springframework.security.web.session.SessionManagementFilter@2821ad04, org.springframework.security.web.access.ExceptionTranslationFilter@54e7e734, org.springframework.security.web.access.intercept.FilterSecurityInterceptor@46143f4e]
    2017-04-19 20:34:13.392  INFO 20958 --- [    Test worker] e.u.s.a.c.CredentialControllerTest       : Started CredentialControllerTest in 1.491 seconds (JVM running for 10.88)

es.unizar.smartcampuz.application.controller.CredentialControllerTest > signInWithWrongPassword STANDARD_OUT
    2017-04-19 20:34:13.398  INFO 20958 --- [    Test worker] o.s.b.t.m.w.SpringBootMockServletContext : Initializing Spring FrameworkServlet ''
    2017-04-19 20:34:13.399  INFO 20958 --- [    Test worker] o.s.t.web.servlet.TestDispatcherServlet  : FrameworkServlet '': initialization started
    2017-04-19 20:34:13.401  INFO 20958 --- [    Test worker] o.s.t.web.servlet.TestDispatcherServlet  : FrameworkServlet '': initialization completed in 2 ms
    2017-04-19 20:34:13.403  INFO 20958 --- [    Test worker] o.h.h.i.QueryTranslatorFactoryInitiator  : HHH000397: Using ASTQueryTranslatorFactory
    2017-04-19 20:34:13.471  INFO 20958 --- [    Test worker] e.u.s.a.controller.CredentialController  : Credential: admin@unizar.es Pass: wrongPass
    2017-04-19 20:34:13.474  INFO 20958 --- [    Test worker] e.u.s.a.controller.CredentialController  : Contrasea incorrecta

es.unizar.smartcampuz.application.controller.CredentialControllerTest > signInWithNotExistingUsername STANDARD_OUT
    2017-04-19 20:34:13.496  INFO 20958 --- [    Test worker] o.s.b.t.m.w.SpringBootMockServletContext : Initializing Spring FrameworkServlet ''
    2017-04-19 20:34:13.496  INFO 20958 --- [    Test worker] o.s.t.web.servlet.TestDispatcherServlet  : FrameworkServlet '': initialization started
    2017-04-19 20:34:13.499  INFO 20958 --- [    Test worker] o.s.t.web.servlet.TestDispatcherServlet  : FrameworkServlet '': initialization completed in 3 ms
    2017-04-19 20:34:13.507  INFO 20958 --- [    Test worker] e.u.s.a.controller.CredentialController  : Credential: doesNotExists Pass: password
    2017-04-19 20:34:13.509  INFO 20958 --- [    Test worker] e.u.s.a.controller.CredentialController  : El usuario no existe

es.unizar.smartcampuz.application.controller.CredentialControllerTest > signIn STANDARD_OUT
    2017-04-19 20:34:13.515  INFO 20958 --- [    Test worker] o.s.b.t.m.w.SpringBootMockServletContext : Initializing Spring FrameworkServlet ''
    2017-04-19 20:34:13.515  INFO 20958 --- [    Test worker] o.s.t.web.servlet.TestDispatcherServlet  : FrameworkServlet '': initialization started
    2017-04-19 20:34:13.518  INFO 20958 --- [    Test worker] o.s.t.web.servlet.TestDispatcherServlet  : FrameworkServlet '': initialization completed in 3 ms
    2017-04-19 20:34:13.526  INFO 20958 --- [    Test worker] e.u.s.a.controller.CredentialController  : Credential: admin@unizar.es Pass: password
    2017-04-19 20:34:13.528  INFO 20958 --- [    Test worker] e.u.s.a.controller.CredentialController  : Usuario y contrasea correctos

es.unizar.smartcampuz.application.controller.CredentialControllerTest > signInWithBlankFields STANDARD_OUT
    2017-04-19 20:34:13.948  INFO 20958 --- [    Test worker] o.s.b.t.m.w.SpringBootMockServletContext : Initializing Spring FrameworkServlet ''
    2017-04-19 20:34:13.948  INFO 20958 --- [    Test worker] o.s.t.web.servlet.TestDispatcherServlet  : FrameworkServlet '': initialization started
    2017-04-19 20:34:13.951  INFO 20958 --- [    Test worker] o.s.t.web.servlet.TestDispatcherServlet  : FrameworkServlet '': initialization completed in 2 ms
    2017-04-19 20:34:13.960  INFO 20958 --- [    Test worker] e.u.s.a.controller.CredentialController  : Credential:  Pass: 
    2017-04-19 20:34:13.960  INFO 20958 --- [    Test worker] e.u.s.a.controller.CredentialController  : Usuario o contrasea incorrectos

es.unizar.smartcampuz.application.controller.CoordControllerTest STANDARD_OUT
    2017-04-19 20:34:13.967  INFO 20958 --- [    Test worker] .b.t.c.SpringBootTestContextBootstrapper : Neither @ContextConfiguration nor @ContextHierarchy found for test class [es.unizar.smartcampuz.application.controller.CoordControllerTest], using SpringBootContextLoader
    2017-04-19 20:34:13.967  INFO 20958 --- [    Test worker] o.s.t.c.support.AbstractContextLoader    : Could not detect default resource locations for test class [es.unizar.smartcampuz.application.controller.CoordControllerTest]: no resource found for suffixes {-context.xml, Context.groovy}.
    2017-04-19 20:34:13.968  INFO 20958 --- [    Test worker] t.c.s.AnnotationConfigContextLoaderUtils : Could not detect default configuration classes for test class [es.unizar.smartcampuz.application.controller.CoordControllerTest]: CoordControllerTest does not declare any static, non-private, non-final, nested classes annotated with @Configuration.
    2017-04-19 20:34:13.973  INFO 20958 --- [    Test worker] .b.t.c.SpringBootTestContextBootstrapper : Found @SpringBootConfiguration es.unizar.smartcampuz.AppApplication for test class es.unizar.smartcampuz.application.controller.CoordControllerTest
    2017-04-19 20:34:13.974  INFO 20958 --- [    Test worker] .b.t.c.SpringBootTestContextBootstrapper : Loaded default TestExecutionListener class names from location [META-INF/spring.factories]: [org.springframework.boot.test.mock.mockito.MockitoTestExecutionListener, org.springframework.boot.test.mock.mockito.ResetMocksTestExecutionListener, org.springframework.boot.test.autoconfigure.restdocs.RestDocsTestExecutionListener, org.springframework.boot.test.autoconfigure.web.client.MockRestServiceServerResetTestExecutionListener, org.springframework.boot.test.autoconfigure.web.servlet.MockMvcPrintOnlyOnFailureTestExecutionListener, org.springframework.boot.test.autoconfigure.web.servlet.WebDriverTestExecutionListener, org.springframework.test.context.web.ServletTestExecutionListener, org.springframework.test.context.support.DirtiesContextBeforeModesTestExecutionListener, org.springframework.test.context.support.DependencyInjectionTestExecutionListener, org.springframework.test.context.support.DirtiesContextTestExecutionListener, org.springframework.test.context.transaction.TransactionalTestExecutionListener, org.springframework.test.context.jdbc.SqlScriptsTestExecutionListener]
    2017-04-19 20:34:13.977  INFO 20958 --- [    Test worker] .b.t.c.SpringBootTestContextBootstrapper : Using TestExecutionListeners: [org.springframework.test.context.web.ServletTestExecutionListener@27611902, org.springframework.test.context.support.DirtiesContextBeforeModesTestExecutionListener@6d63804f, org.springframework.boot.test.autoconfigure.SpringBootDependencyInjectionTestExecutionListener@6888171b, org.springframework.test.context.support.DirtiesContextTestExecutionListener@5d1b367, org.springframework.test.context.transaction.TransactionalTestExecutionListener@2a5703d6, org.springframework.test.context.jdbc.SqlScriptsTestExecutionListener@5bc78f2b, org.springframework.boot.test.autoconfigure.web.client.MockRestServiceServerResetTestExecutionListener@735f7b87, org.springframework.boot.test.autoconfigure.restdocs.RestDocsTestExecutionListener@7b1da400, org.springframework.boot.test.mock.mockito.MockitoTestExecutionListener@69464106, org.springframework.boot.test.autoconfigure.web.servlet.WebDriverTestExecutionListener@e9f35d2, org.springframework.boot.test.mock.mockito.ResetMocksTestExecutionListener@614e4c5, org.springframework.boot.test.autoconfigure.web.servlet.MockMvcPrintOnlyOnFailureTestExecutionListener@103f6da3]

es.unizar.smartcampuz.application.controller.CoordControllerTest > locationFromCoordsAda SKIPPED

es.unizar.smartcampuz.application.controller.CoordControllerTest > locationFromCoordsBetan SKIPPED

es.unizar.smartcampuz.application.controller.CoordControllerTest > locationFromCoordsTorres SKIPPED

es.unizar.smartcampuz.application.controller.DashboardControllerTest STANDARD_OUT
    2017-04-19 20:34:14.000  INFO 20958 --- [    Test worker] .b.t.c.SpringBootTestContextBootstrapper : Neither @ContextConfiguration nor @ContextHierarchy found for test class [es.unizar.smartcampuz.application.controller.DashboardControllerTest], using SpringBootContextLoader
    2017-04-19 20:34:14.000  INFO 20958 --- [    Test worker] o.s.t.c.support.AbstractContextLoader    : Could not detect default resource locations for test class [es.unizar.smartcampuz.application.controller.DashboardControllerTest]: no resource found for suffixes {-context.xml, Context.groovy}.
    2017-04-19 20:34:14.000  INFO 20958 --- [    Test worker] t.c.s.AnnotationConfigContextLoaderUtils : Could not detect default configuration classes for test class [es.unizar.smartcampuz.application.controller.DashboardControllerTest]: DashboardControllerTest does not declare any static, non-private, non-final, nested classes annotated with @Configuration.
    2017-04-19 20:34:14.006  INFO 20958 --- [    Test worker] .b.t.c.SpringBootTestContextBootstrapper : Found @SpringBootConfiguration es.unizar.smartcampuz.AppApplication for test class es.unizar.smartcampuz.application.controller.DashboardControllerTest
    2017-04-19 20:34:14.008  INFO 20958 --- [    Test worker] .b.t.c.SpringBootTestContextBootstrapper : Loaded default TestExecutionListener class names from location [META-INF/spring.factories]: [org.springframework.boot.test.mock.mockito.MockitoTestExecutionListener, org.springframework.boot.test.mock.mockito.ResetMocksTestExecutionListener, org.springframework.boot.test.autoconfigure.restdocs.RestDocsTestExecutionListener, org.springframework.boot.test.autoconfigure.web.client.MockRestServiceServerResetTestExecutionListener, org.springframework.boot.test.autoconfigure.web.servlet.MockMvcPrintOnlyOnFailureTestExecutionListener, org.springframework.boot.test.autoconfigure.web.servlet.WebDriverTestExecutionListener, org.springframework.test.context.web.ServletTestExecutionListener, org.springframework.test.context.support.DirtiesContextBeforeModesTestExecutionListener, org.springframework.test.context.support.DependencyInjectionTestExecutionListener, org.springframework.test.context.support.DirtiesContextTestExecutionListener, org.springframework.test.context.transaction.TransactionalTestExecutionListener, org.springframework.test.context.jdbc.SqlScriptsTestExecutionListener]
    2017-04-19 20:34:14.009  INFO 20958 --- [    Test worker] .b.t.c.SpringBootTestContextBootstrapper : Using TestExecutionListeners: [org.springframework.test.context.web.ServletTestExecutionListener@14cc5251, org.springframework.test.context.support.DirtiesContextBeforeModesTestExecutionListener@6890bc0c, org.springframework.boot.test.autoconfigure.SpringBootDependencyInjectionTestExecutionListener@144fb19a, org.springframework.test.context.support.DirtiesContextTestExecutionListener@5848047c, org.springframework.test.context.transaction.TransactionalTestExecutionListener@2ee09bfe, org.springframework.test.context.jdbc.SqlScriptsTestExecutionListener@437d32f2, org.springframework.boot.test.autoconfigure.web.client.MockRestServiceServerResetTestExecutionListener@2ad78866, org.springframework.boot.test.autoconfigure.restdocs.RestDocsTestExecutionListener@322412a4, org.springframework.boot.test.mock.mockito.MockitoTestExecutionListener@18314075, org.springframework.boot.test.autoconfigure.web.servlet.WebDriverTestExecutionListener@32f10b23, org.springframework.boot.test.mock.mockito.ResetMocksTestExecutionListener@247321a3, org.springframework.boot.test.autoconfigure.web.servlet.MockMvcPrintOnlyOnFailureTestExecutionListener@36d0a6bb]

es.unizar.smartcampuz.application.controller.DashboardControllerTest > reportWithBlankFields STANDARD_OUT
    2017-04-19 20:34:14.036  INFO 20958 --- [    Test worker] e.u.s.a.controller.CredentialController  : Location: Una localizacion Description: 
    2017-04-19 20:34:14.044  INFO 20958 --- [    Test worker] e.u.s.a.controller.CredentialController  : Location:  Description: Una descripcion
    2017-04-19 20:34:14.048  INFO 20958 --- [    Test worker] e.u.s.a.controller.CredentialController  : Location:  Description: 

es.unizar.smartcampuz.application.controller.DashboardControllerTest > report STANDARD_OUT
    2017-04-19 20:34:14.055  INFO 20958 --- [    Test worker] e.u.s.a.controller.CredentialController  : Location: Una localizacion Description: Una descripcion

es.unizar.smartcampuz.application.controller.AdminDashboardControllerTest STANDARD_OUT
    2017-04-19 20:34:14.065  INFO 20958 --- [    Test worker] .b.t.c.SpringBootTestContextBootstrapper : Neither @ContextConfiguration nor @ContextHierarchy found for test class [es.unizar.smartcampuz.application.controller.AdminDashboardControllerTest], using SpringBootContextLoader
    2017-04-19 20:34:14.067  INFO 20958 --- [    Test worker] o.s.t.c.support.AbstractContextLoader    : Could not detect default resource locations for test class [es.unizar.smartcampuz.application.controller.AdminDashboardControllerTest]: no resource found for suffixes {-context.xml, Context.groovy}.
    2017-04-19 20:34:14.067  INFO 20958 --- [    Test worker] t.c.s.AnnotationConfigContextLoaderUtils : Could not detect default configuration classes for test class [es.unizar.smartcampuz.application.controller.AdminDashboardControllerTest]: AdminDashboardControllerTest does not declare any static, non-private, non-final, nested classes annotated with @Configuration.
    2017-04-19 20:34:14.072  INFO 20958 --- [    Test worker] .b.t.c.SpringBootTestContextBootstrapper : Found @SpringBootConfiguration es.unizar.smartcampuz.AppApplication for test class es.unizar.smartcampuz.application.controller.AdminDashboardControllerTest
    2017-04-19 20:34:14.074  INFO 20958 --- [    Test worker] .b.t.c.SpringBootTestContextBootstrapper : Loaded default TestExecutionListener class names from location [META-INF/spring.factories]: [org.springframework.boot.test.mock.mockito.MockitoTestExecutionListener, org.springframework.boot.test.mock.mockito.ResetMocksTestExecutionListener, org.springframework.boot.test.autoconfigure.restdocs.RestDocsTestExecutionListener, org.springframework.boot.test.autoconfigure.web.client.MockRestServiceServerResetTestExecutionListener, org.springframework.boot.test.autoconfigure.web.servlet.MockMvcPrintOnlyOnFailureTestExecutionListener, org.springframework.boot.test.autoconfigure.web.servlet.WebDriverTestExecutionListener, org.springframework.test.context.web.ServletTestExecutionListener, org.springframework.test.context.support.DirtiesContextBeforeModesTestExecutionListener, org.springframework.test.context.support.DependencyInjectionTestExecutionListener, org.springframework.test.context.support.DirtiesContextTestExecutionListener, org.springframework.test.context.transaction.TransactionalTestExecutionListener, org.springframework.test.context.jdbc.SqlScriptsTestExecutionListener]
    2017-04-19 20:34:14.077  INFO 20958 --- [    Test worker] .b.t.c.SpringBootTestContextBootstrapper : Using TestExecutionListeners: [org.springframework.test.context.web.ServletTestExecutionListener@3b97d804, org.springframework.test.context.support.DirtiesContextBeforeModesTestExecutionListener@7b58a94f, org.springframework.boot.test.autoconfigure.SpringBootDependencyInjectionTestExecutionListener@6872a9f1, org.springframework.test.context.support.DirtiesContextTestExecutionListener@4190d34a, org.springframework.test.context.transaction.TransactionalTestExecutionListener@44c26484, org.springframework.test.context.jdbc.SqlScriptsTestExecutionListener@7aeebf82, org.springframework.boot.test.autoconfigure.web.client.MockRestServiceServerResetTestExecutionListener@7aebc0f, org.springframework.boot.test.autoconfigure.restdocs.RestDocsTestExecutionListener@40e32533, org.springframework.boot.test.mock.mockito.MockitoTestExecutionListener@17d29fef, org.springframework.boot.test.autoconfigure.web.servlet.WebDriverTestExecutionListener@184f2038, org.springframework.boot.test.mock.mockito.ResetMocksTestExecutionListener@6af3b9fa, org.springframework.boot.test.autoconfigure.web.servlet.MockMvcPrintOnlyOnFailureTestExecutionListener@33e0c32a]

es.unizar.smartcampuz.application.controller.AdminDashboardControllerTest > changeReportToRefused STANDARD_OUT
    2017-04-19 20:34:14.087  INFO 20958 --- [    Test worker] e.u.s.a.controller.CredentialController  : Credential: admin@unizar.es Pass: password
    2017-04-19 20:34:14.090  INFO 20958 --- [    Test worker] e.u.s.a.controller.CredentialController  : Usuario y contrasea correctos
    eyJhbGciOiJIUzUxMiJ9.eyJzdWIiOiJhZG1pbkB1bml6YXIuZXMiLCJleHAiOjE0OTI2NDEyNTQsImlzcyI6IlNtYXJ0Q2FtcFVaIn0.yYkHww-_dVu4Ly-fW76r-PxWL_8QG1Eba2XFbBLFi3muDi1HRgHxNWnEy_jWkAP1RopWKj9rqEaD7_azN-n1CQ

es.unizar.smartcampuz.application.controller.AdminDashboardControllerTest > assignWorkerToReport STANDARD_OUT
    2017-04-19 20:34:14.157  INFO 20958 --- [    Test worker] e.u.s.a.controller.CredentialController  : Credential: admin@unizar.es Pass: password
    2017-04-19 20:34:14.159  INFO 20958 --- [    Test worker] e.u.s.a.controller.CredentialController  : Usuario y contrasea correctos
    eyJhbGciOiJIUzUxMiJ9.eyJzdWIiOiJhZG1pbkB1bml6YXIuZXMiLCJleHAiOjE0OTI2NDEyNTQsImlzcyI6IlNtYXJ0Q2FtcFVaIn0.yYkHww-_dVu4Ly-fW76r-PxWL_8QG1Eba2XFbBLFi3muDi1HRgHxNWnEy_jWkAP1RopWKj9rqEaD7_azN-n1CQ

es.unizar.smartcampuz.application.controller.AdminDashboardControllerTest > listLocationReport STANDARD_OUT
    2017-04-19 20:34:14.197  INFO 20958 --- [    Test worker] e.u.s.a.controller.CredentialController  : Credential: admin@unizar.es Pass: password
    2017-04-19 20:34:14.200  INFO 20958 --- [    Test worker] e.u.s.a.controller.CredentialController  : Usuario y contrasea correctos
    eyJhbGciOiJIUzUxMiJ9.eyJzdWIiOiJhZG1pbkB1bml6YXIuZXMiLCJleHAiOjE0OTI2NDEyNTQsImlzcyI6IlNtYXJ0Q2FtcFVaIn0.yYkHww-_dVu4Ly-fW76r-PxWL_8QG1Eba2XFbBLFi3muDi1HRgHxNWnEy_jWkAP1RopWKj9rqEaD7_azN-n1CQ

es.unizar.smartcampuz.application.controller.AdminDashboardControllerTest > changeNonExistingReportState STANDARD_OUT
    2017-04-19 20:34:14.228  INFO 20958 --- [    Test worker] e.u.s.a.controller.CredentialController  : Credential: admin@unizar.es Pass: password
    2017-04-19 20:34:14.230  INFO 20958 --- [    Test worker] e.u.s.a.controller.CredentialController  : Usuario y contrasea correctos
    eyJhbGciOiJIUzUxMiJ9.eyJzdWIiOiJhZG1pbkB1bml6YXIuZXMiLCJleHAiOjE0OTI2NDEyNTQsImlzcyI6IlNtYXJ0Q2FtcFVaIn0.yYkHww-_dVu4Ly-fW76r-PxWL_8QG1Eba2XFbBLFi3muDi1HRgHxNWnEy_jWkAP1RopWKj9rqEaD7_azN-n1CQ

es.unizar.smartcampuz.application.controller.AdminDashboardControllerTest > changeReportToBlankState STANDARD_OUT
    2017-04-19 20:34:14.250  INFO 20958 --- [    Test worker] e.u.s.a.controller.CredentialController  : Credential: admin@unizar.es Pass: password
    2017-04-19 20:34:14.252  INFO 20958 --- [    Test worker] e.u.s.a.controller.CredentialController  : Usuario y contrasea correctos
    eyJhbGciOiJIUzUxMiJ9.eyJzdWIiOiJhZG1pbkB1bml6YXIuZXMiLCJleHAiOjE0OTI2NDEyNTQsImlzcyI6IlNtYXJ0Q2FtcFVaIn0.yYkHww-_dVu4Ly-fW76r-PxWL_8QG1Eba2XFbBLFi3muDi1HRgHxNWnEy_jWkAP1RopWKj9rqEaD7_azN-n1CQ

es.unizar.smartcampuz.application.controller.AdminDashboardControllerTest > changeReportToNotified STANDARD_OUT
    2017-04-19 20:34:14.272  INFO 20958 --- [    Test worker] e.u.s.a.controller.CredentialController  : Credential: admin@unizar.es Pass: password
    2017-04-19 20:34:14.274  INFO 20958 --- [    Test worker] e.u.s.a.controller.CredentialController  : Usuario y contrasea correctos
    eyJhbGciOiJIUzUxMiJ9.eyJzdWIiOiJhZG1pbkB1bml6YXIuZXMiLCJleHAiOjE0OTI2NDEyNTQsImlzcyI6IlNtYXJ0Q2FtcFVaIn0.yYkHww-_dVu4Ly-fW76r-PxWL_8QG1Eba2XFbBLFi3muDi1HRgHxNWnEy_jWkAP1RopWKj9rqEaD7_azN-n1CQ

es.unizar.smartcampuz.application.controller.AdminDashboardControllerTest > assignWorkerToReportWithWrongState STANDARD_OUT
    2017-04-19 20:34:14.301  INFO 20958 --- [    Test worker] e.u.s.a.controller.CredentialController  : Credential: admin@unizar.es Pass: password
    2017-04-19 20:34:14.304  INFO 20958 --- [    Test worker] e.u.s.a.controller.CredentialController  : Usuario y contrasea correctos
    eyJhbGciOiJIUzUxMiJ9.eyJzdWIiOiJhZG1pbkB1bml6YXIuZXMiLCJleHAiOjE0OTI2NDEyNTQsImlzcyI6IlNtYXJ0Q2FtcFVaIn0.yYkHww-_dVu4Ly-fW76r-PxWL_8QG1Eba2XFbBLFi3muDi1HRgHxNWnEy_jWkAP1RopWKj9rqEaD7_azN-n1CQ

es.unizar.smartcampuz.application.controller.AdminDashboardControllerTest > changeReportToWrongState STANDARD_OUT
    2017-04-19 20:34:14.330  INFO 20958 --- [    Test worker] e.u.s.a.controller.CredentialController  : Credential: admin@unizar.es Pass: password
    2017-04-19 20:34:14.333  INFO 20958 --- [    Test worker] e.u.s.a.controller.CredentialController  : Usuario y contrasea correctos
    eyJhbGciOiJIUzUxMiJ9.eyJzdWIiOiJhZG1pbkB1bml6YXIuZXMiLCJleHAiOjE0OTI2NDEyNTQsImlzcyI6IlNtYXJ0Q2FtcFVaIn0.yYkHww-_dVu4Ly-fW76r-PxWL_8QG1Eba2XFbBLFi3muDi1HRgHxNWnEy_jWkAP1RopWKj9rqEaD7_azN-n1CQ

es.unizar.smartcampuz.application.controller.AdminDashboardControllerTest > listAllReports STANDARD_OUT
    2017-04-19 20:34:14.358  INFO 20958 --- [    Test worker] e.u.s.a.controller.CredentialController  : Credential: admin@unizar.es Pass: password
    2017-04-19 20:34:14.361  INFO 20958 --- [    Test worker] e.u.s.a.controller.CredentialController  : Usuario y contrasea correctos
    eyJhbGciOiJIUzUxMiJ9.eyJzdWIiOiJhZG1pbkB1bml6YXIuZXMiLCJleHAiOjE0OTI2NDEyNTQsImlzcyI6IlNtYXJ0Q2FtcFVaIn0.yYkHww-_dVu4Ly-fW76r-PxWL_8QG1Eba2XFbBLFi3muDi1HRgHxNWnEy_jWkAP1RopWKj9rqEaD7_azN-n1CQ

es.unizar.smartcampuz.application.controller.AdminDashboardControllerTest > listAllWorkers STANDARD_OUT
    2017-04-19 20:34:14.395  INFO 20958 --- [    Test worker] e.u.s.a.controller.CredentialController  : Credential: admin@unizar.es Pass: password
    2017-04-19 20:34:14.398  INFO 20958 --- [    Test worker] e.u.s.a.controller.CredentialController  : Usuario y contrasea correctos
    eyJhbGciOiJIUzUxMiJ9.eyJzdWIiOiJhZG1pbkB1bml6YXIuZXMiLCJleHAiOjE0OTI2NDEyNTQsImlzcyI6IlNtYXJ0Q2FtcFVaIn0.yYkHww-_dVu4Ly-fW76r-PxWL_8QG1Eba2XFbBLFi3muDi1HRgHxNWnEy_jWkAP1RopWKj9rqEaD7_azN-n1CQ

es.unizar.smartcampuz.application.controller.AdminDashboardControllerTest > changeReportState STANDARD_OUT
    2017-04-19 20:34:14.422  INFO 20958 --- [    Test worker] e.u.s.a.controller.CredentialController  : Credential: admin@unizar.es Pass: password
    2017-04-19 20:34:14.424  INFO 20958 --- [    Test worker] e.u.s.a.controller.CredentialController  : Usuario y contrasea correctos
    eyJhbGciOiJIUzUxMiJ9.eyJzdWIiOiJhZG1pbkB1bml6YXIuZXMiLCJleHAiOjE0OTI2NDEyNTQsImlzcyI6IlNtYXJ0Q2FtcFVaIn0.yYkHww-_dVu4Ly-fW76r-PxWL_8QG1Eba2XFbBLFi3muDi1HRgHxNWnEy_jWkAP1RopWKj9rqEaD7_azN-n1CQ
    2017-04-19 20:34:14.426  INFO 20958 --- [    Test worker] e.u.s.a.controller.CredentialController  : ****ESTADO3APPROVED
    2017-04-19 20:34:14.436  INFO 20958 --- [    Test worker] e.u.s.a.controller.CredentialController  : ****ESTADO4ASSIGNED

    MockHttpServletRequest:
          HTTP Method = POST
          Request URI = /report
           Parameters = {}
              Headers = {}

    Handler:
                 Type = es.unizar.smartcampuz.application.controller.DashboardController
               Method = public org.springframework.http.ResponseEntity<java.lang.String> es.unizar.smartcampuz.application.controller.DashboardController.newReport(javax.servlet.http.HttpServletRequest) throws java.io.IOException

    Async:
        Async started = false
         Async result = null

    Resolved Exception:
                 Type = null

    ModelAndView:
            View name = null
                 View = null
                Model = null

    FlashMap:
           Attributes = null

    MockHttpServletResponse:
               Status = 400
        Error message = null
              Headers = {X-Content-Type-Options=[nosniff], X-XSS-Protection=[1; mode=block], Cache-Control=[no-cache, no-store, max-age=0, must-revalidate], Pragma=[no-cache], Expires=[0], X-Frame-Options=[DENY], Content-Type=[text/plain;charset=UTF-8], Content-Length=[35]}
         Content type = text/plain;charset=UTF-8
                 Body = "Debe introducir una descripcin."
        Forwarded URL = null
       Redirected URL = null
              Cookies = []

    MockHttpServletRequest:
          HTTP Method = POST
          Request URI = /report
           Parameters = {}
              Headers = {}

    Handler:
                 Type = es.unizar.smartcampuz.application.controller.DashboardController
               Method = public org.springframework.http.ResponseEntity<java.lang.String> es.unizar.smartcampuz.application.controller.DashboardController.newReport(javax.servlet.http.HttpServletRequest) throws java.io.IOException

    Async:
        Async started = false
         Async result = null

    Resolved Exception:
                 Type = null

    ModelAndView:
            View name = null
                 View = null
                Model = null

    FlashMap:
           Attributes = null

    MockHttpServletResponse:
               Status = 400
        Error message = null
              Headers = {X-Content-Type-Options=[nosniff], X-XSS-Protection=[1; mode=block], Cache-Control=[no-cache, no-store, max-age=0, must-revalidate], Pragma=[no-cache], Expires=[0], X-Frame-Options=[DENY], Content-Type=[text/plain;charset=UTF-8], Content-Length=[36]}
         Content type = text/plain;charset=UTF-8
                 Body = "Debe introducir una localizacin."
        Forwarded URL = null
       Redirected URL = null
              Cookies = []

    MockHttpServletRequest:
          HTTP Method = POST
          Request URI = /report
           Parameters = {}
              Headers = {}

    Handler:
                 Type = es.unizar.smartcampuz.application.controller.DashboardController
               Method = public org.springframework.http.ResponseEntity<java.lang.String> es.unizar.smartcampuz.application.controller.DashboardController.newReport(javax.servlet.http.HttpServletRequest) throws java.io.IOException

    Async:
        Async started = false
         Async result = null

    Resolved Exception:
                 Type = null

    ModelAndView:
            View name = null
                 View = null
                Model = null

    FlashMap:
           Attributes = null

    MockHttpServletResponse:
               Status = 400
        Error message = null
              Headers = {X-Content-Type-Options=[nosniff], X-XSS-Protection=[1; mode=block], Cache-Control=[no-cache, no-store, max-age=0, must-revalidate], Pragma=[no-cache], Expires=[0], X-Frame-Options=[DENY], Content-Type=[text/plain;charset=UTF-8], Content-Length=[35]}
         Content type = text/plain;charset=UTF-8
                 Body = "Debe introducir una descripcin."
        Forwarded URL = null
       Redirected URL = null
              Cookies = []

    MockHttpServletRequest:
          HTTP Method = POST
          Request URI = /report
           Parameters = {}
              Headers = {}

    Handler:
                 Type = es.unizar.smartcampuz.application.controller.DashboardController
               Method = public org.springframework.http.ResponseEntity<java.lang.String> es.unizar.smartcampuz.application.controller.DashboardController.newReport(javax.servlet.http.HttpServletRequest) throws java.io.IOException

    Async:
        Async started = false
         Async result = null

    Resolved Exception:
                 Type = null

    ModelAndView:
            View name = null
                 View = null
                Model = null

    FlashMap:
           Attributes = null

    MockHttpServletResponse:
               Status = 200
        Error message = null
              Headers = {X-Content-Type-Options=[nosniff], X-XSS-Protection=[1; mode=block], Cache-Control=[no-cache, no-store, max-age=0, must-revalidate], Pragma=[no-cache], Expires=[0], X-Frame-Options=[DENY], Content-Type=[text/plain;charset=UTF-8], Content-Length=[32]}
         Content type = text/plain;charset=UTF-8
                 Body = "Report guardado correctamente."
        Forwarded URL = null
       Redirected URL = null
              Cookies = []

    MockHttpServletRequest:
          HTTP Method = POST
          Request URI = /signIn
           Parameters = {}
              Headers = {Authorization=[Basic YWRtaW5AdW5pemFyLmVzOnBhc3N3b3Jk]}

    Handler:
                 Type = es.unizar.smartcampuz.application.controller.CredentialController
               Method = public org.springframework.http.ResponseEntity<java.lang.String> es.unizar.smartcampuz.application.controller.CredentialController.signIn(javax.servlet.http.HttpServletRequest) throws java.io.IOException

    Async:
        Async started = false
         Async result = null

    Resolved Exception:
                 Type = null

    ModelAndView:
            View name = null
                 View = null
                Model = null

    FlashMap:
           Attributes = null

    MockHttpServletResponse:
               Status = 200
        Error message = null
              Headers = {X-Content-Type-Options=[nosniff], X-XSS-Protection=[1; mode=block], Cache-Control=[no-cache, no-store, max-age=0, must-revalidate], Pragma=[no-cache], Expires=[0], X-Frame-Options=[DENY], Token=[eyJhbGciOiJIUzUxMiJ9.eyJzdWIiOiJhZG1pbkB1bml6YXIuZXMiLCJleHAiOjE0OTI2NDEyNTQsImlzcyI6IlNtYXJ0Q2FtcFVaIn0.yYkHww-_dVu4Ly-fW76r-PxWL_8QG1Eba2XFbBLFi3muDi1HRgHxNWnEy_jWkAP1RopWKj9rqEaD7_azN-n1CQ], Content-Type=[text/plain;charset=UTF-8], Content-Length=[42]}
         Content type = text/plain;charset=UTF-8
                 Body = {"email":"admin@unizar.es","type":"admin"}
        Forwarded URL = null
       Redirected URL = null
              Cookies = []

    MockHttpServletRequest:
          HTTP Method = PUT
          Request URI = /state
           Parameters = {}
              Headers = {Authorization=[Bearer eyJhbGciOiJIUzUxMiJ9.eyJzdWIiOiJhZG1pbkB1bml6YXIuZXMiLCJleHAiOjE0OTI2NDEyNTQsImlzcyI6IlNtYXJ0Q2FtcFVaIn0.yYkHww-_dVu4Ly-fW76r-PxWL_8QG1Eba2XFbBLFi3muDi1HRgHxNWnEy_jWkAP1RopWKj9rqEaD7_azN-n1CQ]}

    Handler:
                 Type = es.unizar.smartcampuz.application.controller.AdminDashboardController
               Method = public org.springframework.http.ResponseEntity<java.lang.String> es.unizar.smartcampuz.application.controller.AdminDashboardController.modifyReportState(javax.servlet.http.HttpServletRequest) throws java.io.IOException

    Async:
        Async started = false
         Async result = null

    Resolved Exception:
                 Type = null

    ModelAndView:
            View name = null
                 View = null
                Model = null

    FlashMap:
           Attributes = null

    MockHttpServletResponse:
               Status = 200
        Error message = null
              Headers = {X-Content-Type-Options=[nosniff], X-XSS-Protection=[1; mode=block], Cache-Control=[no-cache, no-store, max-age=0, must-revalidate], Pragma=[no-cache], Expires=[0], X-Frame-Options=[DENY], Content-Type=[text/plain;charset=UTF-8], Content-Length=[33]}
         Content type = text/plain;charset=UTF-8
                 Body = "Estado modificado correctamente"
        Forwarded URL = null
       Redirected URL = null
              Cookies = []

    MockHttpServletRequest:
          HTTP Method = POST
          Request URI = /signIn
           Parameters = {}
              Headers = {Authorization=[Basic YWRtaW5AdW5pemFyLmVzOnBhc3N3b3Jk]}

    Handler:
                 Type = es.unizar.smartcampuz.application.controller.CredentialController
               Method = public org.springframework.http.ResponseEntity<java.lang.String> es.unizar.smartcampuz.application.controller.CredentialController.signIn(javax.servlet.http.HttpServletRequest) throws java.io.IOException

    Async:
        Async started = false
         Async result = null

    Resolved Exception:
                 Type = null

    ModelAndView:
            View name = null
                 View = null
                Model = null

    FlashMap:
           Attributes = null

    MockHttpServletResponse:
               Status = 200
        Error message = null
              Headers = {X-Content-Type-Options=[nosniff], X-XSS-Protection=[1; mode=block], Cache-Control=[no-cache, no-store, max-age=0, must-revalidate], Pragma=[no-cache], Expires=[0], X-Frame-Options=[DENY], Token=[eyJhbGciOiJIUzUxMiJ9.eyJzdWIiOiJhZG1pbkB1bml6YXIuZXMiLCJleHAiOjE0OTI2NDEyNTQsImlzcyI6IlNtYXJ0Q2FtcFVaIn0.yYkHww-_dVu4Ly-fW76r-PxWL_8QG1Eba2XFbBLFi3muDi1HRgHxNWnEy_jWkAP1RopWKj9rqEaD7_azN-n1CQ], Content-Type=[text/plain;charset=UTF-8], Content-Length=[42]}
         Content type = text/plain;charset=UTF-8
                 Body = {"email":"admin@unizar.es","type":"admin"}
        Forwarded URL = null
       Redirected URL = null
              Cookies = []

    MockHttpServletRequest:
          HTTP Method = PUT
          Request URI = /assignWorker
           Parameters = {}
              Headers = {Authorization=[Bearer eyJhbGciOiJIUzUxMiJ9.eyJzdWIiOiJhZG1pbkB1bml6YXIuZXMiLCJleHAiOjE0OTI2NDEyNTQsImlzcyI6IlNtYXJ0Q2FtcFVaIn0.yYkHww-_dVu4Ly-fW76r-PxWL_8QG1Eba2XFbBLFi3muDi1HRgHxNWnEy_jWkAP1RopWKj9rqEaD7_azN-n1CQ]}

    Handler:
                 Type = es.unizar.smartcampuz.application.controller.AdminDashboardController
               Method = public org.springframework.http.ResponseEntity<java.lang.String> es.unizar.smartcampuz.application.controller.AdminDashboardController.assignWorkerToReport(javax.servlet.http.HttpServletRequest) throws java.io.IOException

    Async:
        Async started = false
         Async result = null

    Resolved Exception:
                 Type = null

    ModelAndView:
            View name = null
                 View = null
                Model = null

    FlashMap:
           Attributes = null

    MockHttpServletResponse:
               Status = 200
        Error message = null
              Headers = {X-Content-Type-Options=[nosniff], X-XSS-Protection=[1; mode=block], Cache-Control=[no-cache, no-store, max-age=0, must-revalidate], Pragma=[no-cache], Expires=[0], X-Frame-Options=[DENY], Content-Type=[text/plain;charset=UTF-8], Content-Length=[33]}
         Content type = text/plain;charset=UTF-8
                 Body = "Trabajador asignado con xito."
        Forwarded URL = null
       Redirected URL = null
              Cookies = []

    MockHttpServletRequest:
          HTTP Method = PUT
          Request URI = /assignWorker
           Parameters = {}
              Headers = {Authorization=[Bearer eyJhbGciOiJIUzUxMiJ9.eyJzdWIiOiJhZG1pbkB1bml6YXIuZXMiLCJleHAiOjE0OTI2NDEyNTQsImlzcyI6IlNtYXJ0Q2FtcFVaIn0.yYkHww-_dVu4Ly-fW76r-PxWL_8QG1Eba2XFbBLFi3muDi1HRgHxNWnEy_jWkAP1RopWKj9rqEaD7_azN-n1CQ]}

    Handler:
                 Type = es.unizar.smartcampuz.application.controller.AdminDashboardController
               Method = public org.springframework.http.ResponseEntity<java.lang.String> es.unizar.smartcampuz.application.controller.AdminDashboardController.assignWorkerToReport(javax.servlet.http.HttpServletRequest) throws java.io.IOException

    Async:
        Async started = false
         Async result = null

    Resolved Exception:
                 Type = null

    ModelAndView:
            View name = null
                 View = null
                Model = null

    FlashMap:
           Attributes = null

    MockHttpServletResponse:
               Status = 200
        Error message = null
              Headers = {X-Content-Type-Options=[nosniff], X-XSS-Protection=[1; mode=block], Cache-Control=[no-cache, no-store, max-age=0, must-revalidate], Pragma=[no-cache], Expires=[0], X-Frame-Options=[DENY], Content-Type=[text/plain;charset=UTF-8], Content-Length=[33]}
         Content type = text/plain;charset=UTF-8
                 Body = "Trabajador asignado con xito."
        Forwarded URL = null
       Redirected URL = null
              Cookies = []

    MockHttpServletRequest:
          HTTP Method = POST
          Request URI = /signIn
           Parameters = {}
              Headers = {Authorization=[Basic YWRtaW5AdW5pemFyLmVzOnBhc3N3b3Jk]}

    Handler:
                 Type = es.unizar.smartcampuz.application.controller.CredentialController
               Method = public org.springframework.http.ResponseEntity<java.lang.String> es.unizar.smartcampuz.application.controller.CredentialController.signIn(javax.servlet.http.HttpServletRequest) throws java.io.IOException

    Async:
        Async started = false
         Async result = null

    Resolved Exception:
                 Type = null

    ModelAndView:
            View name = null
                 View = null
                Model = null

    FlashMap:
           Attributes = null

    MockHttpServletResponse:
               Status = 200
        Error message = null
              Headers = {X-Content-Type-Options=[nosniff], X-XSS-Protection=[1; mode=block], Cache-Control=[no-cache, no-store, max-age=0, must-revalidate], Pragma=[no-cache], Expires=[0], X-Frame-Options=[DENY], Token=[eyJhbGciOiJIUzUxMiJ9.eyJzdWIiOiJhZG1pbkB1bml6YXIuZXMiLCJleHAiOjE0OTI2NDEyNTQsImlzcyI6IlNtYXJ0Q2FtcFVaIn0.yYkHww-_dVu4Ly-fW76r-PxWL_8QG1Eba2XFbBLFi3muDi1HRgHxNWnEy_jWkAP1RopWKj9rqEaD7_azN-n1CQ], Content-Type=[text/plain;charset=UTF-8], Content-Length=[42]}
         Content type = text/plain;charset=UTF-8
                 Body = {"email":"admin@unizar.es","type":"admin"}
        Forwarded URL = null
       Redirected URL = null
              Cookies = []

    MockHttpServletRequest:
          HTTP Method = GET
          Request URI = /listReports
           Parameters = {}
              Headers = {Authorization=[Bearer eyJhbGciOiJIUzUxMiJ9.eyJzdWIiOiJhZG1pbkB1bml6YXIuZXMiLCJleHAiOjE0OTI2NDEyNTQsImlzcyI6IlNtYXJ0Q2FtcFVaIn0.yYkHww-_dVu4Ly-fW76r-PxWL_8QG1Eba2XFbBLFi3muDi1HRgHxNWnEy_jWkAP1RopWKj9rqEaD7_azN-n1CQ], location=[HD-403]}

    Handler:
                 Type = es.unizar.smartcampuz.application.controller.AdminDashboardController
               Method = public org.springframework.http.ResponseEntity<java.lang.String> es.unizar.smartcampuz.application.controller.AdminDashboardController.listReports(javax.servlet.http.HttpServletRequest) throws java.io.IOException

    Async:
        Async started = false
         Async result = null

    Resolved Exception:
                 Type = null

    ModelAndView:
            View name = null
                 View = null
                Model = null

    FlashMap:
           Attributes = null

    MockHttpServletResponse:
               Status = 200
        Error message = null
              Headers = {X-Content-Type-Options=[nosniff], X-XSS-Protection=[1; mode=block], Cache-Control=[no-cache, no-store, max-age=0, must-revalidate], Pragma=[no-cache], Expires=[0], X-Frame-Options=[DENY], Content-Type=[text/plain;charset=UTF-8], Content-Length=[227]}
         Content type = text/plain;charset=UTF-8
                 Body = {"reports":[{"state":"INBOX","worker":"Worker7","description":"Report1","title":"Report1","location":"HD-403","id":10},{"state":"INBOX","worker":"Worker7","description":"Report2","title":"Report2","location":"HD-403","id":11}]}
        Forwarded URL = null
       Redirected URL = null
              Cookies = []

    MockHttpServletRequest:
          HTTP Method = POST
          Request URI = /signIn
           Parameters = {}
              Headers = {Authorization=[Basic YWRtaW5AdW5pemFyLmVzOnBhc3N3b3Jk]}

    Handler:
                 Type = es.unizar.smartcampuz.application.controller.CredentialController
               Method = public org.springframework.http.ResponseEntity<java.lang.String> es.unizar.smartcampuz.application.controller.CredentialController.signIn(javax.servlet.http.HttpServletRequest) throws java.io.IOException

    Async:
        Async started = false
         Async result = null

    Resolved Exception:
                 Type = null

    ModelAndView:
            View name = null
                 View = null
                Model = null

    FlashMap:
           Attributes = null

    MockHttpServletResponse:
               Status = 200
        Error message = null
              Headers = {X-Content-Type-Options=[nosniff], X-XSS-Protection=[1; mode=block], Cache-Control=[no-cache, no-store, max-age=0, must-revalidate], Pragma=[no-cache], Expires=[0], X-Frame-Options=[DENY], Token=[eyJhbGciOiJIUzUxMiJ9.eyJzdWIiOiJhZG1pbkB1bml6YXIuZXMiLCJleHAiOjE0OTI2NDEyNTQsImlzcyI6IlNtYXJ0Q2FtcFVaIn0.yYkHww-_dVu4Ly-fW76r-PxWL_8QG1Eba2XFbBLFi3muDi1HRgHxNWnEy_jWkAP1RopWKj9rqEaD7_azN-n1CQ], Content-Type=[text/plain;charset=UTF-8], Content-Length=[42]}
         Content type = text/plain;charset=UTF-8
                 Body = {"email":"admin@unizar.es","type":"admin"}
        Forwarded URL = null
       Redirected URL = null
              Cookies = []

    MockHttpServletRequest:
          HTTP Method = PUT
          Request URI = /state
           Parameters = {}
              Headers = {Authorization=[Bearer eyJhbGciOiJIUzUxMiJ9.eyJzdWIiOiJhZG1pbkB1bml6YXIuZXMiLCJleHAiOjE0OTI2NDEyNTQsImlzcyI6IlNtYXJ0Q2FtcFVaIn0.yYkHww-_dVu4Ly-fW76r-PxWL_8QG1Eba2XFbBLFi3muDi1HRgHxNWnEy_jWkAP1RopWKj9rqEaD7_azN-n1CQ]}

    Handler:
                 Type = es.unizar.smartcampuz.application.controller.AdminDashboardController
               Method = public org.springframework.http.ResponseEntity<java.lang.String> es.unizar.smartcampuz.application.controller.AdminDashboardController.modifyReportState(javax.servlet.http.HttpServletRequest) throws java.io.IOException

    Async:
        Async started = false
         Async result = null

    Resolved Exception:
                 Type = null

    ModelAndView:
            View name = null
                 View = null
                Model = null

    FlashMap:
           Attributes = null

    MockHttpServletResponse:
               Status = 404
        Error message = null
              Headers = {X-Content-Type-Options=[nosniff], X-XSS-Protection=[1; mode=block], Cache-Control=[no-cache, no-store, max-age=0, must-revalidate], Pragma=[no-cache], Expires=[0], X-Frame-Options=[DENY], Content-Type=[text/plain;charset=UTF-8], Content-Length=[26]}
         Content type = text/plain;charset=UTF-8
                 Body = "La sugerencia no existe."
        Forwarded URL = null
       Redirected URL = null
              Cookies = []

    MockHttpServletRequest:
          HTTP Method = POST
          Request URI = /signIn
           Parameters = {}
              Headers = {Authorization=[Basic YWRtaW5AdW5pemFyLmVzOnBhc3N3b3Jk]}

    Handler:
                 Type = es.unizar.smartcampuz.application.controller.CredentialController
               Method = public org.springframework.http.ResponseEntity<java.lang.String> es.unizar.smartcampuz.application.controller.CredentialController.signIn(javax.servlet.http.HttpServletRequest) throws java.io.IOException

    Async:
        Async started = false
         Async result = null

    Resolved Exception:
                 Type = null

    ModelAndView:
            View name = null
                 View = null
                Model = null

    FlashMap:
           Attributes = null

    MockHttpServletResponse:
               Status = 200
        Error message = null
              Headers = {X-Content-Type-Options=[nosniff], X-XSS-Protection=[1; mode=block], Cache-Control=[no-cache, no-store, max-age=0, must-revalidate], Pragma=[no-cache], Expires=[0], X-Frame-Options=[DENY], Token=[eyJhbGciOiJIUzUxMiJ9.eyJzdWIiOiJhZG1pbkB1bml6YXIuZXMiLCJleHAiOjE0OTI2NDEyNTQsImlzcyI6IlNtYXJ0Q2FtcFVaIn0.yYkHww-_dVu4Ly-fW76r-PxWL_8QG1Eba2XFbBLFi3muDi1HRgHxNWnEy_jWkAP1RopWKj9rqEaD7_azN-n1CQ], Content-Type=[text/plain;charset=UTF-8], Content-Length=[42]}
         Content type = text/plain;charset=UTF-8
                 Body = {"email":"admin@unizar.es","type":"admin"}
        Forwarded URL = null
       Redirected URL = null
              Cookies = []

    MockHttpServletRequest:
          HTTP Method = PUT
          Request URI = /state
           Parameters = {}
              Headers = {Authorization=[Bearer eyJhbGciOiJIUzUxMiJ9.eyJzdWIiOiJhZG1pbkB1bml6YXIuZXMiLCJleHAiOjE0OTI2NDEyNTQsImlzcyI6IlNtYXJ0Q2FtcFVaIn0.yYkHww-_dVu4Ly-fW76r-PxWL_8QG1Eba2XFbBLFi3muDi1HRgHxNWnEy_jWkAP1RopWKj9rqEaD7_azN-n1CQ]}

    Handler:
                 Type = es.unizar.smartcampuz.application.controller.AdminDashboardController
               Method = public org.springframework.http.ResponseEntity<java.lang.String> es.unizar.smartcampuz.application.controller.AdminDashboardController.modifyReportState(javax.servlet.http.HttpServletRequest) throws java.io.IOException

    Async:
        Async started = false
         Async result = null

    Resolved Exception:
                 Type = null

    ModelAndView:
            View name = null
                 View = null
                Model = null

    FlashMap:
           Attributes = null

    MockHttpServletResponse:
               Status = 400
        Error message = null
              Headers = {X-Content-Type-Options=[nosniff], X-XSS-Protection=[1; mode=block], Cache-Control=[no-cache, no-store, max-age=0, must-revalidate], Pragma=[no-cache], Expires=[0], X-Frame-Options=[DENY], Content-Type=[text/plain;charset=UTF-8], Content-Length=[35]}
         Content type = text/plain;charset=UTF-8
                 Body = "Debe introducir un estado vlido"
        Forwarded URL = null
       Redirected URL = null
              Cookies = []

    MockHttpServletRequest:
          HTTP Method = POST
          Request URI = /signIn
           Parameters = {}
              Headers = {Authorization=[Basic YWRtaW5AdW5pemFyLmVzOnBhc3N3b3Jk]}

    Handler:
                 Type = es.unizar.smartcampuz.application.controller.CredentialController
               Method = public org.springframework.http.ResponseEntity<java.lang.String> es.unizar.smartcampuz.application.controller.CredentialController.signIn(javax.servlet.http.HttpServletRequest) throws java.io.IOException

    Async:
        Async started = false
         Async result = null

    Resolved Exception:
                 Type = null

    ModelAndView:
            View name = null
                 View = null
                Model = null

    FlashMap:
           Attributes = null

    MockHttpServletResponse:
               Status = 200
        Error message = null
              Headers = {X-Content-Type-Options=[nosniff], X-XSS-Protection=[1; mode=block], Cache-Control=[no-cache, no-store, max-age=0, must-revalidate], Pragma=[no-cache], Expires=[0], X-Frame-Options=[DENY], Token=[eyJhbGciOiJIUzUxMiJ9.eyJzdWIiOiJhZG1pbkB1bml6YXIuZXMiLCJleHAiOjE0OTI2NDEyNTQsImlzcyI6IlNtYXJ0Q2FtcFVaIn0.yYkHww-_dVu4Ly-fW76r-PxWL_8QG1Eba2XFbBLFi3muDi1HRgHxNWnEy_jWkAP1RopWKj9rqEaD7_azN-n1CQ], Content-Type=[text/plain;charset=UTF-8], Content-Length=[42]}
         Content type = text/plain;charset=UTF-8
                 Body = {"email":"admin@unizar.es","type":"admin"}
        Forwarded URL = null
       Redirected URL = null
              Cookies = []

    MockHttpServletRequest:
          HTTP Method = PUT
          Request URI = /state
           Parameters = {}
              Headers = {Authorization=[Bearer eyJhbGciOiJIUzUxMiJ9.eyJzdWIiOiJhZG1pbkB1bml6YXIuZXMiLCJleHAiOjE0OTI2NDEyNTQsImlzcyI6IlNtYXJ0Q2FtcFVaIn0.yYkHww-_dVu4Ly-fW76r-PxWL_8QG1Eba2XFbBLFi3muDi1HRgHxNWnEy_jWkAP1RopWKj9rqEaD7_azN-n1CQ]}

    Handler:
                 Type = es.unizar.smartcampuz.application.controller.AdminDashboardController
               Method = public org.springframework.http.ResponseEntity<java.lang.String> es.unizar.smartcampuz.application.controller.AdminDashboardController.modifyReportState(javax.servlet.http.HttpServletRequest) throws java.io.IOException

    Async:
        Async started = false
         Async result = null

    Resolved Exception:
                 Type = null

    ModelAndView:
            View name = null
                 View = null
                Model = null

    FlashMap:
           Attributes = null

    MockHttpServletResponse:
               Status = 200
        Error message = null
              Headers = {X-Content-Type-Options=[nosniff], X-XSS-Protection=[1; mode=block], Cache-Control=[no-cache, no-store, max-age=0, must-revalidate], Pragma=[no-cache], Expires=[0], X-Frame-Options=[DENY], Content-Type=[text/plain;charset=UTF-8], Content-Length=[33]}
         Content type = text/plain;charset=UTF-8
                 Body = "Estado modificado correctamente"
        Forwarded URL = null
       Redirected URL = null
              Cookies = []

    MockHttpServletRequest:
          HTTP Method = POST
          Request URI = /signIn
           Parameters = {}
              Headers = {Authorization=[Basic YWRtaW5AdW5pemFyLmVzOnBhc3N3b3Jk]}

    Handler:
                 Type = es.unizar.smartcampuz.application.controller.CredentialController
               Method = public org.springframework.http.ResponseEntity<java.lang.String> es.unizar.smartcampuz.application.controller.CredentialController.signIn(javax.servlet.http.HttpServletRequest) throws java.io.IOException

    Async:
        Async started = false
         Async result = null

    Resolved Exception:
                 Type = null

    ModelAndView:
            View name = null
                 View = null
                Model = null

    FlashMap:
           Attributes = null

    MockHttpServletResponse:
               Status = 200
        Error message = null
              Headers = {X-Content-Type-Options=[nosniff], X-XSS-Protection=[1; mode=block], Cache-Control=[no-cache, no-store, max-age=0, must-revalidate], Pragma=[no-cache], Expires=[0], X-Frame-Options=[DENY], Token=[eyJhbGciOiJIUzUxMiJ9.eyJzdWIiOiJhZG1pbkB1bml6YXIuZXMiLCJleHAiOjE0OTI2NDEyNTQsImlzcyI6IlNtYXJ0Q2FtcFVaIn0.yYkHww-_dVu4Ly-fW76r-PxWL_8QG1Eba2XFbBLFi3muDi1HRgHxNWnEy_jWkAP1RopWKj9rqEaD7_azN-n1CQ], Content-Type=[text/plain;charset=UTF-8], Content-Length=[42]}
         Content type = text/plain;charset=UTF-8
                 Body = {"email":"admin@unizar.es","type":"admin"}
        Forwarded URL = null
       Redirected URL = null
              Cookies = []

    MockHttpServletRequest:
          HTTP Method = PUT
          Request URI = /assignWorker
           Parameters = {}
              Headers = {Authorization=[Bearer eyJhbGciOiJIUzUxMiJ9.eyJzdWIiOiJhZG1pbkB1bml6YXIuZXMiLCJleHAiOjE0OTI2NDEyNTQsImlzcyI6IlNtYXJ0Q2FtcFVaIn0.yYkHww-_dVu4Ly-fW76r-PxWL_8QG1Eba2XFbBLFi3muDi1HRgHxNWnEy_jWkAP1RopWKj9rqEaD7_azN-n1CQ]}

    Handler:
                 Type = es.unizar.smartcampuz.application.controller.AdminDashboardController
               Method = public org.springframework.http.ResponseEntity<java.lang.String> es.unizar.smartcampuz.application.controller.AdminDashboardController.assignWorkerToReport(javax.servlet.http.HttpServletRequest) throws java.io.IOException

    Async:
        Async started = false
         Async result = null

    Resolved Exception:
                 Type = null

    ModelAndView:
            View name = null
                 View = null
                Model = null

    FlashMap:
           Attributes = null

    MockHttpServletResponse:
               Status = 400
        Error message = null
              Headers = {X-Content-Type-Options=[nosniff], X-XSS-Protection=[1; mode=block], Cache-Control=[no-cache, no-store, max-age=0, must-revalidate], Pragma=[no-cache], Expires=[0], X-Frame-Options=[DENY], Content-Type=[text/plain;charset=UTF-8], Content-Length=[47]}
         Content type = text/plain;charset=UTF-8
                 Body = "El cambio de estado solicitado no es posible."
        Forwarded URL = null
       Redirected URL = null
              Cookies = []

    MockHttpServletRequest:
          HTTP Method = POST
          Request URI = /signIn
           Parameters = {}
              Headers = {Authorization=[Basic YWRtaW5AdW5pemFyLmVzOnBhc3N3b3Jk]}

    Handler:
                 Type = es.unizar.smartcampuz.application.controller.CredentialController
               Method = public org.springframework.http.ResponseEntity<java.lang.String> es.unizar.smartcampuz.application.controller.CredentialController.signIn(javax.servlet.http.HttpServletRequest) throws java.io.IOException

    Async:
        Async started = false
         Async result = null

    Resolved Exception:
                 Type = null

    ModelAndView:
            View name = null
                 View = null
                Model = null

    FlashMap:
           Attributes = null

    MockHttpServletResponse:
               Status = 200
        Error message = null
              Headers = {X-Content-Type-Options=[nosniff], X-XSS-Protection=[1; mode=block], Cache-Control=[no-cache, no-store, max-age=0, must-revalidate], Pragma=[no-cache], Expires=[0], X-Frame-Options=[DENY], Token=[eyJhbGciOiJIUzUxMiJ9.eyJzdWIiOiJhZG1pbkB1bml6YXIuZXMiLCJleHAiOjE0OTI2NDEyNTQsImlzcyI6IlNtYXJ0Q2FtcFVaIn0.yYkHww-_dVu4Ly-fW76r-PxWL_8QG1Eba2XFbBLFi3muDi1HRgHxNWnEy_jWkAP1RopWKj9rqEaD7_azN-n1CQ], Content-Type=[text/plain;charset=UTF-8], Content-Length=[42]}
         Content type = text/plain;charset=UTF-8
                 Body = {"email":"admin@unizar.es","type":"admin"}
        Forwarded URL = null
       Redirected URL = null
              Cookies = []

    MockHttpServletRequest:
          HTTP Method = PUT
          Request URI = /state
           Parameters = {}
              Headers = {Authorization=[Bearer eyJhbGciOiJIUzUxMiJ9.eyJzdWIiOiJhZG1pbkB1bml6YXIuZXMiLCJleHAiOjE0OTI2NDEyNTQsImlzcyI6IlNtYXJ0Q2FtcFVaIn0.yYkHww-_dVu4Ly-fW76r-PxWL_8QG1Eba2XFbBLFi3muDi1HRgHxNWnEy_jWkAP1RopWKj9rqEaD7_azN-n1CQ]}

    Handler:
                 Type = es.unizar.smartcampuz.application.controller.AdminDashboardController
               Method = public org.springframework.http.ResponseEntity<java.lang.String> es.unizar.smartcampuz.application.controller.AdminDashboardController.modifyReportState(javax.servlet.http.HttpServletRequest) throws java.io.IOException

    Async:
        Async started = false
         Async result = null

    Resolved Exception:
                 Type = null

    ModelAndView:
            View name = null
                 View = null
                Model = null

    FlashMap:
           Attributes = null

    MockHttpServletResponse:
               Status = 400
        Error message = null
              Headers = {X-Content-Type-Options=[nosniff], X-XSS-Protection=[1; mode=block], Cache-Control=[no-cache, no-store, max-age=0, must-revalidate], Pragma=[no-cache], Expires=[0], X-Frame-Options=[DENY], Content-Type=[text/plain;charset=UTF-8], Content-Length=[47]}
         Content type = text/plain;charset=UTF-8
                 Body = "El cambio de estado solicitado no es posible."
        Forwarded URL = null
       Redirected URL = null
              Cookies = []

    MockHttpServletRequest:
          HTTP Method = POST
          Request URI = /signIn
           Parameters = {}
              Headers = {Authorization=[Basic YWRtaW5AdW5pemFyLmVzOnBhc3N3b3Jk]}

    Handler:
                 Type = es.unizar.smartcampuz.application.controller.CredentialController
               Method = public org.springframework.http.ResponseEntity<java.lang.String> es.unizar.smartcampuz.application.controller.CredentialController.signIn(javax.servlet.http.HttpServletRequest) throws java.io.IOException

    Async:
        Async started = false
         Async result = null

    Resolved Exception:
                 Type = null

    ModelAndView:
            View name = null
                 View = null
                Model = null

    FlashMap:
           Attributes = null

    MockHttpServletResponse:
               Status = 200
        Error message = null
              Headers = {X-Content-Type-Options=[nosniff], X-XSS-Protection=[1; mode=block], Cache-Control=[no-cache, no-store, max-age=0, must-revalidate], Pragma=[no-cache], Expires=[0], X-Frame-Options=[DENY], Token=[eyJhbGciOiJIUzUxMiJ9.eyJzdWIiOiJhZG1pbkB1bml6YXIuZXMiLCJleHAiOjE0OTI2NDEyNTQsImlzcyI6IlNtYXJ0Q2FtcFVaIn0.yYkHww-_dVu4Ly-fW76r-PxWL_8QG1Eba2XFbBLFi3muDi1HRgHxNWnEy_jWkAP1RopWKj9rqEaD7_azN-n1CQ], Content-Type=[text/plain;charset=UTF-8], Content-Length=[42]}
         Content type = text/plain;charset=UTF-8
                 Body = {"email":"admin@unizar.es","type":"admin"}
        Forwarded URL = null
       Redirected URL = null
              Cookies = []

    MockHttpServletRequest:
          HTTP Method = GET
          Request URI = /listReports
           Parameters = {}
              Headers = {Authorization=[Bearer eyJhbGciOiJIUzUxMiJ9.eyJzdWIiOiJhZG1pbkB1bml6YXIuZXMiLCJleHAiOjE0OTI2NDEyNTQsImlzcyI6IlNtYXJ0Q2FtcFVaIn0.yYkHww-_dVu4Ly-fW76r-PxWL_8QG1Eba2XFbBLFi3muDi1HRgHxNWnEy_jWkAP1RopWKj9rqEaD7_azN-n1CQ], location=[]}

    Handler:
                 Type = es.unizar.smartcampuz.application.controller.AdminDashboardController
               Method = public org.springframework.http.ResponseEntity<java.lang.String> es.unizar.smartcampuz.application.controller.AdminDashboardController.listReports(javax.servlet.http.HttpServletRequest) throws java.io.IOException

    Async:
        Async started = false
         Async result = null

    Resolved Exception:
                 Type = null

    ModelAndView:
            View name = null
                 View = null
                Model = null

    FlashMap:
           Attributes = null

    MockHttpServletResponse:
               Status = 200
        Error message = null
              Headers = {X-Content-Type-Options=[nosniff], X-XSS-Protection=[1; mode=block], Cache-Control=[no-cache, no-store, max-age=0, must-revalidate], Pragma=[no-cache], Expires=[0], X-Frame-Options=[DENY], Content-Type=[text/plain;charset=UTF-8], Content-Length=[668]}
         Content type = text/plain;charset=UTF-8
                 Body = {"reports":[{"state":"INBOX","worker":"Worker7","description":"Report1","title":"Report1","location":"HD-403","id":10},{"state":"INBOX","worker":"Worker7","description":"Report2","title":"Report2","location":"HD-403","id":11},{"state":"REFUSED","worker":"","description":"Report3","title":"Report3","location":"HD-404","id":12},{"state":"NOTIFIED","worker":"","description":"Report4","title":"Report4","location":"HD-404","id":13},{"state":"ASSIGNED","worker":"Worker8","description":"Report5","title":"Report5","location":"HD-404","id":14},{"state":"INBOX","worker":"","description":"Una descripcion","title":"Una descripcion","location":"Una localizacion","id":15}]}
        Forwarded URL = null
       Redirected URL = null
              Cookies = []

    MockHttpServletRequest:
          HTTP Method = POST
          Request URI = /signIn
           Parameters = {}
              Headers = {Authorization=[Basic YWRtaW5AdW5pemFyLmVzOnBhc3N3b3Jk]}

    Handler:
                 Type = es.unizar.smartcampuz.application.controller.CredentialController
               Method = public org.springframework.http.ResponseEntity<java.lang.String> es.unizar.smartcampuz.application.controller.CredentialController.signIn(javax.servlet.http.HttpServletRequest) throws java.io.IOException

    Async:
        Async started = false
         Async result = null

    Resolved Exception:
                 Type = null

    ModelAndView:
            View name = null
                 View = null
                Model = null

    FlashMap:
           Attributes = null

    MockHttpServletResponse:
               Status = 200
        Error message = null
              Headers = {X-Content-Type-Options=[nosniff], X-XSS-Protection=[1; mode=block], Cache-Control=[no-cache, no-store, max-age=0, must-revalidate], Pragma=[no-cache], Expires=[0], X-Frame-Options=[DENY], Token=[eyJhbGciOiJIUzUxMiJ9.eyJzdWIiOiJhZG1pbkB1bml6YXIuZXMiLCJleHAiOjE0OTI2NDEyNTQsImlzcyI6IlNtYXJ0Q2FtcFVaIn0.yYkHww-_dVu4Ly-fW76r-PxWL_8QG1Eba2XFbBLFi3muDi1HRgHxNWnEy_jWkAP1RopWKj9rqEaD7_azN-n1CQ], Content-Type=[text/plain;charset=UTF-8], Content-Length=[42]}
         Content type = text/plain;charset=UTF-8
                 Body = {"email":"admin@unizar.es","type":"admin"}
        Forwarded URL = null
       Redirected URL = null
              Cookies = []

    MockHttpServletRequest:
          HTTP Method = GET
          Request URI = /listWorkers
           Parameters = {}
              Headers = {Authorization=[Bearer eyJhbGciOiJIUzUxMiJ9.eyJzdWIiOiJhZG1pbkB1bml6YXIuZXMiLCJleHAiOjE0OTI2NDEyNTQsImlzcyI6IlNtYXJ0Q2FtcFVaIn0.yYkHww-_dVu4Ly-fW76r-PxWL_8QG1Eba2XFbBLFi3muDi1HRgHxNWnEy_jWkAP1RopWKj9rqEaD7_azN-n1CQ]}

    Handler:
                 Type = es.unizar.smartcampuz.application.controller.AdminDashboardController
               Method = public org.springframework.http.ResponseEntity<java.lang.String> es.unizar.smartcampuz.application.controller.AdminDashboardController.listWorkers() throws java.io.IOException

    Async:
        Async started = false
         Async result = null

    Resolved Exception:
                 Type = null

    ModelAndView:
            View name = null
                 View = null
                Model = null

    FlashMap:
           Attributes = null

    MockHttpServletResponse:
               Status = 200
        Error message = null
              Headers = {X-Content-Type-Options=[nosniff], X-XSS-Protection=[1; mode=block], Cache-Control=[no-cache, no-store, max-age=0, must-revalidate], Pragma=[no-cache], Expires=[0], X-Frame-Options=[DENY], Content-Type=[text/plain;charset=UTF-8], Content-Length=[130]}
         Content type = text/plain;charset=UTF-8
                 Body = {"workers":[{"id":7,"email":"maintenance@unizar.es","name":"Worker7"},{"id":8,"email":"maintenance2@unizar.es","name":"Worker8"}]}
        Forwarded URL = null
       Redirected URL = null
              Cookies = []

    MockHttpServletRequest:
          HTTP Method = POST
          Request URI = /signIn
           Parameters = {}
              Headers = {Authorization=[Basic YWRtaW5AdW5pemFyLmVzOnBhc3N3b3Jk]}

    Handler:
                 Type = es.unizar.smartcampuz.application.controller.CredentialController
               Method = public org.springframework.http.ResponseEntity<java.lang.String> es.unizar.smartcampuz.application.controller.CredentialController.signIn(javax.servlet.http.HttpServletRequest) throws java.io.IOException

    Async:
        Async started = false
         Async result = null

    Resolved Exception:
                 Type = null

    ModelAndView:
            View name = null
                 View = null
                Model = null

    FlashMap:
           Attributes = null

    MockHttpServletResponse:
               Status = 200
        Error message = null
              Headers = {X-Content-Type-Options=[nosniff], X-XSS-Protection=[1; mode=block], Cache-Control=[no-cache, no-store, max-age=0, must-revalidate], Pragma=[no-cache], Expires=[0], X-Frame-Options=[DENY], Token=[eyJhbGciOiJIUzUxMiJ9.eyJzdWIiOiJhZG1pbkB1bml6YXIuZXMiLCJleHAiOjE0OTI2NDEyNTQsImlzcyI6IlNtYXJ0Q2FtcFVaIn0.yYkHww-_dVu4Ly-fW76r-PxWL_8QG1Eba2XFbBLFi3muDi1HRgHxNWnEy_jWkAP1RopWKj9rqEaD7_azN-n1CQ], Content-Type=[text/plain;charset=UTF-8], Content-Length=[42]}
         Content type = text/plain;charset=UTF-8
                 Body = {"email":"admin@unizar.es","type":"admin"}
        Forwarded URL = null
       Redirected URL = null
              Cookies = []

    MockHttpServletRequest:
          HTTP Method = PUT
          Request URI = /state
           Parameters = {}
              Headers = {Authorization=[Bearer eyJhbGciOiJIUzUxMiJ9.eyJzdWIiOiJhZG1pbkB1bml6YXIuZXMiLCJleHAiOjE0OTI2NDEyNTQsImlzcyI6IlNtYXJ0Q2FtcFVaIn0.yYkHww-_dVu4Ly-fW76r-PxWL_8QG1Eba2XFbBLFi3muDi1HRgHxNWnEy_jWkAP1RopWKj9rqEaD7_azN-n1CQ]}

    Handler:
                 Type = es.unizar.smartcampuz.application.controller.AdminDashboardController
               Method = public org.springframework.http.ResponseEntity<java.lang.String> es.unizar.smartcampuz.application.controller.AdminDashboardController.modifyReportState(javax.servlet.http.HttpServletRequest) throws java.io.IOException

    Async:
        Async started = false
         Async result = null

    Resolved Exception:
                 Type = null

    ModelAndView:
            View name = null
                 View = null
                Model = null

    FlashMap:
           Attributes = null

    MockHttpServletResponse:
               Status = 200
        Error message = null
              Headers = {X-Content-Type-Options=[nosniff], X-XSS-Protection=[1; mode=block], Cache-Control=[no-cache, no-store, max-age=0, must-revalidate], Pragma=[no-cache], Expires=[0], X-Frame-Options=[DENY], Content-Type=[text/plain;charset=UTF-8], Content-Length=[33]}
         Content type = text/plain;charset=UTF-8
                 Body = "Estado modificado correctamente"
        Forwarded URL = null
       Redirected URL = null
              Cookies = []

    MockHttpServletRequest:
          HTTP Method = PUT
          Request URI = /state
           Parameters = {}
              Headers = {Authorization=[Bearer eyJhbGciOiJIUzUxMiJ9.eyJzdWIiOiJhZG1pbkB1bml6YXIuZXMiLCJleHAiOjE0OTI2NDEyNTQsImlzcyI6IlNtYXJ0Q2FtcFVaIn0.yYkHww-_dVu4Ly-fW76r-PxWL_8QG1Eba2XFbBLFi3muDi1HRgHxNWnEy_jWkAP1RopWKj9rqEaD7_azN-n1CQ]}

    Handler:
                 Type = es.unizar.smartcampuz.application.controller.AdminDashboardController
               Method = public org.springframework.http.ResponseEntity<java.lang.String> es.unizar.smartcampuz.application.controller.AdminDashboardController.modifyReportState(javax.servlet.http.HttpServletRequest) throws java.io.IOException

    Async:
        Async started = false
         Async result = null

    Resolved Exception:
                 Type = null

    ModelAndView:
            View name = null
                 View = null
                Model = null

    FlashMap:
           Attributes = null

    MockHttpServletResponse:
               Status = 400
        Error message = null
              Headers = {X-Content-Type-Options=[nosniff], X-XSS-Protection=[1; mode=block], Cache-Control=[no-cache, no-store, max-age=0, must-revalidate], Pragma=[no-cache], Expires=[0], X-Frame-Options=[DENY], Content-Type=[text/plain;charset=UTF-8], Content-Length=[47]}
         Content type = text/plain;charset=UTF-8
                 Body = "El cambio de estado solicitado no es posible."
        Forwarded URL = null
       Redirected URL = null
              Cookies = []

es.unizar.smartcampuz.application.controller.AdminDashboardControllerTest > changeReportState FAILED
    java.lang.AssertionError: Status expected:<200> but was:<400>
        at org.springframework.test.util.AssertionErrors.fail(AssertionErrors.java:54)
        at org.springframework.test.util.AssertionErrors.assertEquals(AssertionErrors.java:81)
        at org.springframework.test.web.servlet.result.StatusResultMatchers$10.match(StatusResultMatchers.java:664)
        at org.springframework.test.web.servlet.MockMvc$1.andExpect(MockMvc.java:171)
        at es.unizar.smartcampuz.application.controller.AdminDashboardControllerTest.changeReportState(AdminDashboardControllerTest.java:122)

es.unizar.smartcampuz.application.controller.AdminDashboardControllerTest > assignWorkerToNonExistingReport STANDARD_OUT
    2017-04-19 20:34:14.477  INFO 20958 --- [    Test worker] e.u.s.a.controller.CredentialController  : Credential: admin@unizar.es Pass: password
    2017-04-19 20:34:14.479  INFO 20958 --- [    Test worker] e.u.s.a.controller.CredentialController  : Usuario y contrasea correctos
    eyJhbGciOiJIUzUxMiJ9.eyJzdWIiOiJhZG1pbkB1bml6YXIuZXMiLCJleHAiOjE0OTI2NDEyNTQsImlzcyI6IlNtYXJ0Q2FtcFVaIn0.yYkHww-_dVu4Ly-fW76r-PxWL_8QG1Eba2XFbBLFi3muDi1HRgHxNWnEy_jWkAP1RopWKj9rqEaD7_azN-n1CQ

es.unizar.smartcampuz.application.controller.AdminDashboardControllerTest > assignNonExistingWorkerToReport STANDARD_OUT
    2017-04-19 20:34:14.516  INFO 20958 --- [    Test worker] e.u.s.a.controller.CredentialController  : Credential: admin@unizar.es Pass: password
    2017-04-19 20:34:14.518  INFO 20958 --- [    Test worker] e.u.s.a.controller.CredentialController  : Usuario y contrasea correctos
    eyJhbGciOiJIUzUxMiJ9.eyJzdWIiOiJhZG1pbkB1bml6YXIuZXMiLCJleHAiOjE0OTI2NDEyNTQsImlzcyI6IlNtYXJ0Q2FtcFVaIn0.yYkHww-_dVu4Ly-fW76r-PxWL_8QG1Eba2XFbBLFi3muDi1HRgHxNWnEy_jWkAP1RopWKj9rqEaD7_azN-n1CQ

es.unizar.smartcampuz.infrastructure.auth.CredentialRepositoryTest STANDARD_OUT
    2017-04-19 20:34:14.543  INFO 20958 --- [    Test worker] .b.t.c.SpringBootTestContextBootstrapper : Neither @ContextConfiguration nor @ContextHierarchy found for test class [es.unizar.smartcampuz.infrastructure.auth.CredentialRepositoryTest], using SpringBootContextLoader
    2017-04-19 20:34:14.544  INFO 20958 --- [    Test worker] o.s.t.c.support.AbstractContextLoader    : Could not detect default resource locations for test class [es.unizar.smartcampuz.infrastructure.auth.CredentialRepositoryTest]: no resource found for suffixes {-context.xml, Context.groovy}.
    2017-04-19 20:34:14.544  INFO 20958 --- [    Test worker] t.c.s.AnnotationConfigContextLoaderUtils : Could not detect default configuration classes for test class [es.unizar.smartcampuz.infrastructure.auth.CredentialRepositoryTest]: CredentialRepositoryTest does not declare any static, non-private, non-final, nested classes annotated with @Configuration.
    2017-04-19 20:34:14.550  INFO 20958 --- [    Test worker] .b.t.c.SpringBootTestContextBootstrapper : Found @SpringBootConfiguration es.unizar.smartcampuz.AppApplication for test class es.unizar.smartcampuz.infrastructure.auth.CredentialRepositoryTest
    2017-04-19 20:34:14.556  INFO 20958 --- [    Test worker] .b.t.c.SpringBootTestContextBootstrapper : Loaded default TestExecutionListener class names from location [META-INF/spring.factories]: [org.springframework.boot.test.mock.mockito.MockitoTestExecutionListener, org.springframework.boot.test.mock.mockito.ResetMocksTestExecutionListener, org.springframework.boot.test.autoconfigure.restdocs.RestDocsTestExecutionListener, org.springframework.boot.test.autoconfigure.web.client.MockRestServiceServerResetTestExecutionListener, org.springframework.boot.test.autoconfigure.web.servlet.MockMvcPrintOnlyOnFailureTestExecutionListener, org.springframework.boot.test.autoconfigure.web.servlet.WebDriverTestExecutionListener, org.springframework.test.context.web.ServletTestExecutionListener, org.springframework.test.context.support.DirtiesContextBeforeModesTestExecutionListener, org.springframework.test.context.support.DependencyInjectionTestExecutionListener, org.springframework.test.context.support.DirtiesContextTestExecutionListener, org.springframework.test.context.transaction.TransactionalTestExecutionListener, org.springframework.test.context.jdbc.SqlScriptsTestExecutionListener]
    2017-04-19 20:34:14.558  INFO 20958 --- [    Test worker] .b.t.c.SpringBootTestContextBootstrapper : Using TestExecutionListeners: [org.springframework.test.context.web.ServletTestExecutionListener@6203de21, org.springframework.test.context.support.DirtiesContextBeforeModesTestExecutionListener@1a8b57ef, org.springframework.boot.test.autoconfigure.SpringBootDependencyInjectionTestExecutionListener@221ad5c7, org.springframework.test.context.support.DirtiesContextTestExecutionListener@7d345f3f, org.springframework.test.context.transaction.TransactionalTestExecutionListener@13a746e, org.springframework.test.context.jdbc.SqlScriptsTestExecutionListener@414e7f89, org.springframework.boot.test.autoconfigure.web.client.MockRestServiceServerResetTestExecutionListener@350e3e8a, org.springframework.boot.test.autoconfigure.restdocs.RestDocsTestExecutionListener@6a1c52b3, org.springframework.boot.test.mock.mockito.MockitoTestExecutionListener@38d7d29a, org.springframework.boot.test.autoconfigure.web.servlet.WebDriverTestExecutionListener@ad7403e, org.springframework.boot.test.mock.mockito.ResetMocksTestExecutionListener@4e69d580, org.springframework.boot.test.autoconfigure.web.servlet.MockMvcPrintOnlyOnFailureTestExecutionListener@46e89f34]

es.unizar.smartcampuz.infrastructure.auth.CredentialRepositoryTest > delete STANDARD_OUT
    2017-04-19 20:34:14.580  INFO 20958 --- [    Test worker] o.s.t.c.transaction.TransactionContext   : Began transaction (1) for test context [DefaultTestContext@2dbdb7bb testClass = CredentialRepositoryTest, testInstance = es.unizar.smartcampuz.infrastructure.auth.CredentialRepositoryTest@32c05a40, testMethod = delete@CredentialRepositoryTest, testException = [null], mergedContextConfiguration = [WebMergedContextConfiguration@40add671 testClass = CredentialRepositoryTest, locations = '{}', classes = '{class es.unizar.smartcampuz.AppApplication}', contextInitializerClasses = '[]', activeProfiles = '{}', propertySourceLocations = '{}', propertySourceProperties = '{org.springframework.boot.test.context.SpringBootTestContextBootstrapper=true}', contextCustomizers = set[org.springframework.boot.test.context.SpringBootTestContextCustomizer@2e1fd0f0, org.springframework.boot.test.context.filter.ExcludeFilterContextCustomizer@6e9e4038, org.springframework.boot.test.mock.mockito.MockitoContextCustomizer@0, org.springframework.boot.test.autoconfigure.properties.PropertyMappingContextCustomizer@0, org.springframework.boot.test.autoconfigure.web.servlet.WebDriverContextCustomizerFactory$Customizer@7cfde965], resourceBasePath = 'src/main/webapp', contextLoader = 'org.springframework.boot.test.context.SpringBootContextLoader', parent = [null]]]; transaction manager [org.springframework.orm.jpa.JpaTransactionManager@4ecaec99]; rollback [true]
    2017-04-19 20:34:14.589  INFO 20958 --- [    Test worker] o.s.t.c.transaction.TransactionContext   : Rolled back transaction for test context [DefaultTestContext@2dbdb7bb testClass = CredentialRepositoryTest, testInstance = es.unizar.smartcampuz.infrastructure.auth.CredentialRepositoryTest@32c05a40, testMethod = delete@CredentialRepositoryTest, testException = [null], mergedContextConfiguration = [WebMergedContextConfiguration@40add671 testClass = CredentialRepositoryTest, locations = '{}', classes = '{class es.unizar.smartcampuz.AppApplication}', contextInitializerClasses = '[]', activeProfiles = '{}', propertySourceLocations = '{}', propertySourceProperties = '{org.springframework.boot.test.context.SpringBootTestContextBootstrapper=true}', contextCustomizers = set[org.springframework.boot.test.context.SpringBootTestContextCustomizer@2e1fd0f0, org.springframework.boot.test.context.filter.ExcludeFilterContextCustomizer@6e9e4038, org.springframework.boot.test.mock.mockito.MockitoContextCustomizer@0, org.springframework.boot.test.autoconfigure.properties.PropertyMappingContextCustomizer@0, org.springframework.boot.test.autoconfigure.web.servlet.WebDriverContextCustomizerFactory$Customizer@7cfde965], resourceBasePath = 'src/main/webapp', contextLoader = 'org.springframework.boot.test.context.SpringBootContextLoader', parent = [null]]].

es.unizar.smartcampuz.infrastructure.auth.CredentialRepositoryTest > findOne STANDARD_OUT
    2017-04-19 20:34:14.592  INFO 20958 --- [    Test worker] o.s.t.c.transaction.TransactionContext   : Began transaction (1) for test context [DefaultTestContext@2dbdb7bb testClass = CredentialRepositoryTest, testInstance = es.unizar.smartcampuz.infrastructure.auth.CredentialRepositoryTest@58549a7d, testMethod = findOne@CredentialRepositoryTest, testException = [null], mergedContextConfiguration = [WebMergedContextConfiguration@40add671 testClass = CredentialRepositoryTest, locations = '{}', classes = '{class es.unizar.smartcampuz.AppApplication}', contextInitializerClasses = '[]', activeProfiles = '{}', propertySourceLocations = '{}', propertySourceProperties = '{org.springframework.boot.test.context.SpringBootTestContextBootstrapper=true}', contextCustomizers = set[org.springframework.boot.test.context.SpringBootTestContextCustomizer@2e1fd0f0, org.springframework.boot.test.context.filter.ExcludeFilterContextCustomizer@6e9e4038, org.springframework.boot.test.mock.mockito.MockitoContextCustomizer@0, org.springframework.boot.test.autoconfigure.properties.PropertyMappingContextCustomizer@0, org.springframework.boot.test.autoconfigure.web.servlet.WebDriverContextCustomizerFactory$Customizer@7cfde965], resourceBasePath = 'src/main/webapp', contextLoader = 'org.springframework.boot.test.context.SpringBootContextLoader', parent = [null]]]; transaction manager [org.springframework.orm.jpa.JpaTransactionManager@4ecaec99]; rollback [true]
    2017-04-19 20:34:14.597  INFO 20958 --- [    Test worker] o.s.t.c.transaction.TransactionContext   : Rolled back transaction for test context [DefaultTestContext@2dbdb7bb testClass = CredentialRepositoryTest, testInstance = es.unizar.smartcampuz.infrastructure.auth.CredentialRepositoryTest@58549a7d, testMethod = findOne@CredentialRepositoryTest, testException = [null], mergedContextConfiguration = [WebMergedContextConfiguration@40add671 testClass = CredentialRepositoryTest, locations = '{}', classes = '{class es.unizar.smartcampuz.AppApplication}', contextInitializerClasses = '[]', activeProfiles = '{}', propertySourceLocations = '{}', propertySourceProperties = '{org.springframework.boot.test.context.SpringBootTestContextBootstrapper=true}', contextCustomizers = set[org.springframework.boot.test.context.SpringBootTestContextCustomizer@2e1fd0f0, org.springframework.boot.test.context.filter.ExcludeFilterContextCustomizer@6e9e4038, org.springframework.boot.test.mock.mockito.MockitoContextCustomizer@0, org.springframework.boot.test.autoconfigure.properties.PropertyMappingContextCustomizer@0, org.springframework.boot.test.autoconfigure.web.servlet.WebDriverContextCustomizerFactory$Customizer@7cfde965], resourceBasePath = 'src/main/webapp', contextLoader = 'org.springframework.boot.test.context.SpringBootContextLoader', parent = [null]]].

es.unizar.smartcampuz.infrastructure.auth.CredentialRepositoryTest > update STANDARD_OUT
    2017-04-19 20:34:14.599  INFO 20958 --- [    Test worker] o.s.t.c.transaction.TransactionContext   : Began transaction (1) for test context [DefaultTestContext@2dbdb7bb testClass = CredentialRepositoryTest, testInstance = es.unizar.smartcampuz.infrastructure.auth.CredentialRepositoryTest@289a0c01, testMethod = update@CredentialRepositoryTest, testException = [null], mergedContextConfiguration = [WebMergedContextConfiguration@40add671 testClass = CredentialRepositoryTest, locations = '{}', classes = '{class es.unizar.smartcampuz.AppApplication}', contextInitializerClasses = '[]', activeProfiles = '{}', propertySourceLocations = '{}', propertySourceProperties = '{org.springframework.boot.test.context.SpringBootTestContextBootstrapper=true}', contextCustomizers = set[org.springframework.boot.test.context.SpringBootTestContextCustomizer@2e1fd0f0, org.springframework.boot.test.context.filter.ExcludeFilterContextCustomizer@6e9e4038, org.springframework.boot.test.mock.mockito.MockitoContextCustomizer@0, org.springframework.boot.test.autoconfigure.properties.PropertyMappingContextCustomizer@0, org.springframework.boot.test.autoconfigure.web.servlet.WebDriverContextCustomizerFactory$Customizer@7cfde965], resourceBasePath = 'src/main/webapp', contextLoader = 'org.springframework.boot.test.context.SpringBootContextLoader', parent = [null]]]; transaction manager [org.springframework.orm.jpa.JpaTransactionManager@4ecaec99]; rollback [true]
    2017-04-19 20:34:14.608  INFO 20958 --- [    Test worker] o.s.t.c.transaction.TransactionContext   : Rolled back transaction for test context [DefaultTestContext@2dbdb7bb testClass = CredentialRepositoryTest, testInstance = es.unizar.smartcampuz.infrastructure.auth.CredentialRepositoryTest@289a0c01, testMethod = update@CredentialRepositoryTest, testException = [null], mergedContextConfiguration = [WebMergedContextConfiguration@40add671 testClass = CredentialRepositoryTest, locations = '{}', classes = '{class es.unizar.smartcampuz.AppApplication}', contextInitializerClasses = '[]', activeProfiles = '{}', propertySourceLocations = '{}', propertySourceProperties = '{org.springframework.boot.test.context.SpringBootTestContextBootstrapper=true}', contextCustomizers = set[org.springframework.boot.test.context.SpringBootTestContextCustomizer@2e1fd0f0, org.springframework.boot.test.context.filter.ExcludeFilterContextCustomizer@6e9e4038, org.springframework.boot.test.mock.mockito.MockitoContextCustomizer@0, org.springframework.boot.test.autoconfigure.properties.PropertyMappingContextCustomizer@0, org.springframework.boot.test.autoconfigure.web.servlet.WebDriverContextCustomizerFactory$Customizer@7cfde965], resourceBasePath = 'src/main/webapp', contextLoader = 'org.springframework.boot.test.context.SpringBootContextLoader', parent = [null]]].

es.unizar.smartcampuz.infrastructure.auth.CredentialRepositoryTest > save STANDARD_OUT
    2017-04-19 20:34:14.611  INFO 20958 --- [    Test worker] o.s.t.c.transaction.TransactionContext   : Began transaction (1) for test context [DefaultTestContext@2dbdb7bb testClass = CredentialRepositoryTest, testInstance = es.unizar.smartcampuz.infrastructure.auth.CredentialRepositoryTest@723708cd, testMethod = save@CredentialRepositoryTest, testException = [null], mergedContextConfiguration = [WebMergedContextConfiguration@40add671 testClass = CredentialRepositoryTest, locations = '{}', classes = '{class es.unizar.smartcampuz.AppApplication}', contextInitializerClasses = '[]', activeProfiles = '{}', propertySourceLocations = '{}', propertySourceProperties = '{org.springframework.boot.test.context.SpringBootTestContextBootstrapper=true}', contextCustomizers = set[org.springframework.boot.test.context.SpringBootTestContextCustomizer@2e1fd0f0, org.springframework.boot.test.context.filter.ExcludeFilterContextCustomizer@6e9e4038, org.springframework.boot.test.mock.mockito.MockitoContextCustomizer@0, org.springframework.boot.test.autoconfigure.properties.PropertyMappingContextCustomizer@0, org.springframework.boot.test.autoconfigure.web.servlet.WebDriverContextCustomizerFactory$Customizer@7cfde965], resourceBasePath = 'src/main/webapp', contextLoader = 'org.springframework.boot.test.context.SpringBootContextLoader', parent = [null]]]; transaction manager [org.springframework.orm.jpa.JpaTransactionManager@4ecaec99]; rollback [true]
    2017-04-19 20:34:14.623  INFO 20958 --- [    Test worker] o.s.t.c.transaction.TransactionContext   : Rolled back transaction for test context [DefaultTestContext@2dbdb7bb testClass = CredentialRepositoryTest, testInstance = es.unizar.smartcampuz.infrastructure.auth.CredentialRepositoryTest@723708cd, testMethod = save@CredentialRepositoryTest, testException = [null], mergedContextConfiguration = [WebMergedContextConfiguration@40add671 testClass = CredentialRepositoryTest, locations = '{}', classes = '{class es.unizar.smartcampuz.AppApplication}', contextInitializerClasses = '[]', activeProfiles = '{}', propertySourceLocations = '{}', propertySourceProperties = '{org.springframework.boot.test.context.SpringBootTestContextBootstrapper=true}', contextCustomizers = set[org.springframework.boot.test.context.SpringBootTestContextCustomizer@2e1fd0f0, org.springframework.boot.test.context.filter.ExcludeFilterContextCustomizer@6e9e4038, org.springframework.boot.test.mock.mockito.MockitoContextCustomizer@0, org.springframework.boot.test.autoconfigure.properties.PropertyMappingContextCustomizer@0, org.springframework.boot.test.autoconfigure.web.servlet.WebDriverContextCustomizerFactory$Customizer@7cfde965], resourceBasePath = 'src/main/webapp', contextLoader = 'org.springframework.boot.test.context.SpringBootContextLoader', parent = [null]]].

es.unizar.smartcampuz.infrastructure.auth.CredentialRepositoryTest > findByEmail STANDARD_OUT
    2017-04-19 20:34:14.625  INFO 20958 --- [    Test worker] o.s.t.c.transaction.TransactionContext   : Began transaction (1) for test context [DefaultTestContext@2dbdb7bb testClass = CredentialRepositoryTest, testInstance = es.unizar.smartcampuz.infrastructure.auth.CredentialRepositoryTest@41fbffef, testMethod = findByEmail@CredentialRepositoryTest, testException = [null], mergedContextConfiguration = [WebMergedContextConfiguration@40add671 testClass = CredentialRepositoryTest, locations = '{}', classes = '{class es.unizar.smartcampuz.AppApplication}', contextInitializerClasses = '[]', activeProfiles = '{}', propertySourceLocations = '{}', propertySourceProperties = '{org.springframework.boot.test.context.SpringBootTestContextBootstrapper=true}', contextCustomizers = set[org.springframework.boot.test.context.SpringBootTestContextCustomizer@2e1fd0f0, org.springframework.boot.test.context.filter.ExcludeFilterContextCustomizer@6e9e4038, org.springframework.boot.test.mock.mockito.MockitoContextCustomizer@0, org.springframework.boot.test.autoconfigure.properties.PropertyMappingContextCustomizer@0, org.springframework.boot.test.autoconfigure.web.servlet.WebDriverContextCustomizerFactory$Customizer@7cfde965], resourceBasePath = 'src/main/webapp', contextLoader = 'org.springframework.boot.test.context.SpringBootContextLoader', parent = [null]]]; transaction manager [org.springframework.orm.jpa.JpaTransactionManager@4ecaec99]; rollback [true]
    2017-04-19 20:34:14.634  INFO 20958 --- [    Test worker] o.s.t.c.transaction.TransactionContext   : Rolled back transaction for test context [DefaultTestContext@2dbdb7bb testClass = CredentialRepositoryTest, testInstance = es.unizar.smartcampuz.infrastructure.auth.CredentialRepositoryTest@41fbffef, testMethod = findByEmail@CredentialRepositoryTest, testException = [null], mergedContextConfiguration = [WebMergedContextConfiguration@40add671 testClass = CredentialRepositoryTest, locations = '{}', classes = '{class es.unizar.smartcampuz.AppApplication}', contextInitializerClasses = '[]', activeProfiles = '{}', propertySourceLocations = '{}', propertySourceProperties = '{org.springframework.boot.test.context.SpringBootTestContextBootstrapper=true}', contextCustomizers = set[org.springframework.boot.test.context.SpringBootTestContextCustomizer@2e1fd0f0, org.springframework.boot.test.context.filter.ExcludeFilterContextCustomizer@6e9e4038, org.springframework.boot.test.mock.mockito.MockitoContextCustomizer@0, org.springframework.boot.test.autoconfigure.properties.PropertyMappingContextCustomizer@0, org.springframework.boot.test.autoconfigure.web.servlet.WebDriverContextCustomizerFactory$Customizer@7cfde965], resourceBasePath = 'src/main/webapp', contextLoader = 'org.springframework.boot.test.context.SpringBootContextLoader', parent = [null]]].
Gradle Test Executor 1 finished executing tests.
2017-04-19 20:34:14.660  INFO 20958 --- [       Thread-8] o.s.w.c.s.GenericWebApplicationContext   : Closing org.springframework.web.context.support.GenericWebApplicationContext@63a996c1: startup date [Wed Apr 19 20:34:04 CEST 2017]; root of context hierarchy
2017-04-19 20:34:14.661  INFO 20958 --- [      Thread-11] o.s.w.c.s.GenericWebApplicationContext   : Closing org.springframework.web.context.support.GenericWebApplicationContext@50deae70: startup date [Wed Apr 19 20:34:12 CEST 2017]; root of context hierarchy
2017-04-19 20:34:14.810  INFO 20958 --- [       Thread-8] j.LocalContainerEntityManagerFactoryBean : Closing JPA EntityManagerFactory for persistence unit 'default'
2017-04-19 20:34:14.811  INFO 20958 --- [       Thread-8] org.hibernate.tool.hbm2ddl.SchemaExport  : HHH000227: Running hbm2ddl schema export
2017-04-19 20:34:14.813  INFO 20958 --- [      Thread-11] j.LocalContainerEntityManagerFactoryBean : Closing JPA EntityManagerFactory for persistence unit 'default'
2017-04-19 20:34:14.813  INFO 20958 --- [       Thread-8] org.hibernate.tool.hbm2ddl.SchemaExport  : HHH000230: Schema export complete
2017-04-19 20:34:14.814  INFO 20958 --- [      Thread-11] org.hibernate.tool.hbm2ddl.SchemaExport  : HHH000227: Running hbm2ddl schema export
2017-04-19 20:34:14.816 ERROR 20958 --- [      Thread-11] org.hibernate.tool.hbm2ddl.SchemaExport  : HHH000389: Unsuccessful: alter table report drop constraint FK8x8029yefipdkprbgumig8k2b
2017-04-19 20:34:14.816 ERROR 20958 --- [      Thread-11] org.hibernate.tool.hbm2ddl.SchemaExport  : usuario no tiene privilegios suficientes o objeto no encontrado: PUBLIC.REPORT
2017-04-19 20:34:14.821  INFO 20958 --- [      Thread-11] org.hibernate.tool.hbm2ddl.SchemaExport  : HHH000230: Schema export complete
2017-04-19 20:34:14.823  WARN 20958 --- [      Thread-11] o.s.b.f.support.DisposableBeanAdapter    : Invocation of destroy method failed on bean with name 'inMemoryDatabaseShutdownExecutor': java.sql.SQLNonTransientConnectionException: excepcin de conexin: cerrada

40 tests completed, 1 failed, 3 skipped
Finished generating test XML results (0.007 secs) into: /home/inigo/Documentos/LIS/smartCampUZ/build/test-results/test
Generating HTML test report...
Finished generating test html results (0.009 secs) into: /home/inigo/Documentos/LIS/smartCampUZ/build/reports/tests/test
:test FAILED
:test (Thread[Daemon worker Thread 12,5,main]) completed. Took 12.435 secs.

FAILURE: Build failed with an exception.

* What went wrong:
Execution failed for task ':test'.
> There were failing tests. See the report at: file:///home/inigo/Documentos/LIS/smartCampUZ/build/reports/tests/test/index.html

* Try:
Run with --stacktrace option to get the stack trace. Run with --debug option to get more log output.

BUILD FAILED

Total time: 13.541 secs
Stopped 0 compiler daemon(s).
Received result Failure[value=org.gradle.initialization.ReportedException: org.gradle.internal.exceptions.LocationAwareException: Execution failed for task ':test'.] from daemon DaemonInfo{pid=17332, address=[ee63ccf4-df5a-4fa6-8859-345b277f9360 port:33978, addresses:[/0:0:0:0:0:0:0:1, /127.0.0.1]], state=Idle, lastBusy=1492626313308, context=DefaultDaemonContext[uid=a5f5400a-b68a-4be2-9175-21c71e846363,javaHome=/usr/lib/jvm/java-8-oracle,daemonRegistryDir=/home/inigo/.gradle/daemon,pid=17332,idleTimeout=10800000,daemonOpts=-XX:MaxPermSize=256m,-XX:+HeapDumpOnOutOfMemoryError,-Xmx1024m,-Dfile.encoding=UTF-8,-Duser.country=ES,-Duser.language=es,-Duser.variant]} (build should be done).
